#
# A fatal error has been detected by the Java Runtime Environment:
#
#  SIGSEGV (0xb) at pc=0x00007f9e44c9d425, pid=2652, tid=2683
#
# JRE version: Java(TM) SE Runtime Environment (11.0.2+9) (build 11.0.2+9-LTS)
# Java VM: Java HotSpot(TM) 64-Bit Server VM (11.0.2+9-LTS, mixed mode, tiered, compressed oops, g1 gc, linux-amd64)
# Problematic frame:
# v  ~BufferBlob::jni_fast_GetLongField
#
# Core dump will be written. Default location: Core dumps may be processed with "/usr/share/apport/apport %p %s %c %d %P" (or dumping to /home/ale/eclipse-workspace/PCAD.PROJECT.SERVER/core.2652)
#
# If you would like to submit a bug report, please visit:
#   http://bugreport.java.com/bugreport/crash.jsp
# The crash happened outside the Java Virtual Machine in native code.
# See problematic frame for where to report the bug.
#

---------------  S U M M A R Y ------------

Command Line: --module-path=/usr/lib/jvm/java-11-oracle/lib/jdk-8u212-linux-x64/javafx-sdk-12.0.1/lib --add-modules=javafx.controls,javafx.fxml -Dfile.encoding=UTF-8 server.ServerGUI

Host: Intel(R) Core(TM) i5-8250U CPU @ 1.60GHz, 8 cores, 7G, Ubuntu 18.04.1 LTS
Time: Tue Jul  2 19:09:54 2019 CEST elapsed time: 2147 seconds (0d 0h 35m 47s)

---------------  T H R E A D  ---------------

Current thread (0x00007f9e5c428800):  JavaThread "AWT-XAWT" daemon [_thread_in_native, id=2683, stack(0x00007f9e34604000,0x00007f9e34705000)]

Stack: [0x00007f9e34604000,0x00007f9e34705000],  sp=0x00007f9e34703768,  free space=1021k
Native frames: (J=compiled Java code, A=aot compiled Java code, j=interpreted, Vv=VM code, C=native code)
v  ~BufferBlob::jni_fast_GetLongField

Java frames: (J=compiled Java code, j=interpreted, Vv=VM code)
j  sun.awt.X11.XlibWrapper.XFilterEvent(JJ)Z+0 java.desktop@11.0.2
j  sun.awt.X11.XToolkit.run(Z)V+287 java.desktop@11.0.2
j  sun.awt.X11.XToolkit.run()V+5 java.desktop@11.0.2
j  java.lang.Thread.run()V+11 java.base@11.0.2
v  ~StubRoutines::call_stub

siginfo: si_signo: 11 (SIGSEGV), si_code: 1 (SEGV_MAPERR), si_addr: 0x0000000000000000

Register to memory mapping:

RAX=0x00007f9e64694000: <offset 0x0000000001405000> in /usr/lib/jvm/java-11-oracle/lib/server/libjvm.so at 0x00007f9e6328f000
RBX=0x00007f9e5c428b40 points into unknown readable memory: 00 40 69 64 9e 7f 00 00
RCX=0x0000000000000001 is an unknown value
RDX=0x0000000000000042 is an unknown value
RSP=0x00007f9e34703768 is pointing into the stack for thread: 0x00007f9e5c428800
RBP=0x00007f9e34703790 is pointing into the stack for thread: 0x00007f9e5c428800
RSI=0x0 is NULL
RDI=0x00007f9e5c428b40 points into unknown readable memory: 00 40 69 64 9e 7f 00 00
R8 =0x00007f9dfb8af9b0: <offset 0x000000000005c9b0> in /usr/lib/x86_64-linux-gnu/libX11.so.6 at 0x00007f9dfb853000
R9 =0x0 is NULL
R10=0x0000000000000198 is an unknown value
R11=0x0000000000000010 is an unknown value
R12=0x0 is NULL
R13=0x0 is NULL
R14=0x00007f9e34703880 is pointing into the stack for thread: 0x00007f9e5c428800
R15=0x00007f9e5c428800 is a thread


Registers:
RAX=0x00007f9e64694000, RBX=0x00007f9e5c428b40, RCX=0x0000000000000001, RDX=0x0000000000000042
RSP=0x00007f9e34703768, RBP=0x00007f9e34703790, RSI=0x0000000000000000, RDI=0x00007f9e5c428b40
R8 =0x00007f9dfb8af9b0, R9 =0x0000000000000000, R10=0x0000000000000198, R11=0x0000000000000010
R12=0x0000000000000000, R13=0x0000000000000000, R14=0x00007f9e34703880, R15=0x00007f9e5c428800
RIP=0x00007f9e44c9d425, EFLAGS=0x0000000000010246, CSGSFS=0x002b000000000033, ERR=0x0000000000000004
  TRAPNO=0x000000000000000e

Top of Stack: (sp=0x00007f9e34703768)
0x00007f9e34703768:   00007f9dfbdd34a3 0000000000000000
0x00007f9e34703778:   00007f9dfa7f1260 0000000000000000
0x00007f9e34703788:   00007f9dfa7f1260 00007f9de01580e0
0x00007f9e34703798:   00007f9dfb8b7b1d 00007f9dfa7f1260 

Instructions: (pc=0x00007f9e44c9d425)
0x00007f9e44c9d405:   a5 1f 4c 8b ce 41 f6 c2 01 0f 85 32 00 00 00 4d
0x00007f9e44c9d415:   33 ca 4d 33 ca 4c 8b da 49 c1 eb 02 49 83 e1 fe
0x00007f9e44c9d425:   4d 8b 09 4b 8b 04 19 49 bb 8c 57 6f 64 9e 7f 00
0x00007f9e44c9d435:   00 4c 33 d8 4c 33 d8 45 3b 13 0f 85 01 00 00 00 

Stack slot to memory mapping:
stack at sp + 0 slots: 0x00007f9dfbdd34a3: <offset 0x00000000000364a3> in /usr/lib/jvm/java-11-oracle/lib/libawt_xawt.so at 0x00007f9dfbd9d000
stack at sp + 1 slots: 0x0 is NULL
stack at sp + 2 slots: {method} {0x00007f9dfa7f1260} 'XFilterEvent' '(JJ)Z' in 'sun/awt/X11/XlibWrapper'
stack at sp + 3 slots: 0x0 is NULL
stack at sp + 4 slots: {method} {0x00007f9dfa7f1260} 'XFilterEvent' '(JJ)Z' in 'sun/awt/X11/XlibWrapper'
stack at sp + 5 slots: 0x00007f9de01580e0 points into unknown readable memory: 80 85 b8 fb 9d 7f 00 00
stack at sp + 6 slots: 0x00007f9dfb8b7b1d: _XimServerDestroy+0x000000000000003d in /usr/lib/x86_64-linux-gnu/libX11.so.6 at 0x00007f9dfb853000
stack at sp + 7 slots: {method} {0x00007f9dfa7f1260} 'XFilterEvent' '(JJ)Z' in 'sun/awt/X11/XlibWrapper'



---------------  P R O C E S S  ---------------

Threads class SMR info:
_java_thread_list=0x00007f9da0000b70, length=23, elements={
0x00007f9e5c160000, 0x00007f9e5c164000, 0x00007f9e5c176800, 0x00007f9e5c179000,
0x00007f9e5c17b000, 0x00007f9e5c17d000, 0x00007f9e5c23f800, 0x00007f9e5c2f5000,
0x00007f9e5c425000, 0x00007f9e5c428800, 0x00007f9e5c42b800, 0x00007f9e5c42d800,
0x00007f9e5c012000, 0x00007f9de0154000, 0x00007f9de015b800, 0x00007f9de015d000,
0x00007f9de0172000, 0x00007f9de0283800, 0x00007f9dd8001800, 0x00007f9e14001000,
0x00007f9e14002800, 0x00007f9d9c003800, 0x00007f9e14004000
}

Java Threads: ( => current thread )
  0x00007f9e5c160000 JavaThread "Reference Handler" daemon [_thread_blocked, id=2668, stack(0x00007f9e442b5000,0x00007f9e443b6000)]
  0x00007f9e5c164000 JavaThread "Finalizer" daemon [_thread_blocked, id=2669, stack(0x00007f9e441b4000,0x00007f9e442b5000)]
  0x00007f9e5c176800 JavaThread "Signal Dispatcher" daemon [_thread_blocked, id=2670, stack(0x00007f9e440b3000,0x00007f9e441b4000)]
  0x00007f9e5c179000 JavaThread "C2 CompilerThread0" daemon [_thread_blocked, id=2671, stack(0x00007f9e3c16f000,0x00007f9e3c270000)]
  0x00007f9e5c17b000 JavaThread "C1 CompilerThread0" daemon [_thread_blocked, id=2672, stack(0x00007f9e3c06e000,0x00007f9e3c16f000)]
  0x00007f9e5c17d000 JavaThread "Sweeper thread" daemon [_thread_blocked, id=2673, stack(0x00007f9e34d30000,0x00007f9e34e31000)]
  0x00007f9e5c23f800 JavaThread "Common-Cleaner" daemon [_thread_blocked, id=2674, stack(0x00007f9e34806000,0x00007f9e34907000)]
  0x00007f9e5c2f5000 JavaThread "Service Thread" daemon [_thread_blocked, id=2677, stack(0x00007f9e34503000,0x00007f9e34604000)]
  0x00007f9e5c425000 JavaThread "Java2D Disposer" daemon [_thread_blocked, id=2682, stack(0x00007f9e34705000,0x00007f9e34806000)]
=>0x00007f9e5c428800 JavaThread "AWT-XAWT" daemon [_thread_in_native, id=2683, stack(0x00007f9e34604000,0x00007f9e34705000)]
  0x00007f9e5c42b800 JavaThread "AWT-Shutdown" [_thread_blocked, id=2684, stack(0x00007f9e3402f000,0x00007f9e34130000)]
  0x00007f9e5c42d800 JavaThread "AWT-EventQueue-0" [_thread_blocked, id=2685, stack(0x00007f9df80bb000,0x00007f9df81bc000)]
  0x00007f9e5c012000 JavaThread "DestroyJavaVM" [_thread_blocked, id=2660, stack(0x00007f9e65464000,0x00007f9e65565000)]
  0x00007f9de0154000 JavaThread "RMI TCP Accept-0" daemon [_thread_in_native, id=2687, stack(0x00007f9df19e8000,0x00007f9df1ae9000)]
  0x00007f9de015b800 JavaThread "RMI Reaper" [_thread_blocked, id=2688, stack(0x00007f9df18e7000,0x00007f9df19e8000)]
  0x00007f9de015d000 JavaThread "RMI GC Daemon" daemon [_thread_blocked, id=2689, stack(0x00007f9df15e4000,0x00007f9df16e5000)]
  0x00007f9de0172000 JavaThread "RMI Scheduler(0)" daemon [_thread_blocked, id=2691, stack(0x00007f9df14e3000,0x00007f9df15e4000)]
  0x00007f9de0283800 JavaThread "TimerQueue" daemon [_thread_blocked, id=2695, stack(0x00007f9df12e1000,0x00007f9df13e2000)]
  0x00007f9dd8001800 JavaThread "RMI TCP Connection(idle)" daemon [_thread_blocked, id=4001, stack(0x00007f9df13e2000,0x00007f9df14e3000)]
  0x00007f9e14001000 JavaThread "SIGTERM handler" daemon [_thread_blocked, id=4089, stack(0x00007f9df20ec000,0x00007f9df21ed000)]
  0x00007f9e14002800 JavaThread "SIGTERM handler" daemon [_thread_blocked, id=4090, stack(0x00007f9df0fe0000,0x00007f9df10e1000)]
  0x00007f9d9c003800 JavaThread "XToolkt-Shutdown-Thread" [_thread_blocked, id=4098, stack(0x00007f9df0636000,0x00007f9df0737000)]
  0x00007f9e14004000 JavaThread "SIGTERM handler" daemon [_thread_blocked, id=4106, stack(0x00007f9df0535000,0x00007f9df0636000)]

Other Threads:
  0x00007f9e5c158000 VMThread "VM Thread" [stack: 0x00007f9e443b8000,0x00007f9e444b8000] [id=2667]
  0x00007f9e5c2fa000 WatcherThread [stack: 0x00007f9e34403000,0x00007f9e34503000] [id=2678]
  0x00007f9e5c03a800 GCTaskThread "GC Thread#0" [stack: 0x00007f9e61971000,0x00007f9e61a71000] [id=2662]
  0x00007f9e28069000 GCTaskThread "GC Thread#1" [stack: 0x00007f9df0d45000,0x00007f9df0e45000] [id=2696]
  0x00007f9e2806a800 GCTaskThread "GC Thread#2" [stack: 0x00007f9df0c43000,0x00007f9df0d43000] [id=2697]
  0x00007f9e2806c800 GCTaskThread "GC Thread#3" [stack: 0x00007f9df0b41000,0x00007f9df0c41000] [id=2698]
  0x00007f9e2806e000 GCTaskThread "GC Thread#4" [stack: 0x00007f9df0a3f000,0x00007f9df0b3f000] [id=2699]
  0x00007f9e28070000 GCTaskThread "GC Thread#5" [stack: 0x00007f9df093d000,0x00007f9df0a3d000] [id=2700]
  0x00007f9e28071800 GCTaskThread "GC Thread#6" [stack: 0x00007f9df083b000,0x00007f9df093b000] [id=2701]
  0x00007f9e28073800 GCTaskThread "GC Thread#7" [stack: 0x00007f9df0739000,0x00007f9df0839000] [id=2702]
  0x00007f9e5c06b800 ConcurrentGCThread "G1 Main Marker" [stack: 0x00007f9e604dc000,0x00007f9e605dc000] [id=2663]
  0x00007f9e5c06d800 ConcurrentGCThread "G1 Conc#0" [stack: 0x00007f9e603da000,0x00007f9e604da000] [id=2664]
  0x00007f9e5c0f6000 ConcurrentGCThread "G1 Refine#0" [stack: 0x00007f9e4463d000,0x00007f9e4473d000] [id=2665]
  0x00007f9e5c0f7800 ConcurrentGCThread "G1 Young RemSet Sampling" [stack: 0x00007f9e4453b000,0x00007f9e4463b000] [id=2666]

Threads with active compile tasks:

VM state:not at safepoint (normal execution)

VM Mutex/Monitor currently owned by a thread: None

Heap address: 0x0000000084e00000, size: 1970 MB, Compressed Oops mode: 32-bit
Narrow klass base: 0x0000000000000000, Narrow klass shift: 3
Compressed class space size: 1073741824 Address: 0x0000000100000000

Heap:
 garbage-first heap   total 126976K, used 10439K [0x0000000084e00000, 0x0000000100000000)
  region size 1024K, 9 young (9216K), 3 survivors (3072K)
 Metaspace       used 20031K, capacity 20676K, committed 20864K, reserved 1067008K
  class space    used 2152K, capacity 2422K, committed 2432K, reserved 1048576K
Heap Regions: E=young(eden), S=young(survivor), O=old, HS=humongous(starts), HC=humongous(continues), CS=collection set, F=free, A=archive, TAMS=top-at-mark-start (previous, next)
|   0|0x0000000084e00000, 0x0000000084f00000, 0x0000000084f00000|100%|HS|  |TAMS 0x0000000084e00000, 0x0000000084e00000| Complete 
|   1|0x0000000084f00000, 0x0000000085000000, 0x0000000085000000|100%| O|  |TAMS 0x0000000084f00000, 0x0000000084f00000| Untracked 
|   2|0x0000000085000000, 0x0000000085031c00, 0x0000000085100000| 19%| O|  |TAMS 0x0000000085000000, 0x0000000085000000| Untracked 
|   3|0x0000000085100000, 0x0000000085100000, 0x0000000085200000|  0%| F|  |TAMS 0x0000000085100000, 0x0000000085100000| Untracked 
|   4|0x0000000085200000, 0x0000000085200000, 0x0000000085300000|  0%| F|  |TAMS 0x0000000085200000, 0x0000000085200000| Untracked 
|   5|0x0000000085300000, 0x0000000085300000, 0x0000000085400000|  0%| F|  |TAMS 0x0000000085300000, 0x0000000085300000| Untracked 
|   6|0x0000000085400000, 0x0000000085400000, 0x0000000085500000|  0%| F|  |TAMS 0x0000000085400000, 0x0000000085400000| Untracked 
|   7|0x0000000085500000, 0x0000000085500000, 0x0000000085600000|  0%| F|  |TAMS 0x0000000085500000, 0x0000000085500000| Untracked 
|   8|0x0000000085600000, 0x0000000085600000, 0x0000000085700000|  0%| F|  |TAMS 0x0000000085600000, 0x0000000085600000| Untracked 
|   9|0x0000000085700000, 0x0000000085700000, 0x0000000085800000|  0%| F|  |TAMS 0x0000000085700000, 0x0000000085700000| Untracked 
|  10|0x0000000085800000, 0x0000000085800000, 0x0000000085900000|  0%| F|  |TAMS 0x0000000085800000, 0x0000000085800000| Untracked 
|  11|0x0000000085900000, 0x0000000085900000, 0x0000000085a00000|  0%| F|  |TAMS 0x0000000085900000, 0x0000000085900000| Untracked 
|  12|0x0000000085a00000, 0x0000000085a00000, 0x0000000085b00000|  0%| F|  |TAMS 0x0000000085a00000, 0x0000000085a00000| Untracked 
|  13|0x0000000085b00000, 0x0000000085b00000, 0x0000000085c00000|  0%| F|  |TAMS 0x0000000085b00000, 0x0000000085b00000| Untracked 
|  14|0x0000000085c00000, 0x0000000085c00000, 0x0000000085d00000|  0%| F|  |TAMS 0x0000000085c00000, 0x0000000085c00000| Untracked 
|  15|0x0000000085d00000, 0x0000000085d00000, 0x0000000085e00000|  0%| F|  |TAMS 0x0000000085d00000, 0x0000000085d00000| Untracked 
|  16|0x0000000085e00000, 0x0000000085e00000, 0x0000000085f00000|  0%| F|  |TAMS 0x0000000085e00000, 0x0000000085e00000| Untracked 
|  17|0x0000000085f00000, 0x0000000085f00000, 0x0000000086000000|  0%| F|  |TAMS 0x0000000085f00000, 0x0000000085f00000| Untracked 
|  18|0x0000000086000000, 0x0000000086000000, 0x0000000086100000|  0%| F|  |TAMS 0x0000000086000000, 0x0000000086000000| Untracked 
|  19|0x0000000086100000, 0x0000000086100000, 0x0000000086200000|  0%| F|  |TAMS 0x0000000086100000, 0x0000000086100000| Untracked 
|  20|0x0000000086200000, 0x0000000086200000, 0x0000000086300000|  0%| F|  |TAMS 0x0000000086200000, 0x0000000086200000| Untracked 
|  21|0x0000000086300000, 0x0000000086300000, 0x0000000086400000|  0%| F|  |TAMS 0x0000000086300000, 0x0000000086300000| Untracked 
|  22|0x0000000086400000, 0x0000000086400000, 0x0000000086500000|  0%| F|  |TAMS 0x0000000086400000, 0x0000000086400000| Untracked 
|  23|0x0000000086500000, 0x0000000086500000, 0x0000000086600000|  0%| F|  |TAMS 0x0000000086500000, 0x0000000086500000| Untracked 
|  24|0x0000000086600000, 0x0000000086600000, 0x0000000086700000|  0%| F|  |TAMS 0x0000000086600000, 0x0000000086600000| Untracked 
|  25|0x0000000086700000, 0x0000000086700000, 0x0000000086800000|  0%| F|  |TAMS 0x0000000086700000, 0x0000000086700000| Untracked 
|  26|0x0000000086800000, 0x0000000086800000, 0x0000000086900000|  0%| F|  |TAMS 0x0000000086800000, 0x0000000086800000| Untracked 
|  27|0x0000000086900000, 0x0000000086900000, 0x0000000086a00000|  0%| F|  |TAMS 0x0000000086900000, 0x0000000086900000| Untracked 
|  28|0x0000000086a00000, 0x0000000086a00000, 0x0000000086b00000|  0%| F|  |TAMS 0x0000000086a00000, 0x0000000086a00000| Untracked 
|  29|0x0000000086b00000, 0x0000000086b00000, 0x0000000086c00000|  0%| F|  |TAMS 0x0000000086b00000, 0x0000000086b00000| Untracked 
|  30|0x0000000086c00000, 0x0000000086c00000, 0x0000000086d00000|  0%| F|  |TAMS 0x0000000086c00000, 0x0000000086c00000| Untracked 
|  31|0x0000000086d00000, 0x0000000086d00000, 0x0000000086e00000|  0%| F|  |TAMS 0x0000000086d00000, 0x0000000086d00000| Untracked 
|  32|0x0000000086e00000, 0x0000000086e00000, 0x0000000086f00000|  0%| F|  |TAMS 0x0000000086e00000, 0x0000000086e00000| Untracked 
|  33|0x0000000086f00000, 0x0000000086f00000, 0x0000000087000000|  0%| F|  |TAMS 0x0000000086f00000, 0x0000000086f00000| Untracked 
|  34|0x0000000087000000, 0x0000000087000000, 0x0000000087100000|  0%| F|  |TAMS 0x0000000087000000, 0x0000000087000000| Untracked 
|  35|0x0000000087100000, 0x0000000087100000, 0x0000000087200000|  0%| F|  |TAMS 0x0000000087100000, 0x0000000087100000| Untracked 
|  36|0x0000000087200000, 0x0000000087200000, 0x0000000087300000|  0%| F|  |TAMS 0x0000000087200000, 0x0000000087200000| Untracked 
|  37|0x0000000087300000, 0x0000000087300000, 0x0000000087400000|  0%| F|  |TAMS 0x0000000087300000, 0x0000000087300000| Untracked 
|  38|0x0000000087400000, 0x0000000087400000, 0x0000000087500000|  0%| F|  |TAMS 0x0000000087400000, 0x0000000087400000| Untracked 
|  39|0x0000000087500000, 0x0000000087500000, 0x0000000087600000|  0%| F|  |TAMS 0x0000000087500000, 0x0000000087500000| Untracked 
|  40|0x0000000087600000, 0x0000000087600000, 0x0000000087700000|  0%| F|  |TAMS 0x0000000087600000, 0x0000000087600000| Untracked 
|  41|0x0000000087700000, 0x0000000087700000, 0x0000000087800000|  0%| F|  |TAMS 0x0000000087700000, 0x0000000087700000| Untracked 
|  42|0x0000000087800000, 0x0000000087800000, 0x0000000087900000|  0%| F|  |TAMS 0x0000000087800000, 0x0000000087800000| Untracked 
|  43|0x0000000087900000, 0x0000000087900000, 0x0000000087a00000|  0%| F|  |TAMS 0x0000000087900000, 0x0000000087900000| Untracked 
|  44|0x0000000087a00000, 0x0000000087a00000, 0x0000000087b00000|  0%| F|  |TAMS 0x0000000087a00000, 0x0000000087a00000| Untracked 
|  45|0x0000000087b00000, 0x0000000087b00000, 0x0000000087c00000|  0%| F|  |TAMS 0x0000000087b00000, 0x0000000087b00000| Untracked 
|  46|0x0000000087c00000, 0x0000000087c00000, 0x0000000087d00000|  0%| F|  |TAMS 0x0000000087c00000, 0x0000000087c00000| Untracked 
|  47|0x0000000087d00000, 0x0000000087d00000, 0x0000000087e00000|  0%| F|  |TAMS 0x0000000087d00000, 0x0000000087d00000| Untracked 
|  48|0x0000000087e00000, 0x0000000087e00000, 0x0000000087f00000|  0%| F|  |TAMS 0x0000000087e00000, 0x0000000087e00000| Untracked 
|  49|0x0000000087f00000, 0x0000000087f00000, 0x0000000088000000|  0%| F|  |TAMS 0x0000000087f00000, 0x0000000087f00000| Untracked 
|  50|0x0000000088000000, 0x0000000088000000, 0x0000000088100000|  0%| F|  |TAMS 0x0000000088000000, 0x0000000088000000| Untracked 
|  51|0x0000000088100000, 0x0000000088100000, 0x0000000088200000|  0%| F|  |TAMS 0x0000000088100000, 0x0000000088100000| Untracked 
|  52|0x0000000088200000, 0x0000000088200000, 0x0000000088300000|  0%| F|  |TAMS 0x0000000088200000, 0x0000000088200000| Untracked 
|  53|0x0000000088300000, 0x0000000088300000, 0x0000000088400000|  0%| F|  |TAMS 0x0000000088300000, 0x0000000088300000| Untracked 
|  54|0x0000000088400000, 0x0000000088400000, 0x0000000088500000|  0%| F|  |TAMS 0x0000000088400000, 0x0000000088400000| Untracked 
|  55|0x0000000088500000, 0x0000000088500000, 0x0000000088600000|  0%| F|  |TAMS 0x0000000088500000, 0x0000000088500000| Untracked 
|  56|0x0000000088600000, 0x0000000088600000, 0x0000000088700000|  0%| F|  |TAMS 0x0000000088600000, 0x0000000088600000| Untracked 
|  57|0x0000000088700000, 0x0000000088700000, 0x0000000088800000|  0%| F|  |TAMS 0x0000000088700000, 0x0000000088700000| Untracked 
|  58|0x0000000088800000, 0x0000000088800000, 0x0000000088900000|  0%| F|  |TAMS 0x0000000088800000, 0x0000000088800000| Untracked 
|  59|0x0000000088900000, 0x0000000088900000, 0x0000000088a00000|  0%| F|  |TAMS 0x0000000088900000, 0x0000000088900000| Untracked 
|  60|0x0000000088a00000, 0x0000000088a00000, 0x0000000088b00000|  0%| F|  |TAMS 0x0000000088a00000, 0x0000000088a00000| Untracked 
|  61|0x0000000088b00000, 0x0000000088b00000, 0x0000000088c00000|  0%| F|  |TAMS 0x0000000088b00000, 0x0000000088b00000| Untracked 
|  62|0x0000000088c00000, 0x0000000088c00000, 0x0000000088d00000|  0%| F|  |TAMS 0x0000000088c00000, 0x0000000088c00000| Untracked 
|  63|0x0000000088d00000, 0x0000000088d00000, 0x0000000088e00000|  0%| F|  |TAMS 0x0000000088d00000, 0x0000000088d00000| Untracked 
|  64|0x0000000088e00000, 0x0000000088e00000, 0x0000000088f00000|  0%| F|  |TAMS 0x0000000088e00000, 0x0000000088e00000| Untracked 
|  65|0x0000000088f00000, 0x0000000088f00000, 0x0000000089000000|  0%| F|  |TAMS 0x0000000088f00000, 0x0000000088f00000| Untracked 
|  66|0x0000000089000000, 0x0000000089000000, 0x0000000089100000|  0%| F|  |TAMS 0x0000000089000000, 0x0000000089000000| Untracked 
|  67|0x0000000089100000, 0x0000000089100000, 0x0000000089200000|  0%| F|  |TAMS 0x0000000089100000, 0x0000000089100000| Untracked 
|  68|0x0000000089200000, 0x0000000089200000, 0x0000000089300000|  0%| F|  |TAMS 0x0000000089200000, 0x0000000089200000| Untracked 
|  69|0x0000000089300000, 0x0000000089300000, 0x0000000089400000|  0%| F|  |TAMS 0x0000000089300000, 0x0000000089300000| Untracked 
|  70|0x0000000089400000, 0x0000000089400000, 0x0000000089500000|  0%| F|  |TAMS 0x0000000089400000, 0x0000000089400000| Untracked 
|  71|0x0000000089500000, 0x0000000089500000, 0x0000000089600000|  0%| F|  |TAMS 0x0000000089500000, 0x0000000089500000| Untracked 
|  72|0x0000000089600000, 0x0000000089600000, 0x0000000089700000|  0%| F|  |TAMS 0x0000000089600000, 0x0000000089600000| Untracked 
|  73|0x0000000089700000, 0x0000000089700000, 0x0000000089800000|  0%| F|  |TAMS 0x0000000089700000, 0x0000000089700000| Untracked 
|  74|0x0000000089800000, 0x0000000089800000, 0x0000000089900000|  0%| F|  |TAMS 0x0000000089800000, 0x0000000089800000| Untracked 
|  75|0x0000000089900000, 0x0000000089900000, 0x0000000089a00000|  0%| F|  |TAMS 0x0000000089900000, 0x0000000089900000| Untracked 
|  76|0x0000000089a00000, 0x0000000089a00000, 0x0000000089b00000|  0%| F|  |TAMS 0x0000000089a00000, 0x0000000089a00000| Untracked 
|  77|0x0000000089b00000, 0x0000000089b00000, 0x0000000089c00000|  0%| F|  |TAMS 0x0000000089b00000, 0x0000000089b00000| Untracked 
|  78|0x0000000089c00000, 0x0000000089c00000, 0x0000000089d00000|  0%| F|  |TAMS 0x0000000089c00000, 0x0000000089c00000| Untracked 
|  79|0x0000000089d00000, 0x0000000089d00000, 0x0000000089e00000|  0%| F|  |TAMS 0x0000000089d00000, 0x0000000089d00000| Untracked 
|  80|0x0000000089e00000, 0x0000000089e00000, 0x0000000089f00000|  0%| F|  |TAMS 0x0000000089e00000, 0x0000000089e00000| Untracked 
|  81|0x0000000089f00000, 0x0000000089f00000, 0x000000008a000000|  0%| F|  |TAMS 0x0000000089f00000, 0x0000000089f00000| Untracked 
|  82|0x000000008a000000, 0x000000008a000000, 0x000000008a100000|  0%| F|  |TAMS 0x000000008a000000, 0x000000008a000000| Untracked 
|  83|0x000000008a100000, 0x000000008a100000, 0x000000008a200000|  0%| F|  |TAMS 0x000000008a100000, 0x000000008a100000| Untracked 
|  84|0x000000008a200000, 0x000000008a200000, 0x000000008a300000|  0%| F|  |TAMS 0x000000008a200000, 0x000000008a200000| Untracked 
|  85|0x000000008a300000, 0x000000008a300000, 0x000000008a400000|  0%| F|  |TAMS 0x000000008a300000, 0x000000008a300000| Untracked 
|  86|0x000000008a400000, 0x000000008a400000, 0x000000008a500000|  0%| F|  |TAMS 0x000000008a400000, 0x000000008a400000| Untracked 
|  87|0x000000008a500000, 0x000000008a500000, 0x000000008a600000|  0%| F|  |TAMS 0x000000008a500000, 0x000000008a500000| Untracked 
|  88|0x000000008a600000, 0x000000008a600000, 0x000000008a700000|  0%| F|  |TAMS 0x000000008a600000, 0x000000008a600000| Untracked 
|  89|0x000000008a700000, 0x000000008a700000, 0x000000008a800000|  0%| F|  |TAMS 0x000000008a700000, 0x000000008a700000| Untracked 
|  90|0x000000008a800000, 0x000000008a800000, 0x000000008a900000|  0%| F|  |TAMS 0x000000008a800000, 0x000000008a800000| Untracked 
|  91|0x000000008a900000, 0x000000008a900000, 0x000000008aa00000|  0%| F|  |TAMS 0x000000008a900000, 0x000000008a900000| Untracked 
|  92|0x000000008aa00000, 0x000000008aa00000, 0x000000008ab00000|  0%| F|  |TAMS 0x000000008aa00000, 0x000000008aa00000| Untracked 
|  93|0x000000008ab00000, 0x000000008ab00000, 0x000000008ac00000|  0%| F|  |TAMS 0x000000008ab00000, 0x000000008ab00000| Untracked 
|  94|0x000000008ac00000, 0x000000008ac00000, 0x000000008ad00000|  0%| F|  |TAMS 0x000000008ac00000, 0x000000008ac00000| Untracked 
|  95|0x000000008ad00000, 0x000000008ad00000, 0x000000008ae00000|  0%| F|  |TAMS 0x000000008ad00000, 0x000000008ad00000| Untracked 
|  96|0x000000008ae00000, 0x000000008ae00000, 0x000000008af00000|  0%| F|  |TAMS 0x000000008ae00000, 0x000000008ae00000| Untracked 
|  97|0x000000008af00000, 0x000000008b000000, 0x000000008b000000|100%| S|CS|TAMS 0x000000008af00000, 0x000000008af00000| Complete 
|  98|0x000000008b000000, 0x000000008b100000, 0x000000008b100000|100%| S|CS|TAMS 0x000000008b000000, 0x000000008b000000| Complete 
|  99|0x000000008b100000, 0x000000008b200000, 0x000000008b200000|100%| S|CS|TAMS 0x000000008b100000, 0x000000008b100000| Complete 
| 100|0x000000008b200000, 0x000000008b200000, 0x000000008b300000|  0%| F|  |TAMS 0x000000008b200000, 0x000000008b200000| Untracked 
| 101|0x000000008b300000, 0x000000008b300000, 0x000000008b400000|  0%| F|  |TAMS 0x000000008b300000, 0x000000008b300000| Untracked 
| 102|0x000000008b400000, 0x000000008b400000, 0x000000008b500000|  0%| F|  |TAMS 0x000000008b400000, 0x000000008b400000| Untracked 
| 103|0x000000008b500000, 0x000000008b500000, 0x000000008b600000|  0%| F|  |TAMS 0x000000008b500000, 0x000000008b500000| Untracked 
| 104|0x000000008b600000, 0x000000008b600000, 0x000000008b700000|  0%| F|  |TAMS 0x000000008b600000, 0x000000008b600000| Untracked 
| 105|0x000000008b700000, 0x000000008b700000, 0x000000008b800000|  0%| F|  |TAMS 0x000000008b700000, 0x000000008b700000| Untracked 
| 106|0x000000008b800000, 0x000000008b800000, 0x000000008b900000|  0%| F|  |TAMS 0x000000008b800000, 0x000000008b800000| Untracked 
| 107|0x000000008b900000, 0x000000008b900000, 0x000000008ba00000|  0%| F|  |TAMS 0x000000008b900000, 0x000000008b900000| Untracked 
| 108|0x000000008ba00000, 0x000000008ba00000, 0x000000008bb00000|  0%| F|  |TAMS 0x000000008ba00000, 0x000000008ba00000| Untracked 
| 109|0x000000008bb00000, 0x000000008bb00000, 0x000000008bc00000|  0%| F|  |TAMS 0x000000008bb00000, 0x000000008bb00000| Untracked 
| 110|0x000000008bc00000, 0x000000008bc00000, 0x000000008bd00000|  0%| F|  |TAMS 0x000000008bc00000, 0x000000008bc00000| Untracked 
| 111|0x000000008bd00000, 0x000000008bd00000, 0x000000008be00000|  0%| F|  |TAMS 0x000000008bd00000, 0x000000008bd00000| Untracked 
| 112|0x000000008be00000, 0x000000008be00000, 0x000000008bf00000|  0%| F|  |TAMS 0x000000008be00000, 0x000000008be00000| Untracked 
| 113|0x000000008bf00000, 0x000000008bf00000, 0x000000008c000000|  0%| F|  |TAMS 0x000000008bf00000, 0x000000008bf00000| Untracked 
| 114|0x000000008c000000, 0x000000008c000000, 0x000000008c100000|  0%| F|  |TAMS 0x000000008c000000, 0x000000008c000000| Untracked 
| 115|0x000000008c100000, 0x000000008c100000, 0x000000008c200000|  0%| F|  |TAMS 0x000000008c100000, 0x000000008c100000| Untracked 
| 116|0x000000008c200000, 0x000000008c200000, 0x000000008c300000|  0%| F|  |TAMS 0x000000008c200000, 0x000000008c200000| Untracked 
| 117|0x000000008c300000, 0x000000008c300000, 0x000000008c400000|  0%| F|  |TAMS 0x000000008c300000, 0x000000008c300000| Untracked 
| 118|0x000000008c400000, 0x000000008c500000, 0x000000008c500000|100%| E|  |TAMS 0x000000008c400000, 0x000000008c400000| Complete 
| 119|0x000000008c500000, 0x000000008c600000, 0x000000008c600000|100%| E|CS|TAMS 0x000000008c500000, 0x000000008c500000| Complete 
| 120|0x000000008c600000, 0x000000008c700000, 0x000000008c700000|100%| E|CS|TAMS 0x000000008c600000, 0x000000008c600000| Complete 
| 121|0x000000008c700000, 0x000000008c800000, 0x000000008c800000|100%| E|CS|TAMS 0x000000008c700000, 0x000000008c700000| Complete 
| 122|0x000000008c800000, 0x000000008c900000, 0x000000008c900000|100%| E|CS|TAMS 0x000000008c800000, 0x000000008c800000| Complete 
| 123|0x000000008c900000, 0x000000008ca00000, 0x000000008ca00000|100%| E|CS|TAMS 0x000000008c900000, 0x000000008c900000| Complete 

Card table byte_map: [0x00007f9e609b5000,0x00007f9e60d8e000] _byte_map_base: 0x00007f9e6058e000

Marking Bits (Prev, Next): (CMBitMap*) 0x00007f9e5c062e58, (CMBitMap*) 0x00007f9e5c062e90
 Prev Bits: [0x00007f9e3e138000, 0x00007f9e40000000)
 Next Bits: [0x00007f9e3c270000, 0x00007f9e3e138000)

Polling page: 0x00007f9e65583000

Metaspace:

Usage:
  Non-class:     17,83 MB capacity,    17,46 MB ( 98%) used,   309,09 KB (  2%) free+waste,    66,31 KB ( <1%) overhead. 
      Class:      2,37 MB capacity,     2,10 MB ( 89%) used,   235,04 KB ( 10%) free+waste,    34,12 KB (  1%) overhead. 
       Both:     20,19 MB capacity,    19,56 MB ( 97%) used,   544,13 KB (  3%) free+waste,   100,44 KB ( <1%) overhead. 

Virtual space:
  Non-class space:       18,00 MB reserved,      18,00 MB (100%) committed 
      Class space:        1,00 GB reserved,       2,38 MB ( <1%) committed 
             Both:        1,02 GB reserved,      20,38 MB (  2%) committed 

Chunk freelists:
   Non-Class:  13,75 KB
       Class:  1,25 KB
        Both:  15,00 KB

CodeHeap 'non-profiled nmethods': size=120032Kb used=583Kb max_used=583Kb free=119448Kb
 bounds [0x00007f9e4c70a000, 0x00007f9e4c97a000, 0x00007f9e53c42000]
CodeHeap 'profiled nmethods': size=120028Kb used=2631Kb max_used=2692Kb free=117396Kb
 bounds [0x00007f9e451d3000, 0x00007f9e45483000, 0x00007f9e4c70a000]
CodeHeap 'non-nmethods': size=5700Kb used=1239Kb max_used=1262Kb free=4461Kb
 bounds [0x00007f9e44c42000, 0x00007f9e44eb2000, 0x00007f9e451d3000]
 total_blobs=2593 nmethods=1504 adapters=560
 compilation: enabled
              stopped_count=0, restarted_count=0
 full_count=0

Compilation events (10 events):
Event: 2100,703 Thread 0x00007f9e5c17b000 1578       3       java.io.ObjectStreamField::getTypeCode (9 bytes)
Event: 2100,704 Thread 0x00007f9e5c17b000 nmethod 1578 0x00007f9e45205c10 code [0x00007f9e45205e40, 0x00007f9e45206408]
Event: 2100,704 Thread 0x00007f9e5c17b000 1579       1       java.io.ObjectStreamClass$WeakClassKey::hashCode (5 bytes)
Event: 2100,704 Thread 0x00007f9e5c17b000 nmethod 1579 0x00007f9e4c79b890 code [0x00007f9e4c79ba40, 0x00007f9e4c79bb50]
Event: 2115,706 Thread 0x00007f9e5c17b000 1580       3       java.util.concurrent.SynchronousQueue$TransferStack::shouldSpin (30 bytes)
Event: 2115,706 Thread 0x00007f9e5c17b000 nmethod 1580 0x00007f9e451fc990 code [0x00007f9e451fcb60, 0x00007f9e451fce50]
Event: 2115,707 Thread 0x00007f9e5c17b000 1581       3       java.lang.Thread::onSpinWait (1 bytes)
Event: 2115,707 Thread 0x00007f9e5c17b000 nmethod 1581 0x00007f9e451dc590 code [0x00007f9e451dc740, 0x00007f9e451dc870]
Event: 2145,433 Thread 0x00007f9e5c17b000 1582       3       java.lang.Long::equals (30 bytes)
Event: 2145,433 Thread 0x00007f9e5c17b000 nmethod 1582 0x00007f9e45205590 code [0x00007f9e45205760, 0x00007f9e45205b50]

GC Heap History (2 events):
Event: 0,917 GC heap before
{Heap before GC invocations=0 (full 0):
 garbage-first heap   total 126976K, used 24576K [0x0000000084e00000, 0x0000000100000000)
  region size 1024K, 24 young (24576K), 0 survivors (0K)
 Metaspace       used 19711K, capacity 20324K, committed 20608K, reserved 1067008K
  class space    used 2123K, capacity 2390K, committed 2432K, reserved 1048576K
}
Event: 0,928 GC heap after
{Heap after GC invocations=1 (full 0):
 garbage-first heap   total 126976K, used 5319K [0x0000000084e00000, 0x0000000100000000)
  region size 1024K, 3 young (3072K), 3 survivors (3072K)
 Metaspace       used 19711K, capacity 20324K, committed 20608K, reserved 1067008K
  class space    used 2123K, capacity 2390K, committed 2432K, reserved 1048576K
}

Deoptimization events (10 events):
Event: 0,764 Thread 0x00007f9e5c42d800 Uncommon trap: reason=unstable_if action=reinterpret pc=0x00007f9e4c76c494 method=java.lang.AbstractStringBuilder.putStringAt(ILjava/lang/String;)V @ 8 c2
Event: 0,764 Thread 0x00007f9e5c42d800 Uncommon trap: reason=unstable_if action=reinterpret pc=0x00007f9e4c744678 method=java.lang.AbstractStringBuilder.isLatin1()Z @ 10 c2
Event: 0,764 Thread 0x00007f9e5c42d800 Uncommon trap: reason=unstable_if action=reinterpret pc=0x00007f9e4c762cf0 method=java.lang.String.getBytes([BIB)V @ 5 c2
Event: 0,860 Thread 0x00007f9e5c42d800 Uncommon trap: reason=speculate_null_check action=make_not_entrant pc=0x00007f9e4c788308 method=jdk.internal.misc.Unsafe.getShortUnaligned(Ljava/lang/Object;JZ)S @ 5 c2
Event: 0,905 Thread 0x00007f9e5c42d800 Uncommon trap: reason=unstable_if action=reinterpret pc=0x00007f9e4c7142f8 method=java.lang.String.isLatin1()Z @ 10 c2
Event: 0,906 Thread 0x00007f9e5c42d800 Uncommon trap: reason=unstable_if action=reinterpret pc=0x00007f9e4c70f2f8 method=java.lang.String.isLatin1()Z @ 10 c2
Event: 0,908 Thread 0x00007f9e5c42d800 Uncommon trap: reason=unstable_if action=reinterpret pc=0x00007f9e4c767aac method=java.lang.CharacterData.of(I)Ljava/lang/CharacterData; @ 4 c2
Event: 15,709 Thread 0x00007f9de0172000 Uncommon trap: reason=unstable_if action=reinterpret pc=0x00007f9e4c769348 method=java.lang.ref.ReferenceQueue.poll()Ljava/lang/ref/Reference; @ 4 c2
Event: 300,695 Thread 0x00007f9dd8001800 Uncommon trap: reason=bimorphic_or_optimized_type_check action=maybe_recompile pc=0x00007f9e4c761d70 method=java.util.concurrent.ConcurrentHashMap.get(Ljava/lang/Object;)Ljava/lang/Object; @ 149 c2
Event: 300,696 Thread 0x00007f9dd8001800 Uncommon trap: reason=bimorphic_or_optimized_type_check action=maybe_recompile pc=0x00007f9e4c761d70 method=java.util.concurrent.ConcurrentHashMap.get(Ljava/lang/Object;)Ljava/lang/Object; @ 149 c2

Classes redefined (0 events):
No events

Internal exceptions (10 events):
Event: 0,834 Thread 0x00007f9e5c42d800 Exception <a 'java/io/FileNotFoundException'{0x000000008b521398}> (0x000000008b521398) thrown at [/scratch/opt/mach5/mesos/work_dir/slaves/2dd962d0-8988-479b-a804-57ab764ada59-S1222/frameworks/1735e8a2-a1db-478c-8104-60c8b0af87dd-0196/executors/1fd16cd3-b
Event: 0,834 Thread 0x00007f9e5c42d800 Exception <a 'java/io/FileNotFoundException'{0x000000008b522df8}> (0x000000008b522df8) thrown at [/scratch/opt/mach5/mesos/work_dir/slaves/2dd962d0-8988-479b-a804-57ab764ada59-S1222/frameworks/1735e8a2-a1db-478c-8104-60c8b0af87dd-0196/executors/1fd16cd3-b
Event: 0,834 Thread 0x00007f9e5c42d800 Exception <a 'java/io/FileNotFoundException'{0x000000008b524890}> (0x000000008b524890) thrown at [/scratch/opt/mach5/mesos/work_dir/slaves/2dd962d0-8988-479b-a804-57ab764ada59-S1222/frameworks/1735e8a2-a1db-478c-8104-60c8b0af87dd-0196/executors/1fd16cd3-b
Event: 0,834 Thread 0x00007f9e5c42d800 Exception <a 'java/io/FileNotFoundException'{0x000000008b526a48}> (0x000000008b526a48) thrown at [/scratch/opt/mach5/mesos/work_dir/slaves/2dd962d0-8988-479b-a804-57ab764ada59-S1222/frameworks/1735e8a2-a1db-478c-8104-60c8b0af87dd-0196/executors/1fd16cd3-b
Event: 0,834 Thread 0x00007f9e5c42d800 Exception <a 'java/io/FileNotFoundException'{0x000000008b5284a8}> (0x000000008b5284a8) thrown at [/scratch/opt/mach5/mesos/work_dir/slaves/2dd962d0-8988-479b-a804-57ab764ada59-S1222/frameworks/1735e8a2-a1db-478c-8104-60c8b0af87dd-0196/executors/1fd16cd3-b
Event: 0,834 Thread 0x00007f9e5c42d800 Exception <a 'java/io/FileNotFoundException'{0x000000008b529f00}> (0x000000008b529f00) thrown at [/scratch/opt/mach5/mesos/work_dir/slaves/2dd962d0-8988-479b-a804-57ab764ada59-S1222/frameworks/1735e8a2-a1db-478c-8104-60c8b0af87dd-0196/executors/1fd16cd3-b
Event: 0,834 Thread 0x00007f9e5c42d800 Exception <a 'java/io/FileNotFoundException'{0x000000008b52b938}> (0x000000008b52b938) thrown at [/scratch/opt/mach5/mesos/work_dir/slaves/2dd962d0-8988-479b-a804-57ab764ada59-S1222/frameworks/1735e8a2-a1db-478c-8104-60c8b0af87dd-0196/executors/1fd16cd3-b
Event: 0,834 Thread 0x00007f9e5c42d800 Exception <a 'java/io/FileNotFoundException'{0x000000008b52d580}> (0x000000008b52d580) thrown at [/scratch/opt/mach5/mesos/work_dir/slaves/2dd962d0-8988-479b-a804-57ab764ada59-S1222/frameworks/1735e8a2-a1db-478c-8104-60c8b0af87dd-0196/executors/1fd16cd3-b
Event: 0,834 Thread 0x00007f9e5c42d800 Exception <a 'java/io/FileNotFoundException'{0x000000008b52eff8}> (0x000000008b52eff8) thrown at [/scratch/opt/mach5/mesos/work_dir/slaves/2dd962d0-8988-479b-a804-57ab764ada59-S1222/frameworks/1735e8a2-a1db-478c-8104-60c8b0af87dd-0196/executors/1fd16cd3-b
Event: 0,835 Thread 0x00007f9e5c42d800 Exception <a 'java/io/FileNotFoundException'{0x000000008b535f88}> (0x000000008b535f88) thrown at [/scratch/opt/mach5/mesos/work_dir/slaves/2dd962d0-8988-479b-a804-57ab764ada59-S1222/frameworks/1735e8a2-a1db-478c-8104-60c8b0af87dd-0196/executors/1fd16cd3-b

Events (10 events):
Event: 2100,698 Executing VM operation: RevokeBias
Event: 2100,698 Executing VM operation: RevokeBias done
Event: 2100,698 Executing VM operation: RevokeBias
Event: 2100,698 Executing VM operation: RevokeBias done
Event: 2147,135 loading class jdk/internal/misc/Signal$1
Event: 2147,135 loading class jdk/internal/misc/Signal$1 done
Event: 2147,136 Thread 0x00007f9e14001000 Thread added: 0x00007f9e14001000
Event: 2147,136 Executing VM operation: RevokeBias
Event: 2147,136 Thread 0x00007f9e14002800 Thread added: 0x00007f9e14002800
Event: 2147,146 Executing VM operation: RevokeBias done


Dynamic libraries:
00400000-00401000 r-xp 00000000 08:07 157890                             /usr/lib/jvm/java-11-oracle/bin/java
00600000-00601000 r--p 00000000 08:07 157890                             /usr/lib/jvm/java-11-oracle/bin/java
00601000-00602000 rw-p 00001000 08:07 157890                             /usr/lib/jvm/java-11-oracle/bin/java
00a21000-00a42000 rw-p 00000000 00:00 0                                  [heap]
84e00000-8ca00000 rw-p 00000000 00:00 0 
8ca00000-100000000 ---p 00000000 00:00 0 
100000000-100260000 rw-p 00000000 00:00 0 
100260000-140000000 ---p 00000000 00:00 0 
7f9d94000000-7f9d94021000 rw-p 00000000 00:00 0 
7f9d94021000-7f9d98000000 ---p 00000000 00:00 0 
7f9d98000000-7f9d98021000 rw-p 00000000 00:00 0 
7f9d98021000-7f9d9c000000 ---p 00000000 00:00 0 
7f9d9c000000-7f9d9c021000 rw-p 00000000 00:00 0 
7f9d9c021000-7f9da0000000 ---p 00000000 00:00 0 
7f9da0000000-7f9da0021000 rw-p 00000000 00:00 0 
7f9da0021000-7f9da4000000 ---p 00000000 00:00 0 
7f9da4000000-7f9da4021000 rw-p 00000000 00:00 0 
7f9da4021000-7f9da8000000 ---p 00000000 00:00 0 
7f9da8000000-7f9da8021000 rw-p 00000000 00:00 0 
7f9da8021000-7f9dac000000 ---p 00000000 00:00 0 
7f9dac000000-7f9dac021000 rw-p 00000000 00:00 0 
7f9dac021000-7f9db0000000 ---p 00000000 00:00 0 
7f9db0000000-7f9db0021000 rw-p 00000000 00:00 0 
7f9db0021000-7f9db4000000 ---p 00000000 00:00 0 
7f9db4000000-7f9db4021000 rw-p 00000000 00:00 0 
7f9db4021000-7f9db8000000 ---p 00000000 00:00 0 
7f9db8000000-7f9db8021000 rw-p 00000000 00:00 0 
7f9db8021000-7f9dbc000000 ---p 00000000 00:00 0 
7f9dbc000000-7f9dbc021000 rw-p 00000000 00:00 0 
7f9dbc021000-7f9dc0000000 ---p 00000000 00:00 0 
7f9dc0000000-7f9dc0021000 rw-p 00000000 00:00 0 
7f9dc0021000-7f9dc4000000 ---p 00000000 00:00 0 
7f9dc4000000-7f9dc4021000 rw-p 00000000 00:00 0 
7f9dc4021000-7f9dc8000000 ---p 00000000 00:00 0 
7f9dc8000000-7f9dc8021000 rw-p 00000000 00:00 0 
7f9dc8021000-7f9dcc000000 ---p 00000000 00:00 0 
7f9dcc000000-7f9dcc021000 rw-p 00000000 00:00 0 
7f9dcc021000-7f9dd0000000 ---p 00000000 00:00 0 
7f9dd0000000-7f9dd0021000 rw-p 00000000 00:00 0 
7f9dd0021000-7f9dd4000000 ---p 00000000 00:00 0 
7f9dd4000000-7f9dd4404000 rw-p 00000000 00:00 0 
7f9dd4404000-7f9dd8000000 ---p 00000000 00:00 0 
7f9dd8000000-7f9dd8021000 rw-p 00000000 00:00 0 
7f9dd8021000-7f9ddc000000 ---p 00000000 00:00 0 
7f9ddc000000-7f9ddc021000 rw-p 00000000 00:00 0 
7f9ddc021000-7f9de0000000 ---p 00000000 00:00 0 
7f9de0000000-7f9de02c0000 rw-p 00000000 00:00 0 
7f9de02c0000-7f9de4000000 ---p 00000000 00:00 0 
7f9de4000000-7f9de4021000 rw-p 00000000 00:00 0 
7f9de4021000-7f9de8000000 ---p 00000000 00:00 0 
7f9de8000000-7f9de8021000 rw-p 00000000 00:00 0 
7f9de8021000-7f9dec000000 ---p 00000000 00:00 0 
7f9dec000000-7f9dec021000 rw-p 00000000 00:00 0 
7f9dec021000-7f9df0000000 ---p 00000000 00:00 0 
7f9df0535000-7f9df0539000 ---p 00000000 00:00 0 
7f9df0539000-7f9df0636000 rw-p 00000000 00:00 0 
7f9df0636000-7f9df063a000 ---p 00000000 00:00 0 
7f9df063a000-7f9df0737000 rw-p 00000000 00:00 0 
7f9df0737000-7f9df0738000 ---p 00000000 00:00 0 
7f9df0738000-7f9df0839000 rw-p 00000000 00:00 0 
7f9df0839000-7f9df083a000 ---p 00000000 00:00 0 
7f9df083a000-7f9df093b000 rw-p 00000000 00:00 0 
7f9df093b000-7f9df093c000 ---p 00000000 00:00 0 
7f9df093c000-7f9df0a3d000 rw-p 00000000 00:00 0 
7f9df0a3d000-7f9df0a3e000 ---p 00000000 00:00 0 
7f9df0a3e000-7f9df0b3f000 rw-p 00000000 00:00 0 
7f9df0b3f000-7f9df0b40000 ---p 00000000 00:00 0 
7f9df0b40000-7f9df0c41000 rw-p 00000000 00:00 0 
7f9df0c41000-7f9df0c42000 ---p 00000000 00:00 0 
7f9df0c42000-7f9df0d43000 rw-p 00000000 00:00 0 
7f9df0d43000-7f9df0d44000 ---p 00000000 00:00 0 
7f9df0d44000-7f9df0e45000 rw-p 00000000 00:00 0 
7f9df0edf000-7f9df0ee3000 ---p 00000000 00:00 0 
7f9df0ee3000-7f9df0fe0000 rw-p 00000000 00:00 0 
7f9df0fe0000-7f9df0fe4000 ---p 00000000 00:00 0 
7f9df0fe4000-7f9df12e1000 rw-p 00000000 00:00 0 
7f9df12e1000-7f9df12e5000 ---p 00000000 00:00 0 
7f9df12e5000-7f9df13e2000 rw-p 00000000 00:00 0 
7f9df13e2000-7f9df13e6000 ---p 00000000 00:00 0 
7f9df13e6000-7f9df14e3000 rw-p 00000000 00:00 0 
7f9df14e3000-7f9df14e7000 ---p 00000000 00:00 0 
7f9df14e7000-7f9df15e4000 rw-p 00000000 00:00 0 
7f9df15e4000-7f9df15e8000 ---p 00000000 00:00 0 
7f9df15e8000-7f9df16e5000 rw-p 00000000 00:00 0 
7f9df16e5000-7f9df16e6000 r-xp 00000000 08:07 283463                     /usr/lib/jvm/java-11-oracle/lib/librmi.so
7f9df16e6000-7f9df18e5000 ---p 00001000 08:07 283463                     /usr/lib/jvm/java-11-oracle/lib/librmi.so
7f9df18e5000-7f9df18e6000 r--p 00000000 08:07 283463                     /usr/lib/jvm/java-11-oracle/lib/librmi.so
7f9df18e6000-7f9df18e7000 rw-p 00001000 08:07 283463                     /usr/lib/jvm/java-11-oracle/lib/librmi.so
7f9df18e7000-7f9df18eb000 ---p 00000000 00:00 0 
7f9df18eb000-7f9df19e8000 rw-p 00000000 00:00 0 
7f9df19e8000-7f9df19ec000 ---p 00000000 00:00 0 
7f9df19ec000-7f9df1ce9000 rw-p 00000000 00:00 0 
7f9df1ce9000-7f9df1ceb000 r-xp 00000000 08:07 283441                     /usr/lib/jvm/java-11-oracle/lib/libextnet.so
7f9df1ceb000-7f9df1eea000 ---p 00002000 08:07 283441                     /usr/lib/jvm/java-11-oracle/lib/libextnet.so
7f9df1eea000-7f9df1eeb000 r--p 00001000 08:07 283441                     /usr/lib/jvm/java-11-oracle/lib/libextnet.so
7f9df1eeb000-7f9df1eec000 rw-p 00002000 08:07 283441                     /usr/lib/jvm/java-11-oracle/lib/libextnet.so
7f9df1eec000-7f9df20ec000 rw-p 00000000 00:00 0 
7f9df20ec000-7f9df20f0000 ---p 00000000 00:00 0 
7f9df20f0000-7f9df23ed000 rw-p 00000000 00:00 0 
7f9df23ed000-7f9df23f2000 r-xp 00000000 08:07 1188896                    /usr/lib/x86_64-linux-gnu/libXfixes.so.3.1.0
7f9df23f2000-7f9df25f1000 ---p 00005000 08:07 1188896                    /usr/lib/x86_64-linux-gnu/libXfixes.so.3.1.0
7f9df25f1000-7f9df25f2000 r--p 00004000 08:07 1188896                    /usr/lib/x86_64-linux-gnu/libXfixes.so.3.1.0
7f9df25f2000-7f9df25f3000 rw-p 00005000 08:07 1188896                    /usr/lib/x86_64-linux-gnu/libXfixes.so.3.1.0
7f9df25f3000-7f9df25fc000 r-xp 00000000 08:07 1188888                    /usr/lib/x86_64-linux-gnu/libXcursor.so.1.0.2
7f9df25fc000-7f9df27fb000 ---p 00009000 08:07 1188888                    /usr/lib/x86_64-linux-gnu/libXcursor.so.1.0.2
7f9df27fb000-7f9df27fc000 r--p 00008000 08:07 1188888                    /usr/lib/x86_64-linux-gnu/libXcursor.so.1.0.2
7f9df27fc000-7f9df27fd000 rw-p 00009000 08:07 1188888                    /usr/lib/x86_64-linux-gnu/libXcursor.so.1.0.2
7f9df27fd000-7f9df27fe000 ---p 00000000 00:00 0 
7f9df27fe000-7f9df2ffe000 rw-p 00000000 00:00 0 
7f9df2ffe000-7f9df2fff000 ---p 00000000 00:00 0 
7f9df2fff000-7f9df37ff000 rw-p 00000000 00:00 0 
7f9df37ff000-7f9df3800000 ---p 00000000 00:00 0 
7f9df3800000-7f9df4000000 rw-p 00000000 00:00 0 
7f9df4000000-7f9df4021000 rw-p 00000000 00:00 0 
7f9df4021000-7f9df8000000 ---p 00000000 00:00 0 
7f9df8093000-7f9df809e000 r--s 00000000 08:07 140929                     /var/cache/fontconfig/945677eb7aeaf62f1d50efc3fb3ec7d8-le64.cache-7
7f9df809e000-7f9df80a3000 r--s 00000000 08:07 140900                     /var/cache/fontconfig/2300eef321c393bfd76478a5c0e95b23-le64.cache-7
7f9df80a3000-7f9df80a4000 r--s 00000000 08:07 140893                     /var/cache/fontconfig/0d8c3b2ac0904cb8a57a757ad11a4a08-le64.cache-7
7f9df80a4000-7f9df80b9000 r--s 00000000 08:07 140889                     /var/cache/fontconfig/04aabc0a78ac019cf9454389977116d2-le64.cache-7
7f9df80b9000-7f9df80ba000 r--s 00000000 08:07 140897                     /var/cache/fontconfig/1ac9eb803944fde146138c791f5cc56a-le64.cache-7
7f9df80ba000-7f9df80bb000 r--s 00000000 08:07 140948                     /var/cache/fontconfig/dc05db6664285cc2f12bf69c139ae4c3-le64.cache-7
7f9df80bb000-7f9df80bf000 ---p 00000000 00:00 0 
7f9df80bf000-7f9df81bc000 rw-p 00000000 00:00 0 
7f9df81bc000-7f9df81c8000 r-xp 00000000 08:07 1445153                    /usr/lib/x86_64-linux-gnu/gio/modules/libdconfsettings.so
7f9df81c8000-7f9df83c7000 ---p 0000c000 08:07 1445153                    /usr/lib/x86_64-linux-gnu/gio/modules/libdconfsettings.so
7f9df83c7000-7f9df83c8000 r--p 0000b000 08:07 1445153                    /usr/lib/x86_64-linux-gnu/gio/modules/libdconfsettings.so
7f9df83c8000-7f9df83c9000 rw-p 0000c000 08:07 1445153                    /usr/lib/x86_64-linux-gnu/gio/modules/libdconfsettings.so
7f9df83c9000-7f9df83cf000 r-xp 00000000 08:07 928839                     /lib/x86_64-linux-gnu/libuuid.so.1.3.0
7f9df83cf000-7f9df85ce000 ---p 00006000 08:07 928839                     /lib/x86_64-linux-gnu/libuuid.so.1.3.0
7f9df85ce000-7f9df85cf000 r--p 00005000 08:07 928839                     /lib/x86_64-linux-gnu/libuuid.so.1.3.0
7f9df85cf000-7f9df85d0000 rw-p 00006000 08:07 928839                     /lib/x86_64-linux-gnu/libuuid.so.1.3.0
7f9df85d0000-7f9df8617000 r-xp 00000000 08:07 923370                     /lib/x86_64-linux-gnu/libblkid.so.1.1.0
7f9df8617000-7f9df8817000 ---p 00047000 08:07 923370                     /lib/x86_64-linux-gnu/libblkid.so.1.1.0
7f9df8817000-7f9df881b000 r--p 00047000 08:07 923370                     /lib/x86_64-linux-gnu/libblkid.so.1.1.0
7f9df881b000-7f9df881c000 rw-p 0004b000 08:07 923370                     /lib/x86_64-linux-gnu/libblkid.so.1.1.0
7f9df881c000-7f9df881d000 rw-p 00000000 00:00 0 
7f9df881d000-7f9df888d000 r-xp 00000000 08:07 923325                     /lib/x86_64-linux-gnu/libpcre.so.3.13.3
7f9df888d000-7f9df8a8d000 ---p 00070000 08:07 923325                     /lib/x86_64-linux-gnu/libpcre.so.3.13.3
7f9df8a8d000-7f9df8a8e000 r--p 00070000 08:07 923325                     /lib/x86_64-linux-gnu/libpcre.so.3.13.3
7f9df8a8e000-7f9df8a8f000 rw-p 00071000 08:07 923325                     /lib/x86_64-linux-gnu/libpcre.so.3.13.3
7f9df8a8f000-7f9df8a96000 r-xp 00000000 08:07 1189223                    /usr/lib/x86_64-linux-gnu/libffi.so.6.0.4
7f9df8a96000-7f9df8c95000 ---p 00007000 08:07 1189223                    /usr/lib/x86_64-linux-gnu/libffi.so.6.0.4
7f9df8c95000-7f9df8c96000 r--p 00006000 08:07 1189223                    /usr/lib/x86_64-linux-gnu/libffi.so.6.0.4
7f9df8c96000-7f9df8c97000 rw-p 00007000 08:07 1189223                    /usr/lib/x86_64-linux-gnu/libffi.so.6.0.4
7f9df8c97000-7f9df8ce8000 r-xp 00000000 08:07 923236                     /lib/x86_64-linux-gnu/libmount.so.1.1.0
7f9df8ce8000-7f9df8ee7000 ---p 00051000 08:07 923236                     /lib/x86_64-linux-gnu/libmount.so.1.1.0
7f9df8ee7000-7f9df8ee9000 r--p 00050000 08:07 923236                     /lib/x86_64-linux-gnu/libmount.so.1.1.0
7f9df8ee9000-7f9df8eea000 rw-p 00052000 08:07 923236                     /lib/x86_64-linux-gnu/libmount.so.1.1.0
7f9df8eea000-7f9df8eeb000 rw-p 00000000 00:00 0 
7f9df8eeb000-7f9df8f02000 r-xp 00000000 08:07 923342                     /lib/x86_64-linux-gnu/libresolv-2.27.so
7f9df8f02000-7f9df9102000 ---p 00017000 08:07 923342                     /lib/x86_64-linux-gnu/libresolv-2.27.so
7f9df9102000-7f9df9103000 r--p 00017000 08:07 923342                     /lib/x86_64-linux-gnu/libresolv-2.27.so
7f9df9103000-7f9df9104000 rw-p 00018000 08:07 923342                     /lib/x86_64-linux-gnu/libresolv-2.27.so
7f9df9104000-7f9df9106000 rw-p 00000000 00:00 0 
7f9df9106000-7f9df912b000 r-xp 00000000 08:07 923348                     /lib/x86_64-linux-gnu/libselinux.so.1
7f9df912b000-7f9df932a000 ---p 00025000 08:07 923348                     /lib/x86_64-linux-gnu/libselinux.so.1
7f9df932a000-7f9df932b000 r--p 00024000 08:07 923348                     /lib/x86_64-linux-gnu/libselinux.so.1
7f9df932b000-7f9df932c000 rw-p 00025000 08:07 923348                     /lib/x86_64-linux-gnu/libselinux.so.1
7f9df932c000-7f9df932e000 rw-p 00000000 00:00 0 
7f9df932e000-7f9df9442000 r-xp 00000000 08:07 1179681                    /usr/lib/x86_64-linux-gnu/libglib-2.0.so.0.5600.4
7f9df9442000-7f9df9641000 ---p 00114000 08:07 1179681                    /usr/lib/x86_64-linux-gnu/libglib-2.0.so.0.5600.4
7f9df9641000-7f9df9642000 r--p 00113000 08:07 1179681                    /usr/lib/x86_64-linux-gnu/libglib-2.0.so.0.5600.4
7f9df9642000-7f9df9643000 rw-p 00114000 08:07 1179681                    /usr/lib/x86_64-linux-gnu/libglib-2.0.so.0.5600.4
7f9df9643000-7f9df9644000 rw-p 00000000 00:00 0 
7f9df9644000-7f9df9647000 r-xp 00000000 08:07 1179682                    /usr/lib/x86_64-linux-gnu/libgmodule-2.0.so.0.5600.4
7f9df9647000-7f9df9846000 ---p 00003000 08:07 1179682                    /usr/lib/x86_64-linux-gnu/libgmodule-2.0.so.0.5600.4
7f9df9846000-7f9df9847000 r--p 00002000 08:07 1179682                    /usr/lib/x86_64-linux-gnu/libgmodule-2.0.so.0.5600.4
7f9df9847000-7f9df9848000 rw-p 00003000 08:07 1179682                    /usr/lib/x86_64-linux-gnu/libgmodule-2.0.so.0.5600.4
7f9df9848000-7f9df989a000 r-xp 00000000 08:07 1179683                    /usr/lib/x86_64-linux-gnu/libgobject-2.0.so.0.5600.4
7f9df989a000-7f9df9a9a000 ---p 00052000 08:07 1179683                    /usr/lib/x86_64-linux-gnu/libgobject-2.0.so.0.5600.4
7f9df9a9a000-7f9df9a9b000 r--p 00052000 08:07 1179683                    /usr/lib/x86_64-linux-gnu/libgobject-2.0.so.0.5600.4
7f9df9a9b000-7f9df9a9c000 rw-p 00053000 08:07 1179683                    /usr/lib/x86_64-linux-gnu/libgobject-2.0.so.0.5600.4
7f9df9a9c000-7f9df9c31000 r-xp 00000000 08:07 1179680                    /usr/lib/x86_64-linux-gnu/libgio-2.0.so.0.5600.4
7f9df9c31000-7f9df9e31000 ---p 00195000 08:07 1179680                    /usr/lib/x86_64-linux-gnu/libgio-2.0.so.0.5600.4
7f9df9e31000-7f9df9e38000 r--p 00195000 08:07 1179680                    /usr/lib/x86_64-linux-gnu/libgio-2.0.so.0.5600.4
7f9df9e38000-7f9df9e39000 rw-p 0019c000 08:07 1179680                    /usr/lib/x86_64-linux-gnu/libgio-2.0.so.0.5600.4
7f9df9e39000-7f9df9e3b000 rw-p 00000000 00:00 0 
7f9df9e3b000-7f9df9e45000 r-xp 00000000 08:07 1188912                    /usr/lib/x86_64-linux-gnu/libXrandr.so.2.2.0
7f9df9e45000-7f9dfa044000 ---p 0000a000 08:07 1188912                    /usr/lib/x86_64-linux-gnu/libXrandr.so.2.2.0
7f9dfa044000-7f9dfa045000 r--p 00009000 08:07 1188912                    /usr/lib/x86_64-linux-gnu/libXrandr.so.2.2.0
7f9dfa045000-7f9dfa046000 rw-p 0000a000 08:07 1188912                    /usr/lib/x86_64-linux-gnu/libXrandr.so.2.2.0
7f9dfa046000-7f9dfa077000 r-xp 00000000 08:07 1183685                    /usr/lib/x86_64-linux-gnu/libpng16.so.16.34.0
7f9dfa077000-7f9dfa276000 ---p 00031000 08:07 1183685                    /usr/lib/x86_64-linux-gnu/libpng16.so.16.34.0
7f9dfa276000-7f9dfa277000 r--p 00030000 08:07 1183685                    /usr/lib/x86_64-linux-gnu/libpng16.so.16.34.0
7f9dfa277000-7f9dfa278000 rw-p 00031000 08:07 1183685                    /usr/lib/x86_64-linux-gnu/libpng16.so.16.34.0
7f9dfa278000-7f9dfa325000 r-xp 00000000 08:07 1189255                    /usr/lib/x86_64-linux-gnu/libfreetype.so.6.15.0
7f9dfa325000-7f9dfa524000 ---p 000ad000 08:07 1189255                    /usr/lib/x86_64-linux-gnu/libfreetype.so.6.15.0
7f9dfa524000-7f9dfa52b000 r--p 000ac000 08:07 1189255                    /usr/lib/x86_64-linux-gnu/libfreetype.so.6.15.0
7f9dfa52b000-7f9dfa52c000 rw-p 000b3000 08:07 1189255                    /usr/lib/x86_64-linux-gnu/libfreetype.so.6.15.0
7f9dfa52c000-7f9dfa5e9000 r-xp 00000000 08:07 283442                     /usr/lib/jvm/java-11-oracle/lib/libfontmanager.so
7f9dfa5e9000-7f9dfa7e8000 ---p 000bd000 08:07 283442                     /usr/lib/jvm/java-11-oracle/lib/libfontmanager.so
7f9dfa7e8000-7f9dfa7ea000 r--p 000bc000 08:07 283442                     /usr/lib/jvm/java-11-oracle/lib/libfontmanager.so
7f9dfa7ea000-7f9dfa7eb000 rw-p 000be000 08:07 283442                     /usr/lib/jvm/java-11-oracle/lib/libfontmanager.so
7f9dfa7eb000-7f9dfa9ec000 rw-p 00000000 00:00 0 
7f9dfa9ec000-7f9dfa9ff000 r-xp 00000000 08:07 923199                     /lib/x86_64-linux-gnu/libbsd.so.0.8.7
7f9dfa9ff000-7f9dfabfe000 ---p 00013000 08:07 923199                     /lib/x86_64-linux-gnu/libbsd.so.0.8.7
7f9dfabfe000-7f9dfabff000 r--p 00012000 08:07 923199                     /lib/x86_64-linux-gnu/libbsd.so.0.8.7
7f9dfabff000-7f9dfac00000 rw-p 00013000 08:07 923199                     /lib/x86_64-linux-gnu/libbsd.so.0.8.7
7f9dfac00000-7f9dfac01000 rw-p 00000000 00:00 0 
7f9dfac01000-7f9dfac06000 r-xp 00000000 08:07 1188892                    /usr/lib/x86_64-linux-gnu/libXdmcp.so.6.0.0
7f9dfac06000-7f9dfae05000 ---p 00005000 08:07 1188892                    /usr/lib/x86_64-linux-gnu/libXdmcp.so.6.0.0
7f9dfae05000-7f9dfae06000 r--p 00004000 08:07 1188892                    /usr/lib/x86_64-linux-gnu/libXdmcp.so.6.0.0
7f9dfae06000-7f9dfae07000 rw-p 00005000 08:07 1188892                    /usr/lib/x86_64-linux-gnu/libXdmcp.so.6.0.0
7f9dfae07000-7f9dfae09000 r-xp 00000000 08:07 1188881                    /usr/lib/x86_64-linux-gnu/libXau.so.6.0.0
7f9dfae09000-7f9dfb009000 ---p 00002000 08:07 1188881                    /usr/lib/x86_64-linux-gnu/libXau.so.6.0.0
7f9dfb009000-7f9dfb00a000 r--p 00002000 08:07 1188881                    /usr/lib/x86_64-linux-gnu/libXau.so.6.0.0
7f9dfb00a000-7f9dfb00b000 rw-p 00003000 08:07 1188881                    /usr/lib/x86_64-linux-gnu/libXau.so.6.0.0
7f9dfb00b000-7f9dfb031000 r-xp 00000000 08:07 1190085                    /usr/lib/x86_64-linux-gnu/libxcb.so.1.1.0
7f9dfb031000-7f9dfb231000 ---p 00026000 08:07 1190085                    /usr/lib/x86_64-linux-gnu/libxcb.so.1.1.0
7f9dfb231000-7f9dfb232000 r--p 00026000 08:07 1190085                    /usr/lib/x86_64-linux-gnu/libxcb.so.1.1.0
7f9dfb232000-7f9dfb233000 rw-p 00027000 08:07 1190085                    /usr/lib/x86_64-linux-gnu/libxcb.so.1.1.0
7f9dfb233000-7f9dfb242000 r-xp 00000000 08:07 1188902                    /usr/lib/x86_64-linux-gnu/libXi.so.6.1.0
7f9dfb242000-7f9dfb441000 ---p 0000f000 08:07 1188902                    /usr/lib/x86_64-linux-gnu/libXi.so.6.1.0
7f9dfb441000-7f9dfb442000 r--p 0000e000 08:07 1188902                    /usr/lib/x86_64-linux-gnu/libXi.so.6.1.0
7f9dfb442000-7f9dfb443000 rw-p 0000f000 08:07 1188902                    /usr/lib/x86_64-linux-gnu/libXi.so.6.1.0
7f9dfb443000-7f9dfb448000 r-xp 00000000 08:07 1188920                    /usr/lib/x86_64-linux-gnu/libXtst.so.6.1.0
7f9dfb448000-7f9dfb647000 ---p 00005000 08:07 1188920                    /usr/lib/x86_64-linux-gnu/libXtst.so.6.1.0
7f9dfb647000-7f9dfb648000 r--p 00004000 08:07 1188920                    /usr/lib/x86_64-linux-gnu/libXtst.so.6.1.0
7f9dfb648000-7f9dfb649000 rw-p 00005000 08:07 1188920                    /usr/lib/x86_64-linux-gnu/libXtst.so.6.1.0
7f9dfb649000-7f9dfb652000 r-xp 00000000 08:07 1188914                    /usr/lib/x86_64-linux-gnu/libXrender.so.1.3.0
7f9dfb652000-7f9dfb851000 ---p 00009000 08:07 1188914                    /usr/lib/x86_64-linux-gnu/libXrender.so.1.3.0
7f9dfb851000-7f9dfb852000 r--p 00008000 08:07 1188914                    /usr/lib/x86_64-linux-gnu/libXrender.so.1.3.0
7f9dfb852000-7f9dfb853000 rw-p 00009000 08:07 1188914                    /usr/lib/x86_64-linux-gnu/libXrender.so.1.3.0
7f9dfb853000-7f9dfb986000 r-xp 00000000 08:07 1180923                    /usr/lib/x86_64-linux-gnu/libX11.so.6.3.0
7f9dfb986000-7f9dfbb86000 ---p 00133000 08:07 1180923                    /usr/lib/x86_64-linux-gnu/libX11.so.6.3.0
7f9dfbb86000-7f9dfbb87000 r--p 00133000 08:07 1180923                    /usr/lib/x86_64-linux-gnu/libX11.so.6.3.0
7f9dfbb87000-7f9dfbb8b000 rw-p 00134000 08:07 1180923                    /usr/lib/x86_64-linux-gnu/libX11.so.6.3.0
7f9dfbb8b000-7f9dfbb9c000 r-xp 00000000 08:07 1188894                    /usr/lib/x86_64-linux-gnu/libXext.so.6.4.0
7f9dfbb9c000-7f9dfbd9b000 ---p 00011000 08:07 1188894                    /usr/lib/x86_64-linux-gnu/libXext.so.6.4.0
7f9dfbd9b000-7f9dfbd9c000 r--p 00010000 08:07 1188894                    /usr/lib/x86_64-linux-gnu/libXext.so.6.4.0
7f9dfbd9c000-7f9dfbd9d000 rw-p 00011000 08:07 1188894                    /usr/lib/x86_64-linux-gnu/libXext.so.6.4.0
7f9dfbd9d000-7f9dfbdfb000 r-xp 00000000 08:07 283439                     /usr/lib/jvm/java-11-oracle/lib/libawt_xawt.so
7f9dfbdfb000-7f9dfbffa000 ---p 0005e000 08:07 283439                     /usr/lib/jvm/java-11-oracle/lib/libawt_xawt.so
7f9dfbffa000-7f9dfbffb000 r--p 0005d000 08:07 283439                     /usr/lib/jvm/java-11-oracle/lib/libawt_xawt.so
7f9dfbffb000-7f9dfbffe000 rw-p 0005e000 08:07 283439                     /usr/lib/jvm/java-11-oracle/lib/libawt_xawt.so
7f9dfbffe000-7f9dfc000000 rw-p 00000000 00:00 0 
7f9dfc000000-7f9dfc1d3000 rw-p 00000000 00:00 0 
7f9dfc1d3000-7f9e00000000 ---p 00000000 00:00 0 
7f9e00000000-7f9e00021000 rw-p 00000000 00:00 0 
7f9e00021000-7f9e04000000 ---p 00000000 00:00 0 
7f9e04000000-7f9e04021000 rw-p 00000000 00:00 0 
7f9e04021000-7f9e08000000 ---p 00000000 00:00 0 
7f9e08000000-7f9e082f3000 rw-p 00000000 00:00 0 
7f9e082f3000-7f9e0c000000 ---p 00000000 00:00 0 
7f9e0c000000-7f9e0c308000 rw-p 00000000 00:00 0 
7f9e0c308000-7f9e10000000 ---p 00000000 00:00 0 
7f9e10000000-7f9e10021000 rw-p 00000000 00:00 0 
7f9e10021000-7f9e14000000 ---p 00000000 00:00 0 
7f9e14000000-7f9e14021000 rw-p 00000000 00:00 0 
7f9e14021000-7f9e18000000 ---p 00000000 00:00 0 
7f9e18000000-7f9e188a9000 rw-p 00000000 00:00 0 
7f9e188a9000-7f9e1c000000 ---p 00000000 00:00 0 
7f9e1c000000-7f9e1c021000 rw-p 00000000 00:00 0 
7f9e1c021000-7f9e20000000 ---p 00000000 00:00 0 
7f9e20000000-7f9e20021000 rw-p 00000000 00:00 0 
7f9e20021000-7f9e24000000 ---p 00000000 00:00 0 
7f9e24000000-7f9e24021000 rw-p 00000000 00:00 0 
7f9e24021000-7f9e28000000 ---p 00000000 00:00 0 
7f9e28000000-7f9e28078000 rw-p 00000000 00:00 0 
7f9e28078000-7f9e2c000000 ---p 00000000 00:00 0 
7f9e2c000000-7f9e2c021000 rw-p 00000000 00:00 0 
7f9e2c021000-7f9e30000000 ---p 00000000 00:00 0 
7f9e30000000-7f9e30021000 rw-p 00000000 00:00 0 
7f9e30021000-7f9e34000000 ---p 00000000 00:00 0 
7f9e34000000-7f9e34002000 r--s 00000000 08:07 140894                     /var/cache/fontconfig/14a5e22175779b556eaa434240950366-le64.cache-7
7f9e34002000-7f9e34003000 r--s 00000000 08:07 140921                     /var/cache/fontconfig/660208299946a285a940457d1287da33-le64.cache-7
7f9e34003000-7f9e34005000 r--s 00000000 08:07 140912                     /var/cache/fontconfig/4f3e3037c9980c83b53a9351efadef62-le64.cache-7
7f9e34005000-7f9e34007000 r--s 00000000 08:07 140926                     /var/cache/fontconfig/767a8244fc0220cfb567a839d0392e0b-le64.cache-7
7f9e34007000-7f9e34008000 r--s 00000000 08:07 134468                     /var/cache/fontconfig/4794a0821666d79190d59a36cb4f44b5-le64.cache-7
7f9e34008000-7f9e3400a000 r--s 00000000 08:07 140891                     /var/cache/fontconfig/0bd3dc0958fa2205aaaa8ebb13e2872b-le64.cache-7
7f9e3400a000-7f9e3400f000 r--s 00000000 08:07 140949                     /var/cache/fontconfig/def309198bfa603429122923fa2bb2d4-le64.cache-7
7f9e3400f000-7f9e34010000 r--s 00000000 08:07 140937                     /var/cache/fontconfig/b872e6e592da6075ffa4ab0a1fcc0c75-le64.cache-7
7f9e34010000-7f9e34011000 r--s 00000000 08:07 140954                     /var/cache/fontconfig/f6d4eedfaab2589bde49f7a3ff831d22-le64.cache-7
7f9e34011000-7f9e34012000 r--s 00000000 08:07 140919                     /var/cache/fontconfig/589f83ef4c36d296ce6e1c846f468f08-le64.cache-7
7f9e34012000-7f9e34013000 r--s 00000000 08:07 140939                     /var/cache/fontconfig/bab58bb527bb656aaa9f116d68a48d89-le64.cache-7
7f9e34013000-7f9e34014000 r--s 00000000 08:07 140898                     /var/cache/fontconfig/2171a34dccabdb6bcbbc728186263178-le64.cache-7
7f9e34014000-7f9e34015000 r--s 00000000 08:07 140940                     /var/cache/fontconfig/c5c45a61289222e0d30b1a26ef4effbe-le64.cache-7
7f9e34015000-7f9e34016000 r--s 00000000 08:07 140935                     /var/cache/fontconfig/aec30016f93e1b46d1a973dce0d74068-le64.cache-7
7f9e34016000-7f9e34017000 r--s 00000000 08:07 140905                     /var/cache/fontconfig/3f589640d34b7dc9042c8d453f7c8b9c-le64.cache-7
7f9e34017000-7f9e3401c000 r--s 00000000 08:07 134391                     /var/cache/fontconfig/9d2451b1fd30e5bffe8383fd27c35478-le64.cache-7
7f9e3401c000-7f9e3402f000 r--s 00000000 08:07 140945                     /var/cache/fontconfig/d52a8644073d54c13679302ca1180695-le64.cache-7
7f9e3402f000-7f9e34033000 ---p 00000000 00:00 0 
7f9e34033000-7f9e34130000 rw-p 00000000 00:00 0 
7f9e34130000-7f9e341d0000 r-xp 00000000 08:07 283437                     /usr/lib/jvm/java-11-oracle/lib/libawt.so
7f9e341d0000-7f9e343d0000 ---p 000a0000 08:07 283437                     /usr/lib/jvm/java-11-oracle/lib/libawt.so
7f9e343d0000-7f9e343d1000 r--p 000a0000 08:07 283437                     /usr/lib/jvm/java-11-oracle/lib/libawt.so
7f9e343d1000-7f9e343dc000 rw-p 000a1000 08:07 283437                     /usr/lib/jvm/java-11-oracle/lib/libawt.so
7f9e343dc000-7f9e34401000 rw-p 00000000 00:00 0 
7f9e34401000-7f9e34402000 ---p 00000000 00:00 0 
7f9e34402000-7f9e34503000 rw-p 00000000 00:00 0 
7f9e34503000-7f9e34507000 ---p 00000000 00:00 0 
7f9e34507000-7f9e34604000 rw-p 00000000 00:00 0 
7f9e34604000-7f9e34608000 ---p 00000000 00:00 0 
7f9e34608000-7f9e34705000 rw-p 00000000 00:00 0 
7f9e34705000-7f9e34709000 ---p 00000000 00:00 0 
7f9e34709000-7f9e34806000 rw-p 00000000 00:00 0 
7f9e34806000-7f9e3480a000 ---p 00000000 00:00 0 
7f9e3480a000-7f9e34907000 rw-p 00000000 00:00 0 
7f9e34907000-7f9e3491d000 r-xp 00000000 08:07 283460                     /usr/lib/jvm/java-11-oracle/lib/libnet.so
7f9e3491d000-7f9e34b1d000 ---p 00016000 08:07 283460                     /usr/lib/jvm/java-11-oracle/lib/libnet.so
7f9e34b1d000-7f9e34b1e000 r--p 00016000 08:07 283460                     /usr/lib/jvm/java-11-oracle/lib/libnet.so
7f9e34b1e000-7f9e34b1f000 rw-p 00017000 08:07 283460                     /usr/lib/jvm/java-11-oracle/lib/libnet.so
7f9e34b1f000-7f9e34b2f000 r-xp 00000000 08:07 283461                     /usr/lib/jvm/java-11-oracle/lib/libnio.so
7f9e34b2f000-7f9e34d2e000 ---p 00010000 08:07 283461                     /usr/lib/jvm/java-11-oracle/lib/libnio.so
7f9e34d2e000-7f9e34d2f000 r--p 0000f000 08:07 283461                     /usr/lib/jvm/java-11-oracle/lib/libnio.so
7f9e34d2f000-7f9e34d30000 rw-p 00010000 08:07 283461                     /usr/lib/jvm/java-11-oracle/lib/libnio.so
7f9e34d30000-7f9e34d34000 ---p 00000000 00:00 0 
7f9e34d34000-7f9e34e31000 rw-p 00000000 00:00 0 
7f9e34e31000-7f9e35800000 r--p 00000000 08:07 1187247                    /usr/lib/locale/locale-archive
7f9e35800000-7f9e38000000 rw-p 00000000 00:00 0 
7f9e38000000-7f9e38021000 rw-p 00000000 00:00 0 
7f9e38021000-7f9e3c000000 ---p 00000000 00:00 0 
7f9e3c000000-7f9e3c001000 r--s 00000000 08:07 140895                     /var/cache/fontconfig/16c2fda60d1b4b719f4b3d06fd951d25-le64.cache-7
7f9e3c001000-7f9e3c002000 r--s 00000000 08:07 140934                     /var/cache/fontconfig/a48eab177a16e4f3713381162db2f3e9-le64.cache-7
7f9e3c002000-7f9e3c003000 r--s 00000000 08:07 140915                     /var/cache/fontconfig/564b2e68ac9bc4e36a6f7f6d6125ec1c-le64.cache-7
7f9e3c003000-7f9e3c009000 r--s 00000000 08:07 140901                     /var/cache/fontconfig/3047814df9a2f067bd2d96a2b9c36e5a-le64.cache-7
7f9e3c009000-7f9e3c00a000 r--s 00000000 08:07 140916                     /var/cache/fontconfig/56cf4f4769d0f4abc89a4895d7bd3ae1-le64.cache-7
7f9e3c00a000-7f9e3c00b000 r--s 00000000 08:07 140938                     /var/cache/fontconfig/b9d506c9ac06c20b433354fa67a72993-le64.cache-7
7f9e3c00b000-7f9e3c011000 r--s 00000000 08:07 140936                     /var/cache/fontconfig/b47c4e1ecd0709278f4910c18777a504-le64.cache-7
7f9e3c011000-7f9e3c012000 r--s 00000000 08:07 140903                     /var/cache/fontconfig/370e5b74bf5dafc30834de68e24a87a4-le64.cache-7
7f9e3c012000-7f9e3c013000 r--s 00000000 08:07 137176                     /var/cache/fontconfig/6b2c5944714ca7831b25bed9e85cb5c8-le64.cache-7
7f9e3c013000-7f9e3c014000 r--s 00000000 08:07 140944                     /var/cache/fontconfig/d5178ab6d91b49bf20a416737dcea9e8-le64.cache-7
7f9e3c014000-7f9e3c015000 r--s 00000000 08:07 137175                     /var/cache/fontconfig/551ecf3b0e8b0bca0f25c0944f561853-le64.cache-7
7f9e3c015000-7f9e3c018000 r--s 00000000 08:07 137173                     /var/cache/fontconfig/f259c2cffa685e28062317905db73c4a-le64.cache-7
7f9e3c018000-7f9e3c01a000 r--s 00000000 08:07 137172                     /var/cache/fontconfig/550f3886151c940c12a5ed35f6a00586-le64.cache-7
7f9e3c01a000-7f9e3c01d000 r--s 00000000 08:07 137169                     /var/cache/fontconfig/674d1711f2d1d2a09646eb0bdcadee49-le64.cache-7
7f9e3c01d000-7f9e3c01e000 r--s 00000000 08:07 140906                     /var/cache/fontconfig/3f7329c5293ffd510edef78f73874cfd-le64.cache-7
7f9e3c01e000-7f9e3c022000 r--s 00000000 08:07 137132                     /var/cache/fontconfig/d589a48862398ed80a3d6066f4f56f4c-le64.cache-7
7f9e3c022000-7f9e3c023000 r--s 00000000 08:07 140892                     /var/cache/fontconfig/0c9eb80ebd1c36541ebe2852d3bb0c49-le64.cache-7
7f9e3c023000-7f9e3c024000 r--s 00000000 08:07 140899                     /var/cache/fontconfig/22368d551a680bfe5a62c02760edf4ea-le64.cache-7
7f9e3c024000-7f9e3c025000 r--s 00000000 08:07 140911                     /var/cache/fontconfig/4d9c95eba1cb85bbcf2878543262124a-le64.cache-7
7f9e3c025000-7f9e3c026000 r--s 00000000 08:07 140928                     /var/cache/fontconfig/85e0a52ce643a7ba2ae53e5d6949cead-le64.cache-7
7f9e3c026000-7f9e3c027000 r--s 00000000 08:07 140908                     /var/cache/fontconfig/49f0de54bdd920fe4f0dfd4cbac43e6b-le64.cache-7
7f9e3c027000-7f9e3c028000 r--s 00000000 08:07 140955                     /var/cache/fontconfig/f6e6e0a5c3d2f6ae0c0c2e0ecd42a997-le64.cache-7
7f9e3c028000-7f9e3c029000 r--s 00000000 08:07 140909                     /var/cache/fontconfig/4b2eda6bb976bda485cb2176619421d5-le64.cache-7
7f9e3c029000-7f9e3c037000 r--s 00000000 08:07 140931                     /var/cache/fontconfig/9b89f8e3dae116d678bbf48e5f21f69b-le64.cache-7
7f9e3c037000-7f9e3c039000 r--s 00000000 08:07 140923                     /var/cache/fontconfig/6afa1bb216ce958c1589e297e8008489-le64.cache-7
7f9e3c039000-7f9e3c047000 r--s 00000000 08:07 150041                     /var/cache/fontconfig/e13b20fdb08344e0e664864cc2ede53d-le64.cache-7
7f9e3c047000-7f9e3c052000 r--s 00000000 08:07 140929                     /var/cache/fontconfig/945677eb7aeaf62f1d50efc3fb3ec7d8-le64.cache-7
7f9e3c052000-7f9e3c057000 r--s 00000000 08:07 140900                     /var/cache/fontconfig/2300eef321c393bfd76478a5c0e95b23-le64.cache-7
7f9e3c057000-7f9e3c058000 r--s 00000000 08:07 140893                     /var/cache/fontconfig/0d8c3b2ac0904cb8a57a757ad11a4a08-le64.cache-7
7f9e3c058000-7f9e3c06d000 r--s 00000000 08:07 140889                     /var/cache/fontconfig/04aabc0a78ac019cf9454389977116d2-le64.cache-7
7f9e3c06d000-7f9e3c06e000 r--s 00000000 08:07 140897                     /var/cache/fontconfig/1ac9eb803944fde146138c791f5cc56a-le64.cache-7
7f9e3c06e000-7f9e3c072000 ---p 00000000 00:00 0 
7f9e3c072000-7f9e3c16f000 rw-p 00000000 00:00 0 
7f9e3c16f000-7f9e3c173000 ---p 00000000 00:00 0 
7f9e3c173000-7f9e3c460000 rw-p 00000000 00:00 0 
7f9e3c460000-7f9e3e138000 ---p 00000000 00:00 0 
7f9e3e138000-7f9e3e328000 rw-p 00000000 00:00 0 
7f9e3e328000-7f9e40000000 ---p 00000000 00:00 0 
7f9e40000000-7f9e40021000 rw-p 00000000 00:00 0 
7f9e40021000-7f9e44000000 ---p 00000000 00:00 0 
7f9e44000000-7f9e44001000 r--s 00000000 08:07 140948                     /var/cache/fontconfig/dc05db6664285cc2f12bf69c139ae4c3-le64.cache-7
7f9e44001000-7f9e44003000 r--s 00000000 08:07 140894                     /var/cache/fontconfig/14a5e22175779b556eaa434240950366-le64.cache-7
7f9e44003000-7f9e44004000 r--s 00000000 08:07 140921                     /var/cache/fontconfig/660208299946a285a940457d1287da33-le64.cache-7
7f9e44004000-7f9e44006000 r--s 00000000 08:07 140912                     /var/cache/fontconfig/4f3e3037c9980c83b53a9351efadef62-le64.cache-7
7f9e44006000-7f9e44008000 r--s 00000000 08:07 140926                     /var/cache/fontconfig/767a8244fc0220cfb567a839d0392e0b-le64.cache-7
7f9e44008000-7f9e44009000 r--s 00000000 08:07 134468                     /var/cache/fontconfig/4794a0821666d79190d59a36cb4f44b5-le64.cache-7
7f9e44009000-7f9e4400b000 r--s 00000000 08:07 140891                     /var/cache/fontconfig/0bd3dc0958fa2205aaaa8ebb13e2872b-le64.cache-7
7f9e4400b000-7f9e44010000 r--s 00000000 08:07 140949                     /var/cache/fontconfig/def309198bfa603429122923fa2bb2d4-le64.cache-7
7f9e44010000-7f9e44011000 r--s 00000000 08:07 140937                     /var/cache/fontconfig/b872e6e592da6075ffa4ab0a1fcc0c75-le64.cache-7
7f9e44011000-7f9e44012000 r--s 00000000 08:07 140954                     /var/cache/fontconfig/f6d4eedfaab2589bde49f7a3ff831d22-le64.cache-7
7f9e44012000-7f9e44013000 r--s 00000000 08:07 140919                     /var/cache/fontconfig/589f83ef4c36d296ce6e1c846f468f08-le64.cache-7
7f9e44013000-7f9e44014000 r--s 00000000 08:07 140939                     /var/cache/fontconfig/bab58bb527bb656aaa9f116d68a48d89-le64.cache-7
7f9e44014000-7f9e44015000 r--s 00000000 08:07 140898                     /var/cache/fontconfig/2171a34dccabdb6bcbbc728186263178-le64.cache-7
7f9e44015000-7f9e44016000 r--s 00000000 08:07 140940                     /var/cache/fontconfig/c5c45a61289222e0d30b1a26ef4effbe-le64.cache-7
7f9e44016000-7f9e44017000 r--s 00000000 08:07 140935                     /var/cache/fontconfig/aec30016f93e1b46d1a973dce0d74068-le64.cache-7
7f9e44017000-7f9e44018000 r--s 00000000 08:07 140905                     /var/cache/fontconfig/3f589640d34b7dc9042c8d453f7c8b9c-le64.cache-7
7f9e44018000-7f9e44019000 r--s 00000000 08:07 140895                     /var/cache/fontconfig/16c2fda60d1b4b719f4b3d06fd951d25-le64.cache-7
7f9e44019000-7f9e4401a000 r--s 00000000 08:07 140934                     /var/cache/fontconfig/a48eab177a16e4f3713381162db2f3e9-le64.cache-7
7f9e4401a000-7f9e4401b000 r--s 00000000 08:07 140915                     /var/cache/fontconfig/564b2e68ac9bc4e36a6f7f6d6125ec1c-le64.cache-7
7f9e4401b000-7f9e44020000 r--s 00000000 08:07 134391                     /var/cache/fontconfig/9d2451b1fd30e5bffe8383fd27c35478-le64.cache-7
7f9e44020000-7f9e44026000 r--s 00000000 08:07 140901                     /var/cache/fontconfig/3047814df9a2f067bd2d96a2b9c36e5a-le64.cache-7
7f9e44026000-7f9e44027000 r--s 00000000 08:07 140916                     /var/cache/fontconfig/56cf4f4769d0f4abc89a4895d7bd3ae1-le64.cache-7
7f9e44027000-7f9e44028000 r--s 00000000 08:07 140938                     /var/cache/fontconfig/b9d506c9ac06c20b433354fa67a72993-le64.cache-7
7f9e44028000-7f9e4402e000 r--s 00000000 08:07 140936                     /var/cache/fontconfig/b47c4e1ecd0709278f4910c18777a504-le64.cache-7
7f9e4402e000-7f9e44041000 r--s 00000000 08:07 140945                     /var/cache/fontconfig/d52a8644073d54c13679302ca1180695-le64.cache-7
7f9e44041000-7f9e44042000 r--s 00000000 08:07 140903                     /var/cache/fontconfig/370e5b74bf5dafc30834de68e24a87a4-le64.cache-7
7f9e44042000-7f9e44043000 r--s 00000000 08:07 137176                     /var/cache/fontconfig/6b2c5944714ca7831b25bed9e85cb5c8-le64.cache-7
7f9e44043000-7f9e44044000 r--s 00000000 08:07 140944                     /var/cache/fontconfig/d5178ab6d91b49bf20a416737dcea9e8-le64.cache-7
7f9e44044000-7f9e44045000 r--s 00000000 08:07 137175                     /var/cache/fontconfig/551ecf3b0e8b0bca0f25c0944f561853-le64.cache-7
7f9e44045000-7f9e44048000 r--s 00000000 08:07 137173                     /var/cache/fontconfig/f259c2cffa685e28062317905db73c4a-le64.cache-7
7f9e44048000-7f9e4404a000 r--s 00000000 08:07 137172                     /var/cache/fontconfig/550f3886151c940c12a5ed35f6a00586-le64.cache-7
7f9e4404a000-7f9e4404d000 r--s 00000000 08:07 137169                     /var/cache/fontconfig/674d1711f2d1d2a09646eb0bdcadee49-le64.cache-7
7f9e4404d000-7f9e4404e000 r--s 00000000 08:07 140906                     /var/cache/fontconfig/3f7329c5293ffd510edef78f73874cfd-le64.cache-7
7f9e4404e000-7f9e44052000 r--s 00000000 08:07 137132                     /var/cache/fontconfig/d589a48862398ed80a3d6066f4f56f4c-le64.cache-7
7f9e44052000-7f9e44053000 r--s 00000000 08:07 140892                     /var/cache/fontconfig/0c9eb80ebd1c36541ebe2852d3bb0c49-le64.cache-7
7f9e44053000-7f9e44054000 r--s 00000000 08:07 140899                     /var/cache/fontconfig/22368d551a680bfe5a62c02760edf4ea-le64.cache-7
7f9e44054000-7f9e44062000 r--s 00000000 08:07 140931                     /var/cache/fontconfig/9b89f8e3dae116d678bbf48e5f21f69b-le64.cache-7
7f9e44062000-7f9e44093000 r--p 00000000 08:07 395461                     /usr/share/glib-2.0/schemas/gschemas.compiled
7f9e44093000-7f9e440b3000 r--p 00000000 08:07 272201                     /usr/share/locale-langpack/it/LC_MESSAGES/glib20.mo
7f9e440b3000-7f9e440b7000 ---p 00000000 00:00 0 
7f9e440b7000-7f9e441b4000 rw-p 00000000 00:00 0 
7f9e441b4000-7f9e441b8000 ---p 00000000 00:00 0 
7f9e441b8000-7f9e442b5000 rw-p 00000000 00:00 0 
7f9e442b5000-7f9e442b9000 ---p 00000000 00:00 0 
7f9e442b9000-7f9e443b6000 rw-p 00000000 00:00 0 
7f9e443b6000-7f9e443b7000 ---p 00000000 00:00 0 
7f9e443b7000-7f9e44539000 rw-p 00000000 00:00 0 
7f9e44539000-7f9e4453a000 ---p 00000000 00:00 0 
7f9e4453a000-7f9e4463b000 rw-p 00000000 00:00 0 
7f9e4463b000-7f9e4463c000 ---p 00000000 00:00 0 
7f9e4463c000-7f9e44c42000 rw-p 00000000 00:00 0 
7f9e44c42000-7f9e44eb2000 rwxp 00000000 00:00 0 
7f9e44eb2000-7f9e451d3000 ---p 00000000 00:00 0 
7f9e451d3000-7f9e45483000 rwxp 00000000 00:00 0 
7f9e45483000-7f9e4c70a000 ---p 00000000 00:00 0 
7f9e4c70a000-7f9e4c97a000 rwxp 00000000 00:00 0 
7f9e4c97a000-7f9e53c42000 ---p 00000000 00:00 0 
7f9e53c42000-7f9e5c000000 r--s 00000000 08:07 283471                     /usr/lib/jvm/java-11-oracle/lib/modules
7f9e5c000000-7f9e5c435000 rw-p 00000000 00:00 0 
7f9e5c435000-7f9e60000000 ---p 00000000 00:00 0 
7f9e60000000-7f9e60021000 r--p 00000000 08:07 266533                     /usr/share/locale-langpack/it/LC_MESSAGES/libc.mo
7f9e60021000-7f9e603d8000 rw-p 00000000 00:00 0 
7f9e603d8000-7f9e603d9000 ---p 00000000 00:00 0 
7f9e603d9000-7f9e604da000 rw-p 00000000 00:00 0 
7f9e604da000-7f9e604db000 ---p 00000000 00:00 0 
7f9e604db000-7f9e6061a000 rw-p 00000000 00:00 0 
7f9e6061a000-7f9e609b5000 ---p 00000000 00:00 0 
7f9e609b5000-7f9e609f3000 rw-p 00000000 00:00 0 
7f9e609f3000-7f9e60d8e000 ---p 00000000 00:00 0 
7f9e60d8e000-7f9e60dcc000 rw-p 00000000 00:00 0 
7f9e60dcc000-7f9e61167000 ---p 00000000 00:00 0 
7f9e61167000-7f9e6196f000 rw-p 00000000 00:00 0 
7f9e6196f000-7f9e61970000 ---p 00000000 00:00 0 
7f9e61970000-7f9e61a76000 rw-p 00000000 00:00 0 
7f9e61a76000-7f9e61b5c000 ---p 00000000 00:00 0 
7f9e61b5c000-7f9e61b62000 rw-p 00000000 00:00 0 
7f9e61b62000-7f9e61c47000 ---p 00000000 00:00 0 
7f9e61c47000-7f9e61c62000 r-xp 00000000 08:07 283452                     /usr/lib/jvm/java-11-oracle/lib/libjimage.so
7f9e61c62000-7f9e61e61000 ---p 0001b000 08:07 283452                     /usr/lib/jvm/java-11-oracle/lib/libjimage.so
7f9e61e61000-7f9e61e63000 r--p 0001a000 08:07 283452                     /usr/lib/jvm/java-11-oracle/lib/libjimage.so
7f9e61e63000-7f9e61e64000 rw-p 0001c000 08:07 283452                     /usr/lib/jvm/java-11-oracle/lib/libjimage.so
7f9e61e64000-7f9e61e6b000 r-xp 00000000 08:07 283470                     /usr/lib/jvm/java-11-oracle/lib/libzip.so
7f9e61e6b000-7f9e6206a000 ---p 00007000 08:07 283470                     /usr/lib/jvm/java-11-oracle/lib/libzip.so
7f9e6206a000-7f9e6206b000 r--p 00006000 08:07 283470                     /usr/lib/jvm/java-11-oracle/lib/libzip.so
7f9e6206b000-7f9e6206c000 rw-p 00007000 08:07 283470                     /usr/lib/jvm/java-11-oracle/lib/libzip.so
7f9e6206c000-7f9e62077000 r-xp 00000000 08:07 923293                     /lib/x86_64-linux-gnu/libnss_files-2.27.so
7f9e62077000-7f9e62276000 ---p 0000b000 08:07 923293                     /lib/x86_64-linux-gnu/libnss_files-2.27.so
7f9e62276000-7f9e62277000 r--p 0000a000 08:07 923293                     /lib/x86_64-linux-gnu/libnss_files-2.27.so
7f9e62277000-7f9e62278000 rw-p 0000b000 08:07 923293                     /lib/x86_64-linux-gnu/libnss_files-2.27.so
7f9e62278000-7f9e6227e000 rw-p 00000000 00:00 0 
7f9e6227e000-7f9e62295000 r-xp 00000000 08:07 923287                     /lib/x86_64-linux-gnu/libnsl-2.27.so
7f9e62295000-7f9e62494000 ---p 00017000 08:07 923287                     /lib/x86_64-linux-gnu/libnsl-2.27.so
7f9e62494000-7f9e62495000 r--p 00016000 08:07 923287                     /lib/x86_64-linux-gnu/libnsl-2.27.so
7f9e62495000-7f9e62496000 rw-p 00017000 08:07 923287                     /lib/x86_64-linux-gnu/libnsl-2.27.so
7f9e62496000-7f9e62498000 rw-p 00000000 00:00 0 
7f9e62498000-7f9e624a3000 r-xp 00000000 08:07 923304                     /lib/x86_64-linux-gnu/libnss_nis-2.27.so
7f9e624a3000-7f9e626a2000 ---p 0000b000 08:07 923304                     /lib/x86_64-linux-gnu/libnss_nis-2.27.so
7f9e626a2000-7f9e626a3000 r--p 0000a000 08:07 923304                     /lib/x86_64-linux-gnu/libnss_nis-2.27.so
7f9e626a3000-7f9e626a4000 rw-p 0000b000 08:07 923304                     /lib/x86_64-linux-gnu/libnss_nis-2.27.so
7f9e626a4000-7f9e626ac000 r-xp 00000000 08:07 923289                     /lib/x86_64-linux-gnu/libnss_compat-2.27.so
7f9e626ac000-7f9e628ac000 ---p 00008000 08:07 923289                     /lib/x86_64-linux-gnu/libnss_compat-2.27.so
7f9e628ac000-7f9e628ad000 r--p 00008000 08:07 923289                     /lib/x86_64-linux-gnu/libnss_compat-2.27.so
7f9e628ad000-7f9e628ae000 rw-p 00009000 08:07 923289                     /lib/x86_64-linux-gnu/libnss_compat-2.27.so
7f9e628ae000-7f9e628d7000 r-xp 00000000 08:07 283448                     /usr/lib/jvm/java-11-oracle/lib/libjava.so
7f9e628d7000-7f9e62ad7000 ---p 00029000 08:07 283448                     /usr/lib/jvm/java-11-oracle/lib/libjava.so
7f9e62ad7000-7f9e62ad8000 r--p 00029000 08:07 283448                     /usr/lib/jvm/java-11-oracle/lib/libjava.so
7f9e62ad8000-7f9e62ada000 rw-p 0002a000 08:07 283448                     /usr/lib/jvm/java-11-oracle/lib/libjava.so
7f9e62ada000-7f9e62ae7000 r-xp 00000000 08:07 283469                     /usr/lib/jvm/java-11-oracle/lib/libverify.so
7f9e62ae7000-7f9e62ce6000 ---p 0000d000 08:07 283469                     /usr/lib/jvm/java-11-oracle/lib/libverify.so
7f9e62ce6000-7f9e62ce8000 r--p 0000c000 08:07 283469                     /usr/lib/jvm/java-11-oracle/lib/libverify.so
7f9e62ce8000-7f9e62ce9000 rw-p 0000e000 08:07 283469                     /usr/lib/jvm/java-11-oracle/lib/libverify.so
7f9e62ce9000-7f9e62cf0000 r-xp 00000000 08:07 923344                     /lib/x86_64-linux-gnu/librt-2.27.so
7f9e62cf0000-7f9e62eef000 ---p 00007000 08:07 923344                     /lib/x86_64-linux-gnu/librt-2.27.so
7f9e62eef000-7f9e62ef0000 r--p 00006000 08:07 923344                     /lib/x86_64-linux-gnu/librt-2.27.so
7f9e62ef0000-7f9e62ef1000 rw-p 00007000 08:07 923344                     /lib/x86_64-linux-gnu/librt-2.27.so
7f9e62ef1000-7f9e6308e000 r-xp 00000000 08:07 923266                     /lib/x86_64-linux-gnu/libm-2.27.so
7f9e6308e000-7f9e6328d000 ---p 0019d000 08:07 923266                     /lib/x86_64-linux-gnu/libm-2.27.so
7f9e6328d000-7f9e6328e000 r--p 0019c000 08:07 923266                     /lib/x86_64-linux-gnu/libm-2.27.so
7f9e6328e000-7f9e6328f000 rw-p 0019d000 08:07 923266                     /lib/x86_64-linux-gnu/libm-2.27.so
7f9e6328f000-7f9e643ce000 r-xp 00000000 08:07 283482                     /usr/lib/jvm/java-11-oracle/lib/server/libjvm.so
7f9e643ce000-7f9e645ce000 ---p 0113f000 08:07 283482                     /usr/lib/jvm/java-11-oracle/lib/server/libjvm.so
7f9e645ce000-7f9e6468d000 r--p 0113f000 08:07 283482                     /usr/lib/jvm/java-11-oracle/lib/server/libjvm.so
7f9e6468d000-7f9e646c6000 rw-p 011fe000 08:07 283482                     /usr/lib/jvm/java-11-oracle/lib/server/libjvm.so
7f9e646c6000-7f9e6471c000 rw-p 00000000 00:00 0 
7f9e6471c000-7f9e64903000 r-xp 00000000 08:07 923203                     /lib/x86_64-linux-gnu/libc-2.27.so
7f9e64903000-7f9e64b03000 ---p 001e7000 08:07 923203                     /lib/x86_64-linux-gnu/libc-2.27.so
7f9e64b03000-7f9e64b07000 r--p 001e7000 08:07 923203                     /lib/x86_64-linux-gnu/libc-2.27.so
7f9e64b07000-7f9e64b09000 rw-p 001eb000 08:07 923203                     /lib/x86_64-linux-gnu/libc-2.27.so
7f9e64b09000-7f9e64b0d000 rw-p 00000000 00:00 0 
7f9e64b0d000-7f9e64b10000 r-xp 00000000 08:07 923226                     /lib/x86_64-linux-gnu/libdl-2.27.so
7f9e64b10000-7f9e64d0f000 ---p 00003000 08:07 923226                     /lib/x86_64-linux-gnu/libdl-2.27.so
7f9e64d0f000-7f9e64d10000 r--p 00002000 08:07 923226                     /lib/x86_64-linux-gnu/libdl-2.27.so
7f9e64d10000-7f9e64d11000 rw-p 00003000 08:07 923226                     /lib/x86_64-linux-gnu/libdl-2.27.so
7f9e64d11000-7f9e64d21000 r-xp 00000000 08:07 283433                     /usr/lib/jvm/java-11-oracle/lib/jli/libjli.so
7f9e64d21000-7f9e64f20000 ---p 00010000 08:07 283433                     /usr/lib/jvm/java-11-oracle/lib/jli/libjli.so
7f9e64f20000-7f9e64f21000 r--p 0000f000 08:07 283433                     /usr/lib/jvm/java-11-oracle/lib/jli/libjli.so
7f9e64f21000-7f9e64f22000 rw-p 00010000 08:07 283433                     /usr/lib/jvm/java-11-oracle/lib/jli/libjli.so
7f9e64f22000-7f9e64f3c000 r-xp 00000000 08:07 923336                     /lib/x86_64-linux-gnu/libpthread-2.27.so
7f9e64f3c000-7f9e6513b000 ---p 0001a000 08:07 923336                     /lib/x86_64-linux-gnu/libpthread-2.27.so
7f9e6513b000-7f9e6513c000 r--p 00019000 08:07 923336                     /lib/x86_64-linux-gnu/libpthread-2.27.so
7f9e6513c000-7f9e6513d000 rw-p 0001a000 08:07 923336                     /lib/x86_64-linux-gnu/libpthread-2.27.so
7f9e6513d000-7f9e65141000 rw-p 00000000 00:00 0 
7f9e65141000-7f9e6515d000 r-xp 00000000 08:07 923375                     /lib/x86_64-linux-gnu/libz.so.1.2.11
7f9e6515d000-7f9e6535c000 ---p 0001c000 08:07 923375                     /lib/x86_64-linux-gnu/libz.so.1.2.11
7f9e6535c000-7f9e6535d000 r--p 0001b000 08:07 923375                     /lib/x86_64-linux-gnu/libz.so.1.2.11
7f9e6535d000-7f9e6535e000 rw-p 0001c000 08:07 923375                     /lib/x86_64-linux-gnu/libz.so.1.2.11
7f9e6535e000-7f9e65385000 r-xp 00000000 08:07 923175                     /lib/x86_64-linux-gnu/ld-2.27.so
7f9e65385000-7f9e65386000 r--s 00000000 08:07 140911                     /var/cache/fontconfig/4d9c95eba1cb85bbcf2878543262124a-le64.cache-7
7f9e65386000-7f9e65387000 r--s 00000000 08:07 140928                     /var/cache/fontconfig/85e0a52ce643a7ba2ae53e5d6949cead-le64.cache-7
7f9e65387000-7f9e65395000 r--s 00000000 08:07 150041                     /var/cache/fontconfig/e13b20fdb08344e0e664864cc2ede53d-le64.cache-7
7f9e65395000-7f9e6539b000 r--p 00000000 08:07 663569                     /home/ale/.config/dconf/user (deleted)
7f9e6539b000-7f9e653a2000 r--s 00000000 08:07 1317562                    /usr/lib/x86_64-linux-gnu/gconv/gconv-modules.cache
7f9e653a2000-7f9e65464000 rw-p 00000000 00:00 0 
7f9e65464000-7f9e65468000 ---p 00000000 00:00 0 
7f9e65468000-7f9e65569000 rw-p 00000000 00:00 0 
7f9e65569000-7f9e6556a000 r--s 00000000 08:07 140908                     /var/cache/fontconfig/49f0de54bdd920fe4f0dfd4cbac43e6b-le64.cache-7
7f9e6556a000-7f9e6556b000 r--s 00000000 08:07 140955                     /var/cache/fontconfig/f6e6e0a5c3d2f6ae0c0c2e0ecd42a997-le64.cache-7
7f9e6556b000-7f9e6556c000 r--s 00000000 08:07 140909                     /var/cache/fontconfig/4b2eda6bb976bda485cb2176619421d5-le64.cache-7
7f9e6556c000-7f9e6556e000 r--s 00000000 08:07 140923                     /var/cache/fontconfig/6afa1bb216ce958c1589e297e8008489-le64.cache-7
7f9e6556e000-7f9e6556f000 r--s 00000000 00:36 33                         /run/user/1000/dconf/user (deleted)
7f9e6556f000-7f9e65574000 rw-p 00000000 00:00 0 
7f9e65574000-7f9e6557b000 ---p 00000000 00:00 0 
7f9e6557b000-7f9e65583000 rw-s 00000000 08:07 1313039                    /tmp/hsperfdata_ale/2652
7f9e65583000-7f9e65584000 ---p 00000000 00:00 0 
7f9e65584000-7f9e65585000 r--p 00000000 00:00 0 
7f9e65585000-7f9e65586000 r--p 00027000 08:07 923175                     /lib/x86_64-linux-gnu/ld-2.27.so
7f9e65586000-7f9e65587000 rw-p 00028000 08:07 923175                     /lib/x86_64-linux-gnu/ld-2.27.so
7f9e65587000-7f9e65588000 rw-p 00000000 00:00 0 
7ffd88a85000-7ffd88aa6000 rw-p 00000000 00:00 0                          [stack]
7ffd88bd2000-7ffd88bd5000 r--p 00000000 00:00 0                          [vvar]
7ffd88bd5000-7ffd88bd7000 r-xp 00000000 00:00 0                          [vdso]
ffffffffff600000-ffffffffff601000 r-xp 00000000 00:00 0                  [vsyscall]


VM Arguments:
jvm_args: --module-path=/usr/lib/jvm/java-11-oracle/lib/jdk-8u212-linux-x64/javafx-sdk-12.0.1/lib --add-modules=javafx.controls,javafx.fxml -Dfile.encoding=UTF-8 
java_command: server.ServerGUI
java_class_path (initial): /home/ale/eclipse-workspace/PCAD.PROJECT.SERVER/bin:/home/ale/eclipse-workspace/PCAD.PROJECT.SHARED/bin:/usr/lib/jvm/java-11-oracle/lib/jdk-8u212-linux-x64/jdk1.8.0_212/jre/lib/ext/jfxrt.jar
Launcher Type: SUN_STANDARD

[Global flags]
     intx CICompilerCount                          = 4                                         {product} {ergonomic}
     uint ConcGCThreads                            = 2                                         {product} {ergonomic}
     uint G1ConcRefinementThreads                  = 8                                         {product} {ergonomic}
   size_t G1HeapRegionSize                         = 1048576                                   {product} {ergonomic}
    uintx GCDrainStackTargetSize                   = 64                                        {product} {ergonomic}
   size_t InitialHeapSize                          = 130023424                                 {product} {ergonomic}
   size_t MarkStackSize                            = 4194304                                   {product} {ergonomic}
   size_t MaxHeapSize                              = 2065694720                                {product} {ergonomic}
   size_t MaxNewSize                               = 1239416832                                {product} {ergonomic}
   size_t MinHeapDeltaBytes                        = 1048576                                   {product} {ergonomic}
    uintx NonNMethodCodeHeapSize                   = 5835340                                {pd product} {ergonomic}
    uintx NonProfiledCodeHeapSize                  = 122911450                              {pd product} {ergonomic}
    uintx ProfiledCodeHeapSize                     = 122911450                              {pd product} {ergonomic}
    uintx ReservedCodeCacheSize                    = 251658240                              {pd product} {ergonomic}
     bool SegmentedCodeCache                       = true                                      {product} {ergonomic}
     bool UseCompressedClassPointers               = true                                 {lp64_product} {ergonomic}
     bool UseCompressedOops                        = true                                 {lp64_product} {ergonomic}
     bool UseG1GC                                  = true                                      {product} {ergonomic}

Logging:
Log output configuration:
 #0: stdout all=warning uptime,level,tags
 #1: stderr all=off uptime,level,tags

Environment Variables:
JAVA_HOME=/usr/lib/jvm/java-11-oracle
PATH=/usr/local/sbin:/usr/local/bin:/usr/sbin:/usr/bin:/sbin:/bin:/usr/games:/usr/local/games:/snap/bin:/usr/lib/jvm/java-11-oracle/bin:/usr/lib/jvm/java-11-oracle/db/bin
USERNAME=ale
SHELL=/bin/bash
DISPLAY=:0

Signal Handlers:
SIGSEGV: [libjvm.so+0xe2adf0], sa_mask[0]=11111111011111111101111111111110, sa_flags=SA_RESTART|SA_SIGINFO
SIGBUS: [libjvm.so+0xe2adf0], sa_mask[0]=11111111011111111101111111111110, sa_flags=SA_RESTART|SA_SIGINFO
SIGFPE: [libjvm.so+0xe2adf0], sa_mask[0]=11111111011111111101111111111110, sa_flags=SA_RESTART|SA_SIGINFO
SIGPIPE: SIG_IGN, sa_mask[0]=00000000000010000000000000000000, sa_flags=SA_RESTART
SIGXFSZ: [libjvm.so+0xbff5b0], sa_mask[0]=11111111011111111101111111111110, sa_flags=SA_RESTART|SA_SIGINFO
SIGILL: [libjvm.so+0xe2adf0], sa_mask[0]=11111111011111111101111111111110, sa_flags=SA_RESTART|SA_SIGINFO
SIGUSR2: [libjvm.so+0xbff450], sa_mask[0]=00100000000000000000000000000000, sa_flags=SA_RESTART|SA_SIGINFO
SIGHUP: [libjvm.so+0xbff7b0], sa_mask[0]=11111111011111111101111111111110, sa_flags=SA_RESTART|SA_SIGINFO
SIGINT: [libjvm.so+0xbff7b0], sa_mask[0]=11111111011111111101111111111110, sa_flags=SA_RESTART|SA_SIGINFO
SIGTERM: [libjvm.so+0xbff7b0], sa_mask[0]=11111111011111111101111111111110, sa_flags=SA_RESTART|SA_SIGINFO
SIGQUIT: [libjvm.so+0xbff7b0], sa_mask[0]=11111111011111111101111111111110, sa_flags=SA_RESTART|SA_SIGINFO


---------------  S Y S T E M  ---------------

OS:DISTRIB_ID=Ubuntu
DISTRIB_RELEASE=18.04
DISTRIB_CODENAME=bionic
DISTRIB_DESCRIPTION="Ubuntu 18.04.1 LTS"
uname:Linux 4.15.0-54-generic #58-Ubuntu SMP Mon Jun 24 10:55:24 UTC 2019 x86_64
libc:glibc 2.27 NPTL 2.27 
rlimit: STACK 8192k, CORE 0k, NPROC 31090, NOFILE 4096, AS infinity, DATA infinity, FSIZE infinity
load average:1,19 0,89 0,65

/proc/meminfo:
MemTotal:        8062624 kB
MemFree:         5213240 kB
MemAvailable:    6092904 kB
Buffers:           91920 kB
Cached:          1278940 kB
SwapCached:            0 kB
Active:          1791156 kB
Inactive:         807912 kB
Active(anon):    1228980 kB
Inactive(anon):   299124 kB
Active(file):     562176 kB
Inactive(file):   508788 kB
Unevictable:          64 kB
Mlocked:              64 kB
SwapTotal:       1214980 kB
SwapFree:        1214980 kB
Dirty:              1632 kB
Writeback:             0 kB
AnonPages:       1227224 kB
Mapped:           194596 kB
Shmem:            300484 kB
Slab:             123336 kB
SReclaimable:      68516 kB
SUnreclaim:        54820 kB
KernelStack:        5428 kB
PageTables:         9616 kB
NFS_Unstable:          0 kB
Bounce:                0 kB
WritebackTmp:          0 kB
CommitLimit:     5246292 kB
Committed_AS:    1703160 kB
VmallocTotal:   34359738367 kB
VmallocUsed:           0 kB
VmallocChunk:          0 kB
HardwareCorrupted:     0 kB
AnonHugePages:         0 kB
ShmemHugePages:        0 kB
ShmemPmdMapped:        0 kB
CmaTotal:              0 kB
CmaFree:               0 kB
HugePages_Total:       0
HugePages_Free:        0
HugePages_Rsvd:        0
HugePages_Surp:        0
Hugepagesize:       2048 kB
DirectMap4k:      227468 kB
DirectMap2M:     4911104 kB
DirectMap1G:     3145728 kB


/proc/sys/kernel/threads-max (system-wide limit on the number of threads):
62181


/proc/sys/vm/max_map_count (maximum number of memory map areas a process may have):
65530


/proc/sys/kernel/pid_max (system-wide limit on number of process identifiers):
32768



container (cgroup) information:
container_type: cgroupv1
cpu_cpuset_cpus: 0-7
cpu_memory_nodes: 0
active_processor_count: 8
cpu_quota: -1
cpu_period: 100000
cpu_shares: -1
memory_limit_in_bytes: -1
memory_and_swap_limit_in_bytes: -2
memory_soft_limit_in_bytes: -1
memory_usage_in_bytes: 2659905536
memory_max_usage_in_bytes: 0


CPU:total 8 (initial active 8) (4 cores per cpu, 2 threads per core) family 6 model 142 stepping 10, cmov, cx8, fxsr, mmx, sse, sse2, sse3, ssse3, sse4.1, sse4.2, popcnt, avx, avx2, aes, clmul, erms, 3dnowpref, lzcnt, ht, tsc, tscinvbit, bmi1, bmi2, adx, fma
CPU Model and flags from /proc/cpuinfo:
model name	: Intel(R) Core(TM) i5-8250U CPU @ 1.60GHz
flags		: fpu vme de pse tsc msr pae mce cx8 apic sep mtrr pge mca cmov pat pse36 clflush dts acpi mmx fxsr sse sse2 ss ht tm pbe syscall nx pdpe1gb rdtscp lm constant_tsc art arch_perfmon pebs bts rep_good nopl xtopology nonstop_tsc cpuid aperfmperf tsc_known_freq pni pclmulqdq dtes64 monitor ds_cpl vmx est tm2 ssse3 sdbg fma cx16 xtpr pdcm pcid sse4_1 sse4_2 x2apic movbe popcnt tsc_deadline_timer aes xsave avx f16c rdrand lahf_lm abm 3dnowprefetch cpuid_fault epb invpcid_single pti ssbd ibrs ibpb stibp tpr_shadow vnmi flexpriority ept vpid fsgsbase tsc_adjust bmi1 avx2 smep bmi2 erms invpcid mpx rdseed adx smap clflushopt intel_pt xsaveopt xsavec xgetbv1 xsaves dtherm ida arat pln pts hwp hwp_notify hwp_act_window hwp_epp md_clear flush_l1d

Memory: 4k page, physical 8062624k(5216580k free), swap 1214980k(1214980k free)

vm_info: Java HotSpot(TM) 64-Bit Server VM (11.0.2+9-LTS) for linux-amd64 JRE (11.0.2+9-LTS), built on Jan 17 2019 21:22:50 by "mach5one" with gcc 7.3.0

END.
