#
# A fatal error has been detected by the Java Runtime Environment:
#
#  SIGSEGV (0xb) at pc=0x00007f2decc9d425, pid=4898, tid=4927
#
# JRE version: Java(TM) SE Runtime Environment (11.0.2+9) (build 11.0.2+9-LTS)
# Java VM: Java HotSpot(TM) 64-Bit Server VM (11.0.2+9-LTS, mixed mode, tiered, compressed oops, g1 gc, linux-amd64)
# Problematic frame:
# v  ~BufferBlob::jni_fast_GetLongField
#
# Core dump will be written. Default location: Core dumps may be processed with "/usr/share/apport/apport %p %s %c %d %P" (or dumping to /home/ale/eclipse-workspace/PCAD.PROJECT.SERVER/core.4898)
#
# If you would like to submit a bug report, please visit:
#   http://bugreport.java.com/bugreport/crash.jsp
# The crash happened outside the Java Virtual Machine in native code.
# See problematic frame for where to report the bug.
#

---------------  S U M M A R Y ------------

Command Line: --module-path=/usr/lib/jvm/java-11-oracle/lib/jdk-8u212-linux-x64/javafx-sdk-12.0.1/lib --add-modules=javafx.controls,javafx.fxml -Dfile.encoding=UTF-8 server.ServerGUI

Host: Intel(R) Core(TM) i5-8250U CPU @ 1.60GHz, 8 cores, 7G, Ubuntu 18.04.1 LTS
Time: Wed Jul 10 13:58:34 2019 CEST elapsed time: 3079 seconds (0d 0h 51m 19s)

---------------  T H R E A D  ---------------

Current thread (0x00007f2e04458000):  JavaThread "AWT-XAWT" daemon [_thread_in_native, id=4927, stack(0x00007f2dc2f05000,0x00007f2dc3006000)]

Stack: [0x00007f2dc2f05000,0x00007f2dc3006000],  sp=0x00007f2dc3004798,  free space=1021k
Native frames: (J=compiled Java code, A=aot compiled Java code, j=interpreted, Vv=VM code, C=native code)
v  ~BufferBlob::jni_fast_GetLongField

Java frames: (J=compiled Java code, j=interpreted, Vv=VM code)
J 1828  sun.awt.X11.XlibWrapper.XFilterEvent(JJ)Z java.desktop@11.0.2 (0 bytes) @ 0x00007f2df475a784 [0x00007f2df475a740+0x0000000000000044]
j  sun.awt.X11.XToolkit.run(Z)V+287 java.desktop@11.0.2
j  sun.awt.X11.XToolkit.run()V+5 java.desktop@11.0.2
j  java.lang.Thread.run()V+11 java.base@11.0.2
v  ~StubRoutines::call_stub

siginfo: si_signo: 11 (SIGSEGV), si_code: 1 (SEGV_MAPERR), si_addr: 0x0000000000000000

Register to memory mapping:

RAX=0x00007f2e0aec1000: <offset 0x0000000001405000> in /usr/lib/jvm/java-11-oracle/lib/server/libjvm.so at 0x00007f2e09abc000
RBX=0x00007f2e04458340 points into unknown readable memory: 00 10 ec 0a 2e 7f 00 00
RCX=0x0000000000000001 is an unknown value
RDX=0x0000000000000042 is an unknown value
RSP=0x00007f2dc3004798 is pointing into the stack for thread: 0x00007f2e04458000
RBP=0x00007f2dc30047c0 is pointing into the stack for thread: 0x00007f2e04458000
RSI=0x0 is NULL
RDI=0x00007f2e04458340 points into unknown readable memory: 00 10 ec 0a 2e 7f 00 00
R8 =0x00007f2dc22e09b0: <offset 0x000000000005c9b0> in /usr/lib/x86_64-linux-gnu/libX11.so.6 at 0x00007f2dc2284000
R9 =0x0 is NULL
R10=0x0000000000000202 is an unknown value
R11=0x0000000000000010 is an unknown value
R12=0x0 is NULL
R13=0x0 is NULL
R14=0x00007f2dc3004840 is pointing into the stack for thread: 0x00007f2e04458000
R15=0x00007f2e04458000 is a thread


Registers:
RAX=0x00007f2e0aec1000, RBX=0x00007f2e04458340, RCX=0x0000000000000001, RDX=0x0000000000000042
RSP=0x00007f2dc3004798, RBP=0x00007f2dc30047c0, RSI=0x0000000000000000, RDI=0x00007f2e04458340
R8 =0x00007f2dc22e09b0, R9 =0x0000000000000000, R10=0x0000000000000202, R11=0x0000000000000010
R12=0x0000000000000000, R13=0x0000000000000000, R14=0x00007f2dc3004840, R15=0x00007f2e04458000
RIP=0x00007f2decc9d425, EFLAGS=0x0000000000010246, CSGSFS=0x002b000000000033, ERR=0x0000000000000004
  TRAPNO=0x000000000000000e

Top of Stack: (sp=0x00007f2dc3004798)
0x00007f2dc3004798:   00007f2dc28044a3 00007f2dc30048d0
0x00007f2dc30047a8:   00007f2dc1220040 0000000000000000
0x00007f2dc30047b8:   00007f2dc3004868 00007f2d881ca260
0x00007f2dc30047c8:   00007f2dc22e8b1d 00007f2dc1220040 

Instructions: (pc=0x00007f2decc9d425)
0x00007f2decc9d405:   28 1e 4c 8b ce 41 f6 c2 01 0f 85 32 00 00 00 4d
0x00007f2decc9d415:   33 ca 4d 33 ca 4c 8b da 49 c1 eb 02 49 83 e1 fe
0x00007f2decc9d425:   4d 8b 09 4b 8b 04 19 49 bb 8c 27 f2 0a 2e 7f 00
0x00007f2decc9d435:   00 4c 33 d8 4c 33 d8 45 3b 13 0f 85 01 00 00 00 

Stack slot to memory mapping:
stack at sp + 0 slots: 0x00007f2dc28044a3: <offset 0x00000000000364a3> in /usr/lib/jvm/java-11-oracle/lib/libawt_xawt.so at 0x00007f2dc27ce000
stack at sp + 1 slots: 0x00007f2dc30048d0 is pointing into the stack for thread: 0x00007f2e04458000
stack at sp + 2 slots: {method} {0x00007f2dc1220040} 'XFilterEvent' '(JJ)Z' in 'sun/awt/X11/XlibWrapper'
stack at sp + 3 slots: 0x0 is NULL
stack at sp + 4 slots: 0x00007f2dc3004868 is pointing into the stack for thread: 0x00007f2e04458000
stack at sp + 5 slots: 0x00007f2d881ca260 points into unknown readable memory: 80 95 5b c2 2d 7f 00 00
stack at sp + 6 slots: 0x00007f2dc22e8b1d: _XimServerDestroy+0x000000000000003d in /usr/lib/x86_64-linux-gnu/libX11.so.6 at 0x00007f2dc2284000
stack at sp + 7 slots: {method} {0x00007f2dc1220040} 'XFilterEvent' '(JJ)Z' in 'sun/awt/X11/XlibWrapper'



---------------  P R O C E S S  ---------------

Threads class SMR info:
_java_thread_list=0x00007f2dbc004e20, length=23, elements={
0x00007f2e04160000, 0x00007f2e04164000, 0x00007f2e04176800, 0x00007f2e04179000,
0x00007f2e0417b000, 0x00007f2e0417d000, 0x00007f2e0422f800, 0x00007f2e0430d000,
0x00007f2e04454800, 0x00007f2e04458000, 0x00007f2e0445b800, 0x00007f2e0445d000,
0x00007f2e04012000, 0x00007f2d880d4800, 0x00007f2d880dc000, 0x00007f2d880dd800,
0x00007f2d880f2000, 0x00007f2d881cc000, 0x00007f2d6c05a800, 0x00007f2dbc001000,
0x00007f2d6c03f800, 0x00007f2dbc002800, 0x00007f2dbc004000
}

Java Threads: ( => current thread )
  0x00007f2e04160000 JavaThread "Reference Handler" daemon [_thread_blocked, id=4912, stack(0x00007f2de052c000,0x00007f2de062d000)]
  0x00007f2e04164000 JavaThread "Finalizer" daemon [_thread_blocked, id=4913, stack(0x00007f2de042b000,0x00007f2de052c000)]
  0x00007f2e04176800 JavaThread "Signal Dispatcher" daemon [_thread_blocked, id=4914, stack(0x00007f2de032a000,0x00007f2de042b000)]
  0x00007f2e04179000 JavaThread "C2 CompilerThread0" daemon [_thread_blocked, id=4915, stack(0x00007f2de0229000,0x00007f2de032a000)]
  0x00007f2e0417b000 JavaThread "C1 CompilerThread0" daemon [_thread_blocked, id=4916, stack(0x00007f2de0128000,0x00007f2de0229000)]
  0x00007f2e0417d000 JavaThread "Sweeper thread" daemon [_thread_blocked, id=4917, stack(0x00007f2de0027000,0x00007f2de0128000)]
  0x00007f2e0422f800 JavaThread "Common-Cleaner" daemon [_thread_blocked, id=4918, stack(0x00007f2dc3107000,0x00007f2dc3208000)]
  0x00007f2e0430d000 JavaThread "Service Thread" daemon [_thread_blocked, id=4921, stack(0x00007f2dc2e04000,0x00007f2dc2f05000)]
  0x00007f2e04454800 JavaThread "Java2D Disposer" daemon [_thread_blocked, id=4926, stack(0x00007f2dc3006000,0x00007f2dc3107000)]
=>0x00007f2e04458000 JavaThread "AWT-XAWT" daemon [_thread_in_native, id=4927, stack(0x00007f2dc2f05000,0x00007f2dc3006000)]
  0x00007f2e0445b800 JavaThread "AWT-Shutdown" [_thread_blocked, id=4928, stack(0x00007f2d98e64000,0x00007f2d98f65000)]
  0x00007f2e0445d000 JavaThread "AWT-EventQueue-0" [_thread_blocked, id=4929, stack(0x00007f2d98d63000,0x00007f2d98e64000)]
  0x00007f2e04012000 JavaThread "DestroyJavaVM" [_thread_blocked, id=4905, stack(0x00007f2e0bc91000,0x00007f2e0bd92000)]
  0x00007f2d880d4800 JavaThread "RMI TCP Accept-0" daemon [_thread_in_native, id=4930, stack(0x00007f2d9845f000,0x00007f2d98560000)]
  0x00007f2d880dc000 JavaThread "RMI Reaper" [_thread_blocked, id=4931, stack(0x00007f2d9835e000,0x00007f2d9845f000)]
  0x00007f2d880dd800 JavaThread "RMI GC Daemon" daemon [_thread_blocked, id=4932, stack(0x00007f2d9805b000,0x00007f2d9815c000)]
  0x00007f2d880f2000 JavaThread "RMI Scheduler(0)" daemon [_thread_blocked, id=4935, stack(0x00007f2d7beff000,0x00007f2d7c000000)]
  0x00007f2d881cc000 JavaThread "TimerQueue" daemon [_thread_blocked, id=4939, stack(0x00007f2d7b9fc000,0x00007f2d7bafd000)]
  0x00007f2d6c05a800 JavaThread "RMI RenewClean-[localhost:37109]" daemon [_thread_blocked, id=4969, stack(0x00007f2d7b89e000,0x00007f2d7b99f000)]
  0x00007f2dbc001000 JavaThread "SIGTERM handler" daemon [_thread_blocked, id=7042, stack(0x00007f2d7bcfd000,0x00007f2d7bdfe000)]
  0x00007f2d6c03f800 JavaThread "XToolkt-Shutdown-Thread" [_thread_blocked, id=7080, stack(0x00007f2d7b52a000,0x00007f2d7b62b000)]
  0x00007f2dbc002800 JavaThread "SIGTERM handler" daemon [_thread_blocked, id=7094, stack(0x00007f2d7ab2a000,0x00007f2d7ac2b000)]
  0x00007f2dbc004000 JavaThread "SIGTERM handler" daemon [_thread_blocked, id=7109, stack(0x00007f2d7bdfe000,0x00007f2d7beff000)]

Other Threads:
  0x00007f2e04158000 VMThread "VM Thread" [stack: 0x00007f2de062f000,0x00007f2de072f000] [id=4911]
  0x00007f2e04312000 WatcherThread [stack: 0x00007f2dc2d04000,0x00007f2dc2e04000] [id=4922]
  0x00007f2e0403a800 GCTaskThread "GC Thread#0" [stack: 0x00007f2e0819e000,0x00007f2e0829e000] [id=4906]
  0x00007f2dd0031000 GCTaskThread "GC Thread#1" [stack: 0x00007f2d7b239000,0x00007f2d7b339000] [id=4940]
  0x00007f2dd0032800 GCTaskThread "GC Thread#2" [stack: 0x00007f2d7b137000,0x00007f2d7b237000] [id=4941]
  0x00007f2dd0034000 GCTaskThread "GC Thread#3" [stack: 0x00007f2d7b035000,0x00007f2d7b135000] [id=4942]
  0x00007f2dd0036000 GCTaskThread "GC Thread#4" [stack: 0x00007f2d7af33000,0x00007f2d7b033000] [id=4943]
  0x00007f2dd0037800 GCTaskThread "GC Thread#5" [stack: 0x00007f2d7ae31000,0x00007f2d7af31000] [id=4944]
  0x00007f2dd0039800 GCTaskThread "GC Thread#6" [stack: 0x00007f2d7ad2f000,0x00007f2d7ae2f000] [id=4945]
  0x00007f2dd003b800 GCTaskThread "GC Thread#7" [stack: 0x00007f2d7ac2d000,0x00007f2d7ad2d000] [id=4946]
  0x00007f2e0406b800 ConcurrentGCThread "G1 Main Marker" [stack: 0x00007f2dec062000,0x00007f2dec162000] [id=4907]
  0x00007f2e0406d800 ConcurrentGCThread "G1 Conc#0" [stack: 0x00007f2de39be000,0x00007f2de3abe000] [id=4908]
  0x00007f2ddc001000 ConcurrentGCThread "G1 Conc#1" [stack: 0x00007f2d7b42a000,0x00007f2d7b52a000] [id=4973]
  0x00007f2e040f6000 ConcurrentGCThread "G1 Refine#0" [stack: 0x00007f2de10b4000,0x00007f2de11b4000] [id=4909]
  0x00007f2e040f7800 ConcurrentGCThread "G1 Young RemSet Sampling" [stack: 0x00007f2de0fb2000,0x00007f2de10b2000] [id=4910]

Threads with active compile tasks:

VM state:not at safepoint (normal execution)

VM Mutex/Monitor currently owned by a thread: None

Heap address: 0x0000000084e00000, size: 1970 MB, Compressed Oops mode: 32-bit
Narrow klass base: 0x0000000000000000, Narrow klass shift: 3
Compressed class space size: 1073741824 Address: 0x0000000100000000

Heap:
 garbage-first heap   total 126976K, used 9795K [0x0000000084e00000, 0x0000000100000000)
  region size 1024K, 6 young (6144K), 1 survivors (1024K)
 Metaspace       used 20965K, capacity 21698K, committed 22016K, reserved 1069056K
  class space    used 2241K, capacity 2549K, committed 2560K, reserved 1048576K
Heap Regions: E=young(eden), S=young(survivor), O=old, HS=humongous(starts), HC=humongous(continues), CS=collection set, F=free, A=archive, TAMS=top-at-mark-start (previous, next)
|   0|0x0000000084e00000, 0x0000000084f00000, 0x0000000084f00000|100%|HS|  |TAMS 0x0000000084f00000, 0x0000000084e00000| Complete 
|   1|0x0000000084f00000, 0x0000000085000000, 0x0000000085000000|100%| O|  |TAMS 0x0000000085000000, 0x0000000084f00000| Untracked 
|   2|0x0000000085000000, 0x0000000085100000, 0x0000000085100000|100%| O|  |TAMS 0x0000000085100000, 0x0000000085000000| Untracked 
|   3|0x0000000085100000, 0x0000000085200000, 0x0000000085200000|100%| O|  |TAMS 0x0000000085200000, 0x0000000085100000| Untracked 
|   4|0x0000000085200000, 0x0000000085300000, 0x0000000085300000|100%| O|  |TAMS 0x0000000085300000, 0x0000000085200000| Untracked 
|   5|0x0000000085300000, 0x0000000085320000, 0x0000000085400000| 12%| O|  |TAMS 0x0000000085320000, 0x0000000085300000| Untracked 
|   6|0x0000000085400000, 0x0000000085400000, 0x0000000085500000|  0%| F|  |TAMS 0x0000000085400000, 0x0000000085400000| Untracked 
|   7|0x0000000085500000, 0x0000000085500000, 0x0000000085600000|  0%| F|  |TAMS 0x0000000085500000, 0x0000000085500000| Untracked 
|   8|0x0000000085600000, 0x0000000085600000, 0x0000000085700000|  0%| F|  |TAMS 0x0000000085600000, 0x0000000085600000| Untracked 
|   9|0x0000000085700000, 0x0000000085700000, 0x0000000085800000|  0%| F|  |TAMS 0x0000000085700000, 0x0000000085700000| Untracked 
|  10|0x0000000085800000, 0x0000000085800000, 0x0000000085900000|  0%| F|  |TAMS 0x0000000085800000, 0x0000000085800000| Untracked 
|  11|0x0000000085900000, 0x0000000085900000, 0x0000000085a00000|  0%| F|  |TAMS 0x0000000085900000, 0x0000000085900000| Untracked 
|  12|0x0000000085a00000, 0x0000000085a00000, 0x0000000085b00000|  0%| F|  |TAMS 0x0000000085a00000, 0x0000000085a00000| Untracked 
|  13|0x0000000085b00000, 0x0000000085b00000, 0x0000000085c00000|  0%| F|  |TAMS 0x0000000085b00000, 0x0000000085b00000| Untracked 
|  14|0x0000000085c00000, 0x0000000085c00000, 0x0000000085d00000|  0%| F|  |TAMS 0x0000000085c00000, 0x0000000085c00000| Untracked 
|  15|0x0000000085d00000, 0x0000000085d00000, 0x0000000085e00000|  0%| F|  |TAMS 0x0000000085d00000, 0x0000000085d00000| Untracked 
|  16|0x0000000085e00000, 0x0000000085e00000, 0x0000000085f00000|  0%| F|  |TAMS 0x0000000085e00000, 0x0000000085e00000| Untracked 
|  17|0x0000000085f00000, 0x0000000085f00000, 0x0000000086000000|  0%| F|  |TAMS 0x0000000085f00000, 0x0000000085f00000| Untracked 
|  18|0x0000000086000000, 0x0000000086000000, 0x0000000086100000|  0%| F|  |TAMS 0x0000000086000000, 0x0000000086000000| Untracked 
|  19|0x0000000086100000, 0x0000000086100000, 0x0000000086200000|  0%| F|  |TAMS 0x0000000086100000, 0x0000000086100000| Untracked 
|  20|0x0000000086200000, 0x0000000086200000, 0x0000000086300000|  0%| F|  |TAMS 0x0000000086200000, 0x0000000086200000| Untracked 
|  21|0x0000000086300000, 0x0000000086300000, 0x0000000086400000|  0%| F|  |TAMS 0x0000000086300000, 0x0000000086300000| Untracked 
|  22|0x0000000086400000, 0x0000000086400000, 0x0000000086500000|  0%| F|  |TAMS 0x0000000086400000, 0x0000000086400000| Untracked 
|  23|0x0000000086500000, 0x0000000086500000, 0x0000000086600000|  0%| F|  |TAMS 0x0000000086500000, 0x0000000086500000| Untracked 
|  24|0x0000000086600000, 0x0000000086600000, 0x0000000086700000|  0%| F|  |TAMS 0x0000000086600000, 0x0000000086600000| Untracked 
|  25|0x0000000086700000, 0x0000000086700000, 0x0000000086800000|  0%| F|  |TAMS 0x0000000086700000, 0x0000000086700000| Untracked 
|  26|0x0000000086800000, 0x0000000086800000, 0x0000000086900000|  0%| F|  |TAMS 0x0000000086800000, 0x0000000086800000| Untracked 
|  27|0x0000000086900000, 0x0000000086900000, 0x0000000086a00000|  0%| F|  |TAMS 0x0000000086900000, 0x0000000086900000| Untracked 
|  28|0x0000000086a00000, 0x0000000086a00000, 0x0000000086b00000|  0%| F|  |TAMS 0x0000000086a00000, 0x0000000086a00000| Untracked 
|  29|0x0000000086b00000, 0x0000000086b00000, 0x0000000086c00000|  0%| F|  |TAMS 0x0000000086b00000, 0x0000000086b00000| Untracked 
|  30|0x0000000086c00000, 0x0000000086c00000, 0x0000000086d00000|  0%| F|  |TAMS 0x0000000086c00000, 0x0000000086c00000| Untracked 
|  31|0x0000000086d00000, 0x0000000086d00000, 0x0000000086e00000|  0%| F|  |TAMS 0x0000000086d00000, 0x0000000086d00000| Untracked 
|  32|0x0000000086e00000, 0x0000000086e00000, 0x0000000086f00000|  0%| F|  |TAMS 0x0000000086e00000, 0x0000000086e00000| Untracked 
|  33|0x0000000086f00000, 0x0000000086f00000, 0x0000000087000000|  0%| F|  |TAMS 0x0000000086f00000, 0x0000000086f00000| Untracked 
|  34|0x0000000087000000, 0x0000000087000000, 0x0000000087100000|  0%| F|  |TAMS 0x0000000087000000, 0x0000000087000000| Untracked 
|  35|0x0000000087100000, 0x0000000087100000, 0x0000000087200000|  0%| F|  |TAMS 0x0000000087100000, 0x0000000087100000| Untracked 
|  36|0x0000000087200000, 0x0000000087200000, 0x0000000087300000|  0%| F|  |TAMS 0x0000000087200000, 0x0000000087200000| Untracked 
|  37|0x0000000087300000, 0x0000000087300000, 0x0000000087400000|  0%| F|  |TAMS 0x0000000087300000, 0x0000000087300000| Untracked 
|  38|0x0000000087400000, 0x0000000087400000, 0x0000000087500000|  0%| F|  |TAMS 0x0000000087400000, 0x0000000087400000| Untracked 
|  39|0x0000000087500000, 0x0000000087500000, 0x0000000087600000|  0%| F|  |TAMS 0x0000000087500000, 0x0000000087500000| Untracked 
|  40|0x0000000087600000, 0x0000000087600000, 0x0000000087700000|  0%| F|  |TAMS 0x0000000087600000, 0x0000000087600000| Untracked 
|  41|0x0000000087700000, 0x0000000087700000, 0x0000000087800000|  0%| F|  |TAMS 0x0000000087700000, 0x0000000087700000| Untracked 
|  42|0x0000000087800000, 0x0000000087800000, 0x0000000087900000|  0%| F|  |TAMS 0x0000000087800000, 0x0000000087800000| Untracked 
|  43|0x0000000087900000, 0x0000000087900000, 0x0000000087a00000|  0%| F|  |TAMS 0x0000000087900000, 0x0000000087900000| Untracked 
|  44|0x0000000087a00000, 0x0000000087a00000, 0x0000000087b00000|  0%| F|  |TAMS 0x0000000087a00000, 0x0000000087a00000| Untracked 
|  45|0x0000000087b00000, 0x0000000087b00000, 0x0000000087c00000|  0%| F|  |TAMS 0x0000000087b00000, 0x0000000087b00000| Untracked 
|  46|0x0000000087c00000, 0x0000000087c00000, 0x0000000087d00000|  0%| F|  |TAMS 0x0000000087c00000, 0x0000000087c00000| Untracked 
|  47|0x0000000087d00000, 0x0000000087d00000, 0x0000000087e00000|  0%| F|  |TAMS 0x0000000087d00000, 0x0000000087d00000| Untracked 
|  48|0x0000000087e00000, 0x0000000087e00000, 0x0000000087f00000|  0%| F|  |TAMS 0x0000000087e00000, 0x0000000087e00000| Untracked 
|  49|0x0000000087f00000, 0x0000000087f00000, 0x0000000088000000|  0%| F|  |TAMS 0x0000000087f00000, 0x0000000087f00000| Untracked 
|  50|0x0000000088000000, 0x0000000088000000, 0x0000000088100000|  0%| F|  |TAMS 0x0000000088000000, 0x0000000088000000| Untracked 
|  51|0x0000000088100000, 0x0000000088100000, 0x0000000088200000|  0%| F|  |TAMS 0x0000000088100000, 0x0000000088100000| Untracked 
|  52|0x0000000088200000, 0x0000000088200000, 0x0000000088300000|  0%| F|  |TAMS 0x0000000088200000, 0x0000000088200000| Untracked 
|  53|0x0000000088300000, 0x0000000088300000, 0x0000000088400000|  0%| F|  |TAMS 0x0000000088300000, 0x0000000088300000| Untracked 
|  54|0x0000000088400000, 0x0000000088400000, 0x0000000088500000|  0%| F|  |TAMS 0x0000000088400000, 0x0000000088400000| Untracked 
|  55|0x0000000088500000, 0x0000000088500000, 0x0000000088600000|  0%| F|  |TAMS 0x0000000088500000, 0x0000000088500000| Untracked 
|  56|0x0000000088600000, 0x0000000088600000, 0x0000000088700000|  0%| F|  |TAMS 0x0000000088600000, 0x0000000088600000| Untracked 
|  57|0x0000000088700000, 0x0000000088700000, 0x0000000088800000|  0%| F|  |TAMS 0x0000000088700000, 0x0000000088700000| Untracked 
|  58|0x0000000088800000, 0x0000000088800000, 0x0000000088900000|  0%| F|  |TAMS 0x0000000088800000, 0x0000000088800000| Untracked 
|  59|0x0000000088900000, 0x0000000088900000, 0x0000000088a00000|  0%| F|  |TAMS 0x0000000088900000, 0x0000000088900000| Untracked 
|  60|0x0000000088a00000, 0x0000000088a00000, 0x0000000088b00000|  0%| F|  |TAMS 0x0000000088a00000, 0x0000000088a00000| Untracked 
|  61|0x0000000088b00000, 0x0000000088b00000, 0x0000000088c00000|  0%| F|  |TAMS 0x0000000088b00000, 0x0000000088b00000| Untracked 
|  62|0x0000000088c00000, 0x0000000088c00000, 0x0000000088d00000|  0%| F|  |TAMS 0x0000000088c00000, 0x0000000088c00000| Untracked 
|  63|0x0000000088d00000, 0x0000000088d00000, 0x0000000088e00000|  0%| F|  |TAMS 0x0000000088d00000, 0x0000000088d00000| Untracked 
|  64|0x0000000088e00000, 0x0000000088e00000, 0x0000000088f00000|  0%| F|  |TAMS 0x0000000088e00000, 0x0000000088e00000| Untracked 
|  65|0x0000000088f00000, 0x0000000088f00000, 0x0000000089000000|  0%| F|  |TAMS 0x0000000088f00000, 0x0000000088f00000| Untracked 
|  66|0x0000000089000000, 0x0000000089000000, 0x0000000089100000|  0%| F|  |TAMS 0x0000000089000000, 0x0000000089000000| Untracked 
|  67|0x0000000089100000, 0x0000000089100000, 0x0000000089200000|  0%| F|  |TAMS 0x0000000089100000, 0x0000000089100000| Untracked 
|  68|0x0000000089200000, 0x0000000089200000, 0x0000000089300000|  0%| F|  |TAMS 0x0000000089200000, 0x0000000089200000| Untracked 
|  69|0x0000000089300000, 0x0000000089300000, 0x0000000089400000|  0%| F|  |TAMS 0x0000000089300000, 0x0000000089300000| Untracked 
|  70|0x0000000089400000, 0x0000000089400000, 0x0000000089500000|  0%| F|  |TAMS 0x0000000089400000, 0x0000000089400000| Untracked 
|  71|0x0000000089500000, 0x0000000089500000, 0x0000000089600000|  0%| F|  |TAMS 0x0000000089500000, 0x0000000089500000| Untracked 
|  72|0x0000000089600000, 0x0000000089600000, 0x0000000089700000|  0%| F|  |TAMS 0x0000000089600000, 0x0000000089600000| Untracked 
|  73|0x0000000089700000, 0x0000000089700000, 0x0000000089800000|  0%| F|  |TAMS 0x0000000089700000, 0x0000000089700000| Untracked 
|  74|0x0000000089800000, 0x0000000089800000, 0x0000000089900000|  0%| F|  |TAMS 0x0000000089800000, 0x0000000089800000| Untracked 
|  75|0x0000000089900000, 0x0000000089900000, 0x0000000089a00000|  0%| F|  |TAMS 0x0000000089900000, 0x0000000089900000| Untracked 
|  76|0x0000000089a00000, 0x0000000089a00000, 0x0000000089b00000|  0%| F|  |TAMS 0x0000000089a00000, 0x0000000089a00000| Untracked 
|  77|0x0000000089b00000, 0x0000000089b00000, 0x0000000089c00000|  0%| F|  |TAMS 0x0000000089b00000, 0x0000000089b00000| Untracked 
|  78|0x0000000089c00000, 0x0000000089c00000, 0x0000000089d00000|  0%| F|  |TAMS 0x0000000089c00000, 0x0000000089c00000| Untracked 
|  79|0x0000000089d00000, 0x0000000089d00000, 0x0000000089e00000|  0%| F|  |TAMS 0x0000000089d00000, 0x0000000089d00000| Untracked 
|  80|0x0000000089e00000, 0x0000000089e00000, 0x0000000089f00000|  0%| F|  |TAMS 0x0000000089e00000, 0x0000000089e00000| Untracked 
|  81|0x0000000089f00000, 0x0000000089f00000, 0x000000008a000000|  0%| F|  |TAMS 0x0000000089f00000, 0x0000000089f00000| Untracked 
|  82|0x000000008a000000, 0x000000008a000000, 0x000000008a100000|  0%| F|  |TAMS 0x000000008a000000, 0x000000008a000000| Untracked 
|  83|0x000000008a100000, 0x000000008a100000, 0x000000008a200000|  0%| F|  |TAMS 0x000000008a100000, 0x000000008a100000| Untracked 
|  84|0x000000008a200000, 0x000000008a200000, 0x000000008a300000|  0%| F|  |TAMS 0x000000008a200000, 0x000000008a200000| Untracked 
|  85|0x000000008a300000, 0x000000008a300000, 0x000000008a400000|  0%| F|  |TAMS 0x000000008a300000, 0x000000008a300000| Untracked 
|  86|0x000000008a400000, 0x000000008a400000, 0x000000008a500000|  0%| F|  |TAMS 0x000000008a400000, 0x000000008a400000| Untracked 
|  87|0x000000008a500000, 0x000000008a500000, 0x000000008a600000|  0%| F|  |TAMS 0x000000008a500000, 0x000000008a500000| Untracked 
|  88|0x000000008a600000, 0x000000008a600000, 0x000000008a700000|  0%| F|  |TAMS 0x000000008a600000, 0x000000008a600000| Untracked 
|  89|0x000000008a700000, 0x000000008a700000, 0x000000008a800000|  0%| F|  |TAMS 0x000000008a700000, 0x000000008a700000| Untracked 
|  90|0x000000008a800000, 0x000000008a800000, 0x000000008a900000|  0%| F|  |TAMS 0x000000008a800000, 0x000000008a800000| Untracked 
|  91|0x000000008a900000, 0x000000008a900000, 0x000000008aa00000|  0%| F|  |TAMS 0x000000008a900000, 0x000000008a900000| Untracked 
|  92|0x000000008aa00000, 0x000000008aa00000, 0x000000008ab00000|  0%| F|  |TAMS 0x000000008aa00000, 0x000000008aa00000| Untracked 
|  93|0x000000008ab00000, 0x000000008ab00000, 0x000000008ac00000|  0%| F|  |TAMS 0x000000008ab00000, 0x000000008ab00000| Untracked 
|  94|0x000000008ac00000, 0x000000008ac00000, 0x000000008ad00000|  0%| F|  |TAMS 0x000000008ac00000, 0x000000008ac00000| Untracked 
|  95|0x000000008ad00000, 0x000000008ad00000, 0x000000008ae00000|  0%| F|  |TAMS 0x000000008ad00000, 0x000000008ad00000| Untracked 
|  96|0x000000008ae00000, 0x000000008ae00000, 0x000000008af00000|  0%| F|  |TAMS 0x000000008ae00000, 0x000000008ae00000| Untracked 
|  97|0x000000008af00000, 0x000000008af00000, 0x000000008b000000|  0%| F|  |TAMS 0x000000008af00000, 0x000000008af00000| Untracked 
|  98|0x000000008b000000, 0x000000008b000000, 0x000000008b100000|  0%| F|  |TAMS 0x000000008b000000, 0x000000008b000000| Untracked 
|  99|0x000000008b100000, 0x000000008b100000, 0x000000008b200000|  0%| F|  |TAMS 0x000000008b100000, 0x000000008b100000| Untracked 
| 100|0x000000008b200000, 0x000000008b200000, 0x000000008b300000|  0%| F|  |TAMS 0x000000008b200000, 0x000000008b200000| Untracked 
| 101|0x000000008b300000, 0x000000008b300000, 0x000000008b400000|  0%| F|  |TAMS 0x000000008b300000, 0x000000008b300000| Untracked 
| 102|0x000000008b400000, 0x000000008b400000, 0x000000008b500000|  0%| F|  |TAMS 0x000000008b400000, 0x000000008b400000| Untracked 
| 103|0x000000008b500000, 0x000000008b500000, 0x000000008b600000|  0%| F|  |TAMS 0x000000008b500000, 0x000000008b500000| Untracked 
| 104|0x000000008b600000, 0x000000008b600000, 0x000000008b700000|  0%| F|  |TAMS 0x000000008b600000, 0x000000008b600000| Untracked 
| 105|0x000000008b700000, 0x000000008b700000, 0x000000008b800000|  0%| F|  |TAMS 0x000000008b700000, 0x000000008b700000| Untracked 
| 106|0x000000008b800000, 0x000000008b800000, 0x000000008b900000|  0%| F|  |TAMS 0x000000008b800000, 0x000000008b800000| Untracked 
| 107|0x000000008b900000, 0x000000008b900000, 0x000000008ba00000|  0%| F|  |TAMS 0x000000008b900000, 0x000000008b900000| Untracked 
| 108|0x000000008ba00000, 0x000000008ba00000, 0x000000008bb00000|  0%| F|  |TAMS 0x000000008ba00000, 0x000000008ba00000| Untracked 
| 109|0x000000008bb00000, 0x000000008bb00000, 0x000000008bc00000|  0%| F|  |TAMS 0x000000008bb00000, 0x000000008bb00000| Untracked 
| 110|0x000000008bc00000, 0x000000008bc00000, 0x000000008bd00000|  0%| F|  |TAMS 0x000000008bc00000, 0x000000008bc00000| Untracked 
| 111|0x000000008bd00000, 0x000000008bd00000, 0x000000008be00000|  0%| F|  |TAMS 0x000000008bd00000, 0x000000008bd00000| Untracked 
| 112|0x000000008be00000, 0x000000008be00000, 0x000000008bf00000|  0%| F|  |TAMS 0x000000008be00000, 0x000000008be00000| Untracked 
| 113|0x000000008bf00000, 0x000000008bf00000, 0x000000008c000000|  0%| F|  |TAMS 0x000000008bf00000, 0x000000008bf00000| Untracked 
| 114|0x000000008c000000, 0x000000008c000000, 0x000000008c100000|  0%| F|  |TAMS 0x000000008c000000, 0x000000008c000000| Untracked 
| 115|0x000000008c100000, 0x000000008c100000, 0x000000008c200000|  0%| F|  |TAMS 0x000000008c100000, 0x000000008c100000| Untracked 
| 116|0x000000008c200000, 0x000000008c270ee0, 0x000000008c300000| 44%| S|CS|TAMS 0x000000008c200000, 0x000000008c200000| Complete 
| 117|0x000000008c300000, 0x000000008c300000, 0x000000008c400000|  0%| F|  |TAMS 0x000000008c300000, 0x000000008c300000| Untracked 
| 118|0x000000008c400000, 0x000000008c400000, 0x000000008c500000|  0%| F|  |TAMS 0x000000008c400000, 0x000000008c400000| Untracked 
| 119|0x000000008c500000, 0x000000008c536a98, 0x000000008c600000| 21%| E|  |TAMS 0x000000008c500000, 0x000000008c500000| Complete 
| 120|0x000000008c600000, 0x000000008c700000, 0x000000008c700000|100%| E|CS|TAMS 0x000000008c600000, 0x000000008c600000| Complete 
| 121|0x000000008c700000, 0x000000008c800000, 0x000000008c800000|100%| E|CS|TAMS 0x000000008c700000, 0x000000008c700000| Complete 
| 122|0x000000008c800000, 0x000000008c900000, 0x000000008c900000|100%| E|CS|TAMS 0x000000008c800000, 0x000000008c800000| Complete 
| 123|0x000000008c900000, 0x000000008ca00000, 0x000000008ca00000|100%| E|CS|TAMS 0x000000008c900000, 0x000000008c900000| Complete 

Card table byte_map: [0x00007f2de7c27000,0x00007f2de8000000] _byte_map_base: 0x00007f2de7800000

Marking Bits (Prev, Next): (CMBitMap*) 0x00007f2e04062e90, (CMBitMap*) 0x00007f2e04062e58
 Prev Bits: [0x00007f2de3abe000, 0x00007f2de5986000)
 Next Bits: [0x00007f2de5986000, 0x00007f2de784e000)

Polling page: 0x00007f2e0bdb0000

Metaspace:

Usage:
  Non-class:     18,70 MB capacity,    18,29 MB ( 98%) used,   350,94 KB (  2%) free+waste,    73,88 KB ( <1%) overhead. 
      Class:      2,49 MB capacity,     2,19 MB ( 88%) used,   269,67 KB ( 11%) free+waste,    38,06 KB (  1%) overhead. 
       Both:     21,19 MB capacity,    20,47 MB ( 97%) used,   620,61 KB (  3%) free+waste,   111,94 KB ( <1%) overhead. 

Virtual space:
  Non-class space:       20,00 MB reserved,      19,00 MB ( 95%) committed 
      Class space:        1,00 GB reserved,       2,50 MB ( <1%) committed 
             Both:        1,02 GB reserved,      21,50 MB (  2%) committed 

Chunk freelists:
   Non-Class:  7,38 KB
       Class:  1,38 KB
        Both:  8,75 KB

CodeHeap 'non-profiled nmethods': size=120032Kb used=594Kb max_used=594Kb free=119437Kb
 bounds [0x00007f2df470a000, 0x00007f2df497a000, 0x00007f2dfbc42000]
CodeHeap 'profiled nmethods': size=120028Kb used=3314Kb max_used=3314Kb free=116713Kb
 bounds [0x00007f2ded1d3000, 0x00007f2ded513000, 0x00007f2df470a000]
CodeHeap 'non-nmethods': size=5700Kb used=1246Kb max_used=1261Kb free=4453Kb
 bounds [0x00007f2decc42000, 0x00007f2deceb2000, 0x00007f2ded1d3000]
 total_blobs=2983 nmethods=1766 adapters=579
 compilation: enabled
              stopped_count=0, restarted_count=0
 full_count=0

Compilation events (10 events):
Event: 3079,035 Thread 0x00007f2e0417b000 1937       1       java.util.concurrent.CopyOnWriteArrayList::getArray (5 bytes)
Event: 3079,035 Thread 0x00007f2e0417b000 nmethod 1937 0x00007f2df479ed90 code [0x00007f2df479ef40, 0x00007f2df479f050]
Event: 3079,035 Thread 0x00007f2e0417b000 1938       3       java.util.logging.LogManager::checkPermission (16 bytes)
Event: 3079,036 Thread 0x00007f2e0417b000 nmethod 1938 0x00007f2ded50eb10 code [0x00007f2ded50ece0, 0x00007f2ded50f008]
Event: 3079,038 Thread 0x00007f2e0417b000 1939       3       java.util.logging.Logger::updateEffectiveLevel (126 bytes)
Event: 3079,039 Thread 0x00007f2e0417b000 nmethod 1939 0x00007f2ded50f110 code [0x00007f2ded50f360, 0x00007f2ded50fe28]
Event: 3079,040 Thread 0x00007f2e0417b000 1940   !   3       java.util.logging.LogManager$LoggerContext::findLogger (113 bytes)
Event: 3079,042 Thread 0x00007f2e0417b000 nmethod 1940 0x00007f2ded510190 code [0x00007f2ded510440, 0x00007f2ded5113e8]
Event: 3079,052 Thread 0x00007f2e0417b000 1941       3       java.util.logging.LogManager$LoggerWeakRef::<init> (28 bytes)
Event: 3079,053 Thread 0x00007f2e0417b000 nmethod 1941 0x00007f2ded511910 code [0x00007f2ded511b00, 0x00007f2ded511ff0]

GC Heap History (4 events):
Event: 0,894 GC heap before
{Heap before GC invocations=0 (full 0):
 garbage-first heap   total 126976K, used 25600K [0x0000000084e00000, 0x0000000100000000)
  region size 1024K, 24 young (24576K), 0 survivors (0K)
 Metaspace       used 19713K, capacity 20324K, committed 20608K, reserved 1067008K
  class space    used 2123K, capacity 2390K, committed 2432K, reserved 1048576K
}
Event: 0,910 GC heap after
{Heap after GC invocations=1 (full 0):
 garbage-first heap   total 126976K, used 5440K [0x0000000084e00000, 0x0000000100000000)
  region size 1024K, 3 young (3072K), 3 survivors (3072K)
 Metaspace       used 19713K, capacity 20324K, committed 20608K, reserved 1067008K
  class space    used 2123K, capacity 2390K, committed 2432K, reserved 1048576K
}
Event: 53,712 GC heap before
{Heap before GC invocations=1 (full 0):
 garbage-first heap   total 126976K, used 11584K [0x0000000084e00000, 0x0000000100000000)
  region size 1024K, 10 young (10240K), 3 survivors (3072K)
 Metaspace       used 20425K, capacity 21082K, committed 21248K, reserved 1069056K
  class space    used 2209K, capacity 2516K, committed 2560K, reserved 1048576K
}
Event: 53,726 GC heap after
{Heap after GC invocations=2 (full 0):
 garbage-first heap   total 126976K, used 5699K [0x0000000084e00000, 0x0000000100000000)
  region size 1024K, 1 young (1024K), 1 survivors (1024K)
 Metaspace       used 20425K, capacity 21082K, committed 21248K, reserved 1069056K
  class space    used 2209K, capacity 2516K, committed 2560K, reserved 1048576K
}

Deoptimization events (10 events):
Event: 0,888 Thread 0x00007f2e0445d000 Uncommon trap: reason=unstable_if action=reinterpret pc=0x00007f2df4714c64 method=java.lang.CharacterData.of(I)Ljava/lang/CharacterData; @ 4 c2
Event: 5,700 Thread 0x00007f2d7c003000 Uncommon trap: reason=bimorphic_or_optimized_type_check action=maybe_recompile pc=0x00007f2df4757d8c method=java.util.concurrent.ConcurrentHashMap.get(Ljava/lang/Object;)Ljava/lang/Object; @ 149 c2
Event: 5,700 Thread 0x00007f2d7c003000 Uncommon trap: reason=bimorphic_or_optimized_type_check action=maybe_recompile pc=0x00007f2df4757d8c method=java.util.concurrent.ConcurrentHashMap.get(Ljava/lang/Object;)Ljava/lang/Object; @ 149 c2
Event: 12,140 Thread 0x00007f2d7c003000 Uncommon trap: reason=unstable_if action=reinterpret pc=0x00007f2df477c150 method=java.io.UnixFileSystem.normalize(Ljava/lang/String;)Ljava/lang/String; @ 60 c2
Event: 12,141 Thread 0x00007f2d7c003000 Uncommon trap: reason=unstable_if action=reinterpret pc=0x00007f2df4763628 method=java.lang.ref.ReferenceQueue.poll()Ljava/lang/ref/Reference; @ 4 c2
Event: 53,740 Thread 0x00007f2d7c003000 Uncommon trap: reason=unstable_if action=reinterpret pc=0x00007f2df470f98c method=java.lang.String.isLatin1()Z @ 10 c2
Event: 53,741 Thread 0x00007f2d7c003000 Uncommon trap: reason=class_check action=maybe_recompile pc=0x00007f2df47151f8 method=java.lang.Character.codePointAt(Ljava/lang/CharSequence;I)I @ 2 c2
Event: 53,745 Thread 0x00007f2d7c003000 Uncommon trap: reason=class_check action=maybe_recompile pc=0x00007f2df47151f8 method=java.lang.Character.codePointAt(Ljava/lang/CharSequence;I)I @ 2 c2
Event: 53,745 Thread 0x00007f2d7c003000 Uncommon trap: reason=class_check action=maybe_recompile pc=0x00007f2df47151f8 method=java.lang.Character.codePointAt(Ljava/lang/CharSequence;I)I @ 2 c2
Event: 53,745 Thread 0x00007f2d7c003000 Uncommon trap: reason=class_check action=maybe_recompile pc=0x00007f2df47151f8 method=java.lang.Character.codePointAt(Ljava/lang/CharSequence;I)I @ 2 c2

Classes redefined (0 events):
No events

Internal exceptions (10 events):
Event: 317,259 Thread 0x00007f2d6c05a800 Exception <a 'java/net/ConnectException'{0x000000008c721c68}> (0x000000008c721c68) thrown at [/scratch/opt/mach5/mesos/work_dir/slaves/2dd962d0-8988-479b-a804-57ab764ada59-S1222/frameworks/1735e8a2-a1db-478c-8104-60c8b0af87dd-0196/executors/1fd16cd3-bd2f-
Event: 318,261 Thread 0x00007f2d6c05a800 Exception <a 'java/net/ConnectException'{0x000000008c722d28}> (0x000000008c722d28) thrown at [/scratch/opt/mach5/mesos/work_dir/slaves/2dd962d0-8988-479b-a804-57ab764ada59-S1222/frameworks/1735e8a2-a1db-478c-8104-60c8b0af87dd-0196/executors/1fd16cd3-bd2f-
Event: 320,263 Thread 0x00007f2d6c05a800 Exception <a 'java/net/ConnectException'{0x000000008c723de8}> (0x000000008c723de8) thrown at [/scratch/opt/mach5/mesos/work_dir/slaves/2dd962d0-8988-479b-a804-57ab764ada59-S1222/frameworks/1735e8a2-a1db-478c-8104-60c8b0af87dd-0196/executors/1fd16cd3-bd2f-
Event: 324,265 Thread 0x00007f2d6c05a800 Exception <a 'java/net/ConnectException'{0x000000008c724ea8}> (0x000000008c724ea8) thrown at [/scratch/opt/mach5/mesos/work_dir/slaves/2dd962d0-8988-479b-a804-57ab764ada59-S1222/frameworks/1735e8a2-a1db-478c-8104-60c8b0af87dd-0196/executors/1fd16cd3-bd2f-
Event: 332,267 Thread 0x00007f2d6c05a800 Exception <a 'java/net/ConnectException'{0x000000008c725f48}> (0x000000008c725f48) thrown at [/scratch/opt/mach5/mesos/work_dir/slaves/2dd962d0-8988-479b-a804-57ab764ada59-S1222/frameworks/1735e8a2-a1db-478c-8104-60c8b0af87dd-0196/executors/1fd16cd3-bd2f-
Event: 348,269 Thread 0x00007f2d6c05a800 Exception <a 'java/net/ConnectException'{0x000000008c7270e8}> (0x000000008c7270e8) thrown at [/scratch/opt/mach5/mesos/work_dir/slaves/2dd962d0-8988-479b-a804-57ab764ada59-S1222/frameworks/1735e8a2-a1db-478c-8104-60c8b0af87dd-0196/executors/1fd16cd3-bd2f-
Event: 380,272 Thread 0x00007f2d6c05a800 Exception <a 'java/net/ConnectException'{0x000000008c728288}> (0x000000008c728288) thrown at [/scratch/opt/mach5/mesos/work_dir/slaves/2dd962d0-8988-479b-a804-57ab764ada59-S1222/frameworks/1735e8a2-a1db-478c-8104-60c8b0af87dd-0196/executors/1fd16cd3-bd2f-
Event: 444,274 Thread 0x00007f2d6c05a800 Exception <a 'java/net/ConnectException'{0x000000008c729458}> (0x000000008c729458) thrown at [/scratch/opt/mach5/mesos/work_dir/slaves/2dd962d0-8988-479b-a804-57ab764ada59-S1222/frameworks/1735e8a2-a1db-478c-8104-60c8b0af87dd-0196/executors/1fd16cd3-bd2f-
Event: 572,276 Thread 0x00007f2d6c05a800 Exception <a 'java/net/ConnectException'{0x000000008c72a5d8}> (0x000000008c72a5d8) thrown at [/scratch/opt/mach5/mesos/work_dir/slaves/2dd962d0-8988-479b-a804-57ab764ada59-S1222/frameworks/1735e8a2-a1db-478c-8104-60c8b0af87dd-0196/executors/1fd16cd3-bd2f-
Event: 828,279 Thread 0x00007f2d6c05a800 Exception <a 'java/net/ConnectException'{0x000000008c72b880}> (0x000000008c72b880) thrown at [/scratch/opt/mach5/mesos/work_dir/slaves/2dd962d0-8988-479b-a804-57ab764ada59-S1222/frameworks/1735e8a2-a1db-478c-8104-60c8b0af87dd-0196/executors/1fd16cd3-bd2f-

Events (10 events):
Event: 3078,995 Executing VM operation: RevokeBias
Event: 3078,995 Executing VM operation: RevokeBias done
Event: 3079,033 Thread 0x00007f2d6c041000 Thread added: 0x00007f2d6c041000
Event: 3079,048 Thread 0x00007f2d6c03f800 Thread added: 0x00007f2d6c03f800
Event: 3079,048 Thread 0x00007f2d6c041000 Thread exited: 0x00007f2d6c041000
Event: 3079,048 loading class sun/awt/X11/XSystemTrayPeer
Event: 3079,049 Thread 0x00007f2dbc002800 Thread added: 0x00007f2dbc002800
Event: 3079,051 loading class java/awt/peer/SystemTrayPeer
Event: 3079,051 loading class java/awt/peer/SystemTrayPeer done
Event: 3079,052 loading class sun/awt/X11/XSystemTrayPeer done


Dynamic libraries:
00400000-00401000 r-xp 00000000 08:07 157890                             /usr/lib/jvm/java-11-oracle/bin/java
00600000-00601000 r--p 00000000 08:07 157890                             /usr/lib/jvm/java-11-oracle/bin/java
00601000-00602000 rw-p 00001000 08:07 157890                             /usr/lib/jvm/java-11-oracle/bin/java
01f36000-01f57000 rw-p 00000000 00:00 0                                  [heap]
84e00000-8ca00000 rw-p 00000000 00:00 0 
8ca00000-100000000 ---p 00000000 00:00 0 
100000000-100280000 rw-p 00000000 00:00 0 
100280000-140000000 ---p 00000000 00:00 0 
7f2d38000000-7f2d38021000 rw-p 00000000 00:00 0 
7f2d38021000-7f2d3c000000 ---p 00000000 00:00 0 
7f2d3c000000-7f2d3c021000 rw-p 00000000 00:00 0 
7f2d3c021000-7f2d40000000 ---p 00000000 00:00 0 
7f2d40000000-7f2d40149000 rw-p 00000000 00:00 0 
7f2d40149000-7f2d44000000 ---p 00000000 00:00 0 
7f2d44000000-7f2d44021000 rw-p 00000000 00:00 0 
7f2d44021000-7f2d48000000 ---p 00000000 00:00 0 
7f2d48000000-7f2d48021000 rw-p 00000000 00:00 0 
7f2d48021000-7f2d4c000000 ---p 00000000 00:00 0 
7f2d4c000000-7f2d4c021000 rw-p 00000000 00:00 0 
7f2d4c021000-7f2d50000000 ---p 00000000 00:00 0 
7f2d50000000-7f2d50021000 rw-p 00000000 00:00 0 
7f2d50021000-7f2d54000000 ---p 00000000 00:00 0 
7f2d54000000-7f2d54021000 rw-p 00000000 00:00 0 
7f2d54021000-7f2d58000000 ---p 00000000 00:00 0 
7f2d58000000-7f2d58021000 rw-p 00000000 00:00 0 
7f2d58021000-7f2d5c000000 ---p 00000000 00:00 0 
7f2d5c000000-7f2d5c021000 rw-p 00000000 00:00 0 
7f2d5c021000-7f2d60000000 ---p 00000000 00:00 0 
7f2d60000000-7f2d60021000 rw-p 00000000 00:00 0 
7f2d60021000-7f2d64000000 ---p 00000000 00:00 0 
7f2d64000000-7f2d64021000 rw-p 00000000 00:00 0 
7f2d64021000-7f2d68000000 ---p 00000000 00:00 0 
7f2d68000000-7f2d68021000 rw-p 00000000 00:00 0 
7f2d68021000-7f2d6c000000 ---p 00000000 00:00 0 
7f2d6c000000-7f2d6c190000 rw-p 00000000 00:00 0 
7f2d6c190000-7f2d70000000 ---p 00000000 00:00 0 
7f2d70000000-7f2d70021000 rw-p 00000000 00:00 0 
7f2d70021000-7f2d74000000 ---p 00000000 00:00 0 
7f2d74000000-7f2d74021000 rw-p 00000000 00:00 0 
7f2d74021000-7f2d78000000 ---p 00000000 00:00 0 
7f2d7ab2a000-7f2d7ab2e000 ---p 00000000 00:00 0 
7f2d7ab2e000-7f2d7ac2b000 rw-p 00000000 00:00 0 
7f2d7ac2b000-7f2d7ac2c000 ---p 00000000 00:00 0 
7f2d7ac2c000-7f2d7ad2d000 rw-p 00000000 00:00 0 
7f2d7ad2d000-7f2d7ad2e000 ---p 00000000 00:00 0 
7f2d7ad2e000-7f2d7ae2f000 rw-p 00000000 00:00 0 
7f2d7ae2f000-7f2d7ae30000 ---p 00000000 00:00 0 
7f2d7ae30000-7f2d7af31000 rw-p 00000000 00:00 0 
7f2d7af31000-7f2d7af32000 ---p 00000000 00:00 0 
7f2d7af32000-7f2d7b033000 rw-p 00000000 00:00 0 
7f2d7b033000-7f2d7b034000 ---p 00000000 00:00 0 
7f2d7b034000-7f2d7b135000 rw-p 00000000 00:00 0 
7f2d7b135000-7f2d7b136000 ---p 00000000 00:00 0 
7f2d7b136000-7f2d7b237000 rw-p 00000000 00:00 0 
7f2d7b237000-7f2d7b238000 ---p 00000000 00:00 0 
7f2d7b238000-7f2d7b339000 rw-p 00000000 00:00 0 
7f2d7b428000-7f2d7b429000 ---p 00000000 00:00 0 
7f2d7b429000-7f2d7b52a000 rw-p 00000000 00:00 0 
7f2d7b52a000-7f2d7b52e000 ---p 00000000 00:00 0 
7f2d7b52e000-7f2d7b62b000 rw-p 00000000 00:00 0 
7f2d7b62b000-7f2d7b636000 r--s 00000000 08:07 140929                     /var/cache/fontconfig/945677eb7aeaf62f1d50efc3fb3ec7d8-le64.cache-7
7f2d7b636000-7f2d7b63b000 r--s 00000000 08:07 140900                     /var/cache/fontconfig/2300eef321c393bfd76478a5c0e95b23-le64.cache-7
7f2d7b63b000-7f2d7b63c000 r--s 00000000 08:07 140893                     /var/cache/fontconfig/0d8c3b2ac0904cb8a57a757ad11a4a08-le64.cache-7
7f2d7b63c000-7f2d7b651000 r--s 00000000 08:07 140889                     /var/cache/fontconfig/04aabc0a78ac019cf9454389977116d2-le64.cache-7
7f2d7b651000-7f2d7b652000 r--s 00000000 08:07 140897                     /var/cache/fontconfig/1ac9eb803944fde146138c791f5cc56a-le64.cache-7
7f2d7b652000-7f2d7b653000 r--s 00000000 08:07 140948                     /var/cache/fontconfig/dc05db6664285cc2f12bf69c139ae4c3-le64.cache-7
7f2d7b653000-7f2d7b655000 r--s 00000000 08:07 140894                     /var/cache/fontconfig/14a5e22175779b556eaa434240950366-le64.cache-7
7f2d7b655000-7f2d7b656000 r--s 00000000 08:07 140921                     /var/cache/fontconfig/660208299946a285a940457d1287da33-le64.cache-7
7f2d7b656000-7f2d7b658000 r--s 00000000 08:07 140912                     /var/cache/fontconfig/4f3e3037c9980c83b53a9351efadef62-le64.cache-7
7f2d7b658000-7f2d7b65a000 r--s 00000000 08:07 140926                     /var/cache/fontconfig/767a8244fc0220cfb567a839d0392e0b-le64.cache-7
7f2d7b65a000-7f2d7b65b000 r--s 00000000 08:07 134468                     /var/cache/fontconfig/4794a0821666d79190d59a36cb4f44b5-le64.cache-7
7f2d7b65b000-7f2d7b65d000 r--s 00000000 08:07 140891                     /var/cache/fontconfig/0bd3dc0958fa2205aaaa8ebb13e2872b-le64.cache-7
7f2d7b65d000-7f2d7b662000 r--s 00000000 08:07 140949                     /var/cache/fontconfig/def309198bfa603429122923fa2bb2d4-le64.cache-7
7f2d7b662000-7f2d7b663000 r--s 00000000 08:07 140937                     /var/cache/fontconfig/b872e6e592da6075ffa4ab0a1fcc0c75-le64.cache-7
7f2d7b663000-7f2d7b664000 r--s 00000000 08:07 140954                     /var/cache/fontconfig/f6d4eedfaab2589bde49f7a3ff831d22-le64.cache-7
7f2d7b664000-7f2d7b665000 r--s 00000000 08:07 140919                     /var/cache/fontconfig/589f83ef4c36d296ce6e1c846f468f08-le64.cache-7
7f2d7b665000-7f2d7b666000 r--s 00000000 08:07 140939                     /var/cache/fontconfig/bab58bb527bb656aaa9f116d68a48d89-le64.cache-7
7f2d7b666000-7f2d7b667000 r--s 00000000 08:07 140898                     /var/cache/fontconfig/2171a34dccabdb6bcbbc728186263178-le64.cache-7
7f2d7b667000-7f2d7b668000 r--s 00000000 08:07 140940                     /var/cache/fontconfig/c5c45a61289222e0d30b1a26ef4effbe-le64.cache-7
7f2d7b668000-7f2d7b669000 r--s 00000000 08:07 140935                     /var/cache/fontconfig/aec30016f93e1b46d1a973dce0d74068-le64.cache-7
7f2d7b669000-7f2d7b66a000 r--s 00000000 08:07 140905                     /var/cache/fontconfig/3f589640d34b7dc9042c8d453f7c8b9c-le64.cache-7
7f2d7b66a000-7f2d7b66b000 r--s 00000000 08:07 140895                     /var/cache/fontconfig/16c2fda60d1b4b719f4b3d06fd951d25-le64.cache-7
7f2d7b66b000-7f2d7b66c000 r--s 00000000 08:07 140934                     /var/cache/fontconfig/a48eab177a16e4f3713381162db2f3e9-le64.cache-7
7f2d7b66c000-7f2d7b66d000 r--s 00000000 08:07 140915                     /var/cache/fontconfig/564b2e68ac9bc4e36a6f7f6d6125ec1c-le64.cache-7
7f2d7b66d000-7f2d7b673000 r--s 00000000 08:07 140901                     /var/cache/fontconfig/3047814df9a2f067bd2d96a2b9c36e5a-le64.cache-7
7f2d7b673000-7f2d7b686000 r--s 00000000 08:07 140945                     /var/cache/fontconfig/d52a8644073d54c13679302ca1180695-le64.cache-7
7f2d7b69e000-7f2d7b79e000 rw-p 00000000 00:00 0 
7f2d7b79e000-7f2d7b89e000 ---p 00000000 00:00 0 
7f2d7b89e000-7f2d7b8a2000 ---p 00000000 00:00 0 
7f2d7b8a2000-7f2d7b99f000 rw-p 00000000 00:00 0 
7f2d7b9fc000-7f2d7ba00000 ---p 00000000 00:00 0 
7f2d7ba00000-7f2d7bcfd000 rw-p 00000000 00:00 0 
7f2d7bcfd000-7f2d7bd01000 ---p 00000000 00:00 0 
7f2d7bd01000-7f2d7bdfe000 rw-p 00000000 00:00 0 
7f2d7bdfe000-7f2d7be02000 ---p 00000000 00:00 0 
7f2d7be02000-7f2d7beff000 rw-p 00000000 00:00 0 
7f2d7beff000-7f2d7bf03000 ---p 00000000 00:00 0 
7f2d7bf03000-7f2d7c000000 rw-p 00000000 00:00 0 
7f2d7c000000-7f2d7c021000 rw-p 00000000 00:00 0 
7f2d7c021000-7f2d80000000 ---p 00000000 00:00 0 
7f2d80000000-7f2d80021000 rw-p 00000000 00:00 0 
7f2d80021000-7f2d84000000 ---p 00000000 00:00 0 
7f2d84000000-7f2d84021000 rw-p 00000000 00:00 0 
7f2d84021000-7f2d88000000 ---p 00000000 00:00 0 
7f2d88000000-7f2d88273000 rw-p 00000000 00:00 0 
7f2d88273000-7f2d8c000000 ---p 00000000 00:00 0 
7f2d8c000000-7f2d8c021000 rw-p 00000000 00:00 0 
7f2d8c021000-7f2d90000000 ---p 00000000 00:00 0 
7f2d90000000-7f2d90021000 rw-p 00000000 00:00 0 
7f2d90021000-7f2d94000000 ---p 00000000 00:00 0 
7f2d94000000-7f2d94021000 rw-p 00000000 00:00 0 
7f2d94021000-7f2d98000000 ---p 00000000 00:00 0 
7f2d98000000-7f2d98005000 r--s 00000000 08:07 134391                     /var/cache/fontconfig/9d2451b1fd30e5bffe8383fd27c35478-le64.cache-7
7f2d98005000-7f2d98006000 r--s 00000000 08:07 140916                     /var/cache/fontconfig/56cf4f4769d0f4abc89a4895d7bd3ae1-le64.cache-7
7f2d98006000-7f2d98007000 r--s 00000000 08:07 140938                     /var/cache/fontconfig/b9d506c9ac06c20b433354fa67a72993-le64.cache-7
7f2d98007000-7f2d9800d000 r--s 00000000 08:07 140936                     /var/cache/fontconfig/b47c4e1ecd0709278f4910c18777a504-le64.cache-7
7f2d9800d000-7f2d9800e000 r--s 00000000 08:07 140903                     /var/cache/fontconfig/370e5b74bf5dafc30834de68e24a87a4-le64.cache-7
7f2d9800e000-7f2d9800f000 r--s 00000000 08:07 137176                     /var/cache/fontconfig/6b2c5944714ca7831b25bed9e85cb5c8-le64.cache-7
7f2d9800f000-7f2d98010000 r--s 00000000 08:07 140944                     /var/cache/fontconfig/d5178ab6d91b49bf20a416737dcea9e8-le64.cache-7
7f2d98010000-7f2d98011000 r--s 00000000 08:07 137175                     /var/cache/fontconfig/551ecf3b0e8b0bca0f25c0944f561853-le64.cache-7
7f2d98011000-7f2d98014000 r--s 00000000 08:07 137173                     /var/cache/fontconfig/f259c2cffa685e28062317905db73c4a-le64.cache-7
7f2d98014000-7f2d98016000 r--s 00000000 08:07 137172                     /var/cache/fontconfig/550f3886151c940c12a5ed35f6a00586-le64.cache-7
7f2d98016000-7f2d98019000 r--s 00000000 08:07 137169                     /var/cache/fontconfig/674d1711f2d1d2a09646eb0bdcadee49-le64.cache-7
7f2d98019000-7f2d9801a000 r--s 00000000 08:07 140906                     /var/cache/fontconfig/3f7329c5293ffd510edef78f73874cfd-le64.cache-7
7f2d9801a000-7f2d9801e000 r--s 00000000 08:07 137132                     /var/cache/fontconfig/d589a48862398ed80a3d6066f4f56f4c-le64.cache-7
7f2d9801e000-7f2d9801f000 r--s 00000000 08:07 140892                     /var/cache/fontconfig/0c9eb80ebd1c36541ebe2852d3bb0c49-le64.cache-7
7f2d9801f000-7f2d9802d000 r--s 00000000 08:07 140931                     /var/cache/fontconfig/9b89f8e3dae116d678bbf48e5f21f69b-le64.cache-7
7f2d9802d000-7f2d9803b000 r--s 00000000 08:07 150041                     /var/cache/fontconfig/e13b20fdb08344e0e664864cc2ede53d-le64.cache-7
7f2d9803b000-7f2d98046000 r--s 00000000 08:07 140929                     /var/cache/fontconfig/945677eb7aeaf62f1d50efc3fb3ec7d8-le64.cache-7
7f2d98046000-7f2d9805b000 r--s 00000000 08:07 140889                     /var/cache/fontconfig/04aabc0a78ac019cf9454389977116d2-le64.cache-7
7f2d9805b000-7f2d9805f000 ---p 00000000 00:00 0 
7f2d9805f000-7f2d9815c000 rw-p 00000000 00:00 0 
7f2d9815c000-7f2d9815d000 r-xp 00000000 08:07 283463                     /usr/lib/jvm/java-11-oracle/lib/librmi.so
7f2d9815d000-7f2d9835c000 ---p 00001000 08:07 283463                     /usr/lib/jvm/java-11-oracle/lib/librmi.so
7f2d9835c000-7f2d9835d000 r--p 00000000 08:07 283463                     /usr/lib/jvm/java-11-oracle/lib/librmi.so
7f2d9835d000-7f2d9835e000 rw-p 00001000 08:07 283463                     /usr/lib/jvm/java-11-oracle/lib/librmi.so
7f2d9835e000-7f2d98362000 ---p 00000000 00:00 0 
7f2d98362000-7f2d9845f000 rw-p 00000000 00:00 0 
7f2d9845f000-7f2d98463000 ---p 00000000 00:00 0 
7f2d98463000-7f2d98760000 rw-p 00000000 00:00 0 
7f2d98760000-7f2d98762000 r-xp 00000000 08:07 283441                     /usr/lib/jvm/java-11-oracle/lib/libextnet.so
7f2d98762000-7f2d98961000 ---p 00002000 08:07 283441                     /usr/lib/jvm/java-11-oracle/lib/libextnet.so
7f2d98961000-7f2d98962000 r--p 00001000 08:07 283441                     /usr/lib/jvm/java-11-oracle/lib/libextnet.so
7f2d98962000-7f2d98963000 rw-p 00002000 08:07 283441                     /usr/lib/jvm/java-11-oracle/lib/libextnet.so
7f2d98963000-7f2d98b63000 rw-p 00000000 00:00 0 
7f2d98b63000-7f2d98d63000 rw-p 00000000 00:00 0 
7f2d98d63000-7f2d98d67000 ---p 00000000 00:00 0 
7f2d98d67000-7f2d98e64000 rw-p 00000000 00:00 0 
7f2d98e64000-7f2d98e68000 ---p 00000000 00:00 0 
7f2d98e68000-7f2d98f65000 rw-p 00000000 00:00 0 
7f2d98f65000-7f2d98f6a000 r-xp 00000000 08:07 1188896                    /usr/lib/x86_64-linux-gnu/libXfixes.so.3.1.0
7f2d98f6a000-7f2d99169000 ---p 00005000 08:07 1188896                    /usr/lib/x86_64-linux-gnu/libXfixes.so.3.1.0
7f2d99169000-7f2d9916a000 r--p 00004000 08:07 1188896                    /usr/lib/x86_64-linux-gnu/libXfixes.so.3.1.0
7f2d9916a000-7f2d9916b000 rw-p 00005000 08:07 1188896                    /usr/lib/x86_64-linux-gnu/libXfixes.so.3.1.0
7f2d9916b000-7f2d99174000 r-xp 00000000 08:07 1188888                    /usr/lib/x86_64-linux-gnu/libXcursor.so.1.0.2
7f2d99174000-7f2d99373000 ---p 00009000 08:07 1188888                    /usr/lib/x86_64-linux-gnu/libXcursor.so.1.0.2
7f2d99373000-7f2d99374000 r--p 00008000 08:07 1188888                    /usr/lib/x86_64-linux-gnu/libXcursor.so.1.0.2
7f2d99374000-7f2d99375000 rw-p 00009000 08:07 1188888                    /usr/lib/x86_64-linux-gnu/libXcursor.so.1.0.2
7f2d99375000-7f2d99376000 ---p 00000000 00:00 0 
7f2d99376000-7f2d99b76000 rw-p 00000000 00:00 0 
7f2d99b76000-7f2d99b77000 ---p 00000000 00:00 0 
7f2d99b77000-7f2d9a377000 rw-p 00000000 00:00 0 
7f2d9a377000-7f2d9a378000 ---p 00000000 00:00 0 
7f2d9a378000-7f2d9ab78000 rw-p 00000000 00:00 0 
7f2d9ab78000-7f2d9ab84000 r-xp 00000000 08:07 1445153                    /usr/lib/x86_64-linux-gnu/gio/modules/libdconfsettings.so
7f2d9ab84000-7f2d9ad83000 ---p 0000c000 08:07 1445153                    /usr/lib/x86_64-linux-gnu/gio/modules/libdconfsettings.so
7f2d9ad83000-7f2d9ad84000 r--p 0000b000 08:07 1445153                    /usr/lib/x86_64-linux-gnu/gio/modules/libdconfsettings.so
7f2d9ad84000-7f2d9ad85000 rw-p 0000c000 08:07 1445153                    /usr/lib/x86_64-linux-gnu/gio/modules/libdconfsettings.so
7f2d9ad85000-7f2d9ad8b000 r-xp 00000000 08:07 928839                     /lib/x86_64-linux-gnu/libuuid.so.1.3.0
7f2d9ad8b000-7f2d9af8a000 ---p 00006000 08:07 928839                     /lib/x86_64-linux-gnu/libuuid.so.1.3.0
7f2d9af8a000-7f2d9af8b000 r--p 00005000 08:07 928839                     /lib/x86_64-linux-gnu/libuuid.so.1.3.0
7f2d9af8b000-7f2d9af8c000 rw-p 00006000 08:07 928839                     /lib/x86_64-linux-gnu/libuuid.so.1.3.0
7f2d9af8c000-7f2d9afd3000 r-xp 00000000 08:07 923370                     /lib/x86_64-linux-gnu/libblkid.so.1.1.0
7f2d9afd3000-7f2d9b1d3000 ---p 00047000 08:07 923370                     /lib/x86_64-linux-gnu/libblkid.so.1.1.0
7f2d9b1d3000-7f2d9b1d7000 r--p 00047000 08:07 923370                     /lib/x86_64-linux-gnu/libblkid.so.1.1.0
7f2d9b1d7000-7f2d9b1d8000 rw-p 0004b000 08:07 923370                     /lib/x86_64-linux-gnu/libblkid.so.1.1.0
7f2d9b1d8000-7f2d9b1d9000 rw-p 00000000 00:00 0 
7f2d9b1d9000-7f2d9b249000 r-xp 00000000 08:07 923325                     /lib/x86_64-linux-gnu/libpcre.so.3.13.3
7f2d9b249000-7f2d9b449000 ---p 00070000 08:07 923325                     /lib/x86_64-linux-gnu/libpcre.so.3.13.3
7f2d9b449000-7f2d9b44a000 r--p 00070000 08:07 923325                     /lib/x86_64-linux-gnu/libpcre.so.3.13.3
7f2d9b44a000-7f2d9b44b000 rw-p 00071000 08:07 923325                     /lib/x86_64-linux-gnu/libpcre.so.3.13.3
7f2d9b44b000-7f2d9b452000 r-xp 00000000 08:07 1189223                    /usr/lib/x86_64-linux-gnu/libffi.so.6.0.4
7f2d9b452000-7f2d9b651000 ---p 00007000 08:07 1189223                    /usr/lib/x86_64-linux-gnu/libffi.so.6.0.4
7f2d9b651000-7f2d9b652000 r--p 00006000 08:07 1189223                    /usr/lib/x86_64-linux-gnu/libffi.so.6.0.4
7f2d9b652000-7f2d9b653000 rw-p 00007000 08:07 1189223                    /usr/lib/x86_64-linux-gnu/libffi.so.6.0.4
7f2d9b653000-7f2d9b6a4000 r-xp 00000000 08:07 923236                     /lib/x86_64-linux-gnu/libmount.so.1.1.0
7f2d9b6a4000-7f2d9b8a3000 ---p 00051000 08:07 923236                     /lib/x86_64-linux-gnu/libmount.so.1.1.0
7f2d9b8a3000-7f2d9b8a5000 r--p 00050000 08:07 923236                     /lib/x86_64-linux-gnu/libmount.so.1.1.0
7f2d9b8a5000-7f2d9b8a6000 rw-p 00052000 08:07 923236                     /lib/x86_64-linux-gnu/libmount.so.1.1.0
7f2d9b8a6000-7f2d9b8a7000 rw-p 00000000 00:00 0 
7f2d9b8a7000-7f2d9b8be000 r-xp 00000000 08:07 923342                     /lib/x86_64-linux-gnu/libresolv-2.27.so
7f2d9b8be000-7f2d9babe000 ---p 00017000 08:07 923342                     /lib/x86_64-linux-gnu/libresolv-2.27.so
7f2d9babe000-7f2d9babf000 r--p 00017000 08:07 923342                     /lib/x86_64-linux-gnu/libresolv-2.27.so
7f2d9babf000-7f2d9bac0000 rw-p 00018000 08:07 923342                     /lib/x86_64-linux-gnu/libresolv-2.27.so
7f2d9bac0000-7f2d9bac2000 rw-p 00000000 00:00 0 
7f2d9bac2000-7f2d9bae7000 r-xp 00000000 08:07 923348                     /lib/x86_64-linux-gnu/libselinux.so.1
7f2d9bae7000-7f2d9bce6000 ---p 00025000 08:07 923348                     /lib/x86_64-linux-gnu/libselinux.so.1
7f2d9bce6000-7f2d9bce7000 r--p 00024000 08:07 923348                     /lib/x86_64-linux-gnu/libselinux.so.1
7f2d9bce7000-7f2d9bce8000 rw-p 00025000 08:07 923348                     /lib/x86_64-linux-gnu/libselinux.so.1
7f2d9bce8000-7f2d9bcea000 rw-p 00000000 00:00 0 
7f2d9bcea000-7f2d9bdfe000 r-xp 00000000 08:07 1179681                    /usr/lib/x86_64-linux-gnu/libglib-2.0.so.0.5600.4
7f2d9bdfe000-7f2d9bffd000 ---p 00114000 08:07 1179681                    /usr/lib/x86_64-linux-gnu/libglib-2.0.so.0.5600.4
7f2d9bffd000-7f2d9bffe000 r--p 00113000 08:07 1179681                    /usr/lib/x86_64-linux-gnu/libglib-2.0.so.0.5600.4
7f2d9bffe000-7f2d9bfff000 rw-p 00114000 08:07 1179681                    /usr/lib/x86_64-linux-gnu/libglib-2.0.so.0.5600.4
7f2d9bfff000-7f2d9c000000 rw-p 00000000 00:00 0 
7f2d9c000000-7f2d9c021000 rw-p 00000000 00:00 0 
7f2d9c021000-7f2da0000000 ---p 00000000 00:00 0 
7f2da0000000-7f2da0021000 rw-p 00000000 00:00 0 
7f2da0021000-7f2da4000000 ---p 00000000 00:00 0 
7f2da4000000-7f2da4256000 rw-p 00000000 00:00 0 
7f2da4256000-7f2da8000000 ---p 00000000 00:00 0 
7f2da8000000-7f2da84c3000 rw-p 00000000 00:00 0 
7f2da84c3000-7f2dac000000 ---p 00000000 00:00 0 
7f2dac000000-7f2dac021000 rw-p 00000000 00:00 0 
7f2dac021000-7f2db0000000 ---p 00000000 00:00 0 
7f2db0000000-7f2db0021000 rw-p 00000000 00:00 0 
7f2db0021000-7f2db4000000 ---p 00000000 00:00 0 
7f2db4000000-7f2db4b36000 rw-p 00000000 00:00 0 
7f2db4b36000-7f2db8000000 ---p 00000000 00:00 0 
7f2db8000000-7f2db84de000 rw-p 00000000 00:00 0 
7f2db84de000-7f2dbc000000 ---p 00000000 00:00 0 
7f2dbc000000-7f2dbc021000 rw-p 00000000 00:00 0 
7f2dbc021000-7f2dc0000000 ---p 00000000 00:00 0 
7f2dc0000000-7f2dc0001000 r--s 00000000 08:07 140899                     /var/cache/fontconfig/22368d551a680bfe5a62c02760edf4ea-le64.cache-7
7f2dc0001000-7f2dc0002000 r--s 00000000 08:07 140911                     /var/cache/fontconfig/4d9c95eba1cb85bbcf2878543262124a-le64.cache-7
7f2dc0002000-7f2dc0003000 r--s 00000000 08:07 140928                     /var/cache/fontconfig/85e0a52ce643a7ba2ae53e5d6949cead-le64.cache-7
7f2dc0003000-7f2dc0004000 r--s 00000000 08:07 140908                     /var/cache/fontconfig/49f0de54bdd920fe4f0dfd4cbac43e6b-le64.cache-7
7f2dc0004000-7f2dc0005000 r--s 00000000 08:07 140955                     /var/cache/fontconfig/f6e6e0a5c3d2f6ae0c0c2e0ecd42a997-le64.cache-7
7f2dc0005000-7f2dc0006000 r--s 00000000 08:07 140909                     /var/cache/fontconfig/4b2eda6bb976bda485cb2176619421d5-le64.cache-7
7f2dc0006000-7f2dc0008000 r--s 00000000 08:07 140923                     /var/cache/fontconfig/6afa1bb216ce958c1589e297e8008489-le64.cache-7
7f2dc0008000-7f2dc000d000 r--s 00000000 08:07 140900                     /var/cache/fontconfig/2300eef321c393bfd76478a5c0e95b23-le64.cache-7
7f2dc000d000-7f2dc000e000 r--s 00000000 08:07 140893                     /var/cache/fontconfig/0d8c3b2ac0904cb8a57a757ad11a4a08-le64.cache-7
7f2dc000e000-7f2dc000f000 r--s 00000000 08:07 140897                     /var/cache/fontconfig/1ac9eb803944fde146138c791f5cc56a-le64.cache-7
7f2dc000f000-7f2dc0010000 r--s 00000000 08:07 140948                     /var/cache/fontconfig/dc05db6664285cc2f12bf69c139ae4c3-le64.cache-7
7f2dc0010000-7f2dc0012000 r--s 00000000 08:07 140894                     /var/cache/fontconfig/14a5e22175779b556eaa434240950366-le64.cache-7
7f2dc0012000-7f2dc0013000 r--s 00000000 08:07 140921                     /var/cache/fontconfig/660208299946a285a940457d1287da33-le64.cache-7
7f2dc0013000-7f2dc0015000 r--s 00000000 08:07 140912                     /var/cache/fontconfig/4f3e3037c9980c83b53a9351efadef62-le64.cache-7
7f2dc0015000-7f2dc0017000 r--s 00000000 08:07 140926                     /var/cache/fontconfig/767a8244fc0220cfb567a839d0392e0b-le64.cache-7
7f2dc0017000-7f2dc0018000 r--s 00000000 08:07 134468                     /var/cache/fontconfig/4794a0821666d79190d59a36cb4f44b5-le64.cache-7
7f2dc0018000-7f2dc001a000 r--s 00000000 08:07 140891                     /var/cache/fontconfig/0bd3dc0958fa2205aaaa8ebb13e2872b-le64.cache-7
7f2dc001a000-7f2dc001f000 r--s 00000000 08:07 140949                     /var/cache/fontconfig/def309198bfa603429122923fa2bb2d4-le64.cache-7
7f2dc001f000-7f2dc0020000 r--s 00000000 08:07 140937                     /var/cache/fontconfig/b872e6e592da6075ffa4ab0a1fcc0c75-le64.cache-7
7f2dc0020000-7f2dc0021000 r--s 00000000 08:07 140954                     /var/cache/fontconfig/f6d4eedfaab2589bde49f7a3ff831d22-le64.cache-7
7f2dc0021000-7f2dc0022000 r--s 00000000 08:07 140919                     /var/cache/fontconfig/589f83ef4c36d296ce6e1c846f468f08-le64.cache-7
7f2dc0022000-7f2dc0023000 r--s 00000000 08:07 140939                     /var/cache/fontconfig/bab58bb527bb656aaa9f116d68a48d89-le64.cache-7
7f2dc0023000-7f2dc0024000 r--s 00000000 08:07 140898                     /var/cache/fontconfig/2171a34dccabdb6bcbbc728186263178-le64.cache-7
7f2dc0024000-7f2dc0025000 r--s 00000000 08:07 140940                     /var/cache/fontconfig/c5c45a61289222e0d30b1a26ef4effbe-le64.cache-7
7f2dc0025000-7f2dc0026000 r--s 00000000 08:07 140935                     /var/cache/fontconfig/aec30016f93e1b46d1a973dce0d74068-le64.cache-7
7f2dc0026000-7f2dc002b000 r--s 00000000 08:07 134391                     /var/cache/fontconfig/9d2451b1fd30e5bffe8383fd27c35478-le64.cache-7
7f2dc002b000-7f2dc0031000 r--s 00000000 08:07 140901                     /var/cache/fontconfig/3047814df9a2f067bd2d96a2b9c36e5a-le64.cache-7
7f2dc0031000-7f2dc0044000 r--s 00000000 08:07 140945                     /var/cache/fontconfig/d52a8644073d54c13679302ca1180695-le64.cache-7
7f2dc0044000-7f2dc0075000 r--p 00000000 08:07 395461                     /usr/share/glib-2.0/schemas/gschemas.compiled
7f2dc0075000-7f2dc0078000 r-xp 00000000 08:07 1179682                    /usr/lib/x86_64-linux-gnu/libgmodule-2.0.so.0.5600.4
7f2dc0078000-7f2dc0277000 ---p 00003000 08:07 1179682                    /usr/lib/x86_64-linux-gnu/libgmodule-2.0.so.0.5600.4
7f2dc0277000-7f2dc0278000 r--p 00002000 08:07 1179682                    /usr/lib/x86_64-linux-gnu/libgmodule-2.0.so.0.5600.4
7f2dc0278000-7f2dc0279000 rw-p 00003000 08:07 1179682                    /usr/lib/x86_64-linux-gnu/libgmodule-2.0.so.0.5600.4
7f2dc0279000-7f2dc02cb000 r-xp 00000000 08:07 1179683                    /usr/lib/x86_64-linux-gnu/libgobject-2.0.so.0.5600.4
7f2dc02cb000-7f2dc04cb000 ---p 00052000 08:07 1179683                    /usr/lib/x86_64-linux-gnu/libgobject-2.0.so.0.5600.4
7f2dc04cb000-7f2dc04cc000 r--p 00052000 08:07 1179683                    /usr/lib/x86_64-linux-gnu/libgobject-2.0.so.0.5600.4
7f2dc04cc000-7f2dc04cd000 rw-p 00053000 08:07 1179683                    /usr/lib/x86_64-linux-gnu/libgobject-2.0.so.0.5600.4
7f2dc04cd000-7f2dc0662000 r-xp 00000000 08:07 1179680                    /usr/lib/x86_64-linux-gnu/libgio-2.0.so.0.5600.4
7f2dc0662000-7f2dc0862000 ---p 00195000 08:07 1179680                    /usr/lib/x86_64-linux-gnu/libgio-2.0.so.0.5600.4
7f2dc0862000-7f2dc0869000 r--p 00195000 08:07 1179680                    /usr/lib/x86_64-linux-gnu/libgio-2.0.so.0.5600.4
7f2dc0869000-7f2dc086a000 rw-p 0019c000 08:07 1179680                    /usr/lib/x86_64-linux-gnu/libgio-2.0.so.0.5600.4
7f2dc086a000-7f2dc086c000 rw-p 00000000 00:00 0 
7f2dc086c000-7f2dc0876000 r-xp 00000000 08:07 1188912                    /usr/lib/x86_64-linux-gnu/libXrandr.so.2.2.0
7f2dc0876000-7f2dc0a75000 ---p 0000a000 08:07 1188912                    /usr/lib/x86_64-linux-gnu/libXrandr.so.2.2.0
7f2dc0a75000-7f2dc0a76000 r--p 00009000 08:07 1188912                    /usr/lib/x86_64-linux-gnu/libXrandr.so.2.2.0
7f2dc0a76000-7f2dc0a77000 rw-p 0000a000 08:07 1188912                    /usr/lib/x86_64-linux-gnu/libXrandr.so.2.2.0
7f2dc0a77000-7f2dc0aa8000 r-xp 00000000 08:07 1183685                    /usr/lib/x86_64-linux-gnu/libpng16.so.16.34.0
7f2dc0aa8000-7f2dc0ca7000 ---p 00031000 08:07 1183685                    /usr/lib/x86_64-linux-gnu/libpng16.so.16.34.0
7f2dc0ca7000-7f2dc0ca8000 r--p 00030000 08:07 1183685                    /usr/lib/x86_64-linux-gnu/libpng16.so.16.34.0
7f2dc0ca8000-7f2dc0ca9000 rw-p 00031000 08:07 1183685                    /usr/lib/x86_64-linux-gnu/libpng16.so.16.34.0
7f2dc0ca9000-7f2dc0d56000 r-xp 00000000 08:07 1189255                    /usr/lib/x86_64-linux-gnu/libfreetype.so.6.15.0
7f2dc0d56000-7f2dc0f55000 ---p 000ad000 08:07 1189255                    /usr/lib/x86_64-linux-gnu/libfreetype.so.6.15.0
7f2dc0f55000-7f2dc0f5c000 r--p 000ac000 08:07 1189255                    /usr/lib/x86_64-linux-gnu/libfreetype.so.6.15.0
7f2dc0f5c000-7f2dc0f5d000 rw-p 000b3000 08:07 1189255                    /usr/lib/x86_64-linux-gnu/libfreetype.so.6.15.0
7f2dc0f5d000-7f2dc101a000 r-xp 00000000 08:07 283442                     /usr/lib/jvm/java-11-oracle/lib/libfontmanager.so
7f2dc101a000-7f2dc1219000 ---p 000bd000 08:07 283442                     /usr/lib/jvm/java-11-oracle/lib/libfontmanager.so
7f2dc1219000-7f2dc121b000 r--p 000bc000 08:07 283442                     /usr/lib/jvm/java-11-oracle/lib/libfontmanager.so
7f2dc121b000-7f2dc121c000 rw-p 000be000 08:07 283442                     /usr/lib/jvm/java-11-oracle/lib/libfontmanager.so
7f2dc121c000-7f2dc141d000 rw-p 00000000 00:00 0 
7f2dc141d000-7f2dc1430000 r-xp 00000000 08:07 923199                     /lib/x86_64-linux-gnu/libbsd.so.0.8.7
7f2dc1430000-7f2dc162f000 ---p 00013000 08:07 923199                     /lib/x86_64-linux-gnu/libbsd.so.0.8.7
7f2dc162f000-7f2dc1630000 r--p 00012000 08:07 923199                     /lib/x86_64-linux-gnu/libbsd.so.0.8.7
7f2dc1630000-7f2dc1631000 rw-p 00013000 08:07 923199                     /lib/x86_64-linux-gnu/libbsd.so.0.8.7
7f2dc1631000-7f2dc1632000 rw-p 00000000 00:00 0 
7f2dc1632000-7f2dc1637000 r-xp 00000000 08:07 1188892                    /usr/lib/x86_64-linux-gnu/libXdmcp.so.6.0.0
7f2dc1637000-7f2dc1836000 ---p 00005000 08:07 1188892                    /usr/lib/x86_64-linux-gnu/libXdmcp.so.6.0.0
7f2dc1836000-7f2dc1837000 r--p 00004000 08:07 1188892                    /usr/lib/x86_64-linux-gnu/libXdmcp.so.6.0.0
7f2dc1837000-7f2dc1838000 rw-p 00005000 08:07 1188892                    /usr/lib/x86_64-linux-gnu/libXdmcp.so.6.0.0
7f2dc1838000-7f2dc183a000 r-xp 00000000 08:07 1188881                    /usr/lib/x86_64-linux-gnu/libXau.so.6.0.0
7f2dc183a000-7f2dc1a3a000 ---p 00002000 08:07 1188881                    /usr/lib/x86_64-linux-gnu/libXau.so.6.0.0
7f2dc1a3a000-7f2dc1a3b000 r--p 00002000 08:07 1188881                    /usr/lib/x86_64-linux-gnu/libXau.so.6.0.0
7f2dc1a3b000-7f2dc1a3c000 rw-p 00003000 08:07 1188881                    /usr/lib/x86_64-linux-gnu/libXau.so.6.0.0
7f2dc1a3c000-7f2dc1a62000 r-xp 00000000 08:07 1190085                    /usr/lib/x86_64-linux-gnu/libxcb.so.1.1.0
7f2dc1a62000-7f2dc1c62000 ---p 00026000 08:07 1190085                    /usr/lib/x86_64-linux-gnu/libxcb.so.1.1.0
7f2dc1c62000-7f2dc1c63000 r--p 00026000 08:07 1190085                    /usr/lib/x86_64-linux-gnu/libxcb.so.1.1.0
7f2dc1c63000-7f2dc1c64000 rw-p 00027000 08:07 1190085                    /usr/lib/x86_64-linux-gnu/libxcb.so.1.1.0
7f2dc1c64000-7f2dc1c73000 r-xp 00000000 08:07 1188902                    /usr/lib/x86_64-linux-gnu/libXi.so.6.1.0
7f2dc1c73000-7f2dc1e72000 ---p 0000f000 08:07 1188902                    /usr/lib/x86_64-linux-gnu/libXi.so.6.1.0
7f2dc1e72000-7f2dc1e73000 r--p 0000e000 08:07 1188902                    /usr/lib/x86_64-linux-gnu/libXi.so.6.1.0
7f2dc1e73000-7f2dc1e74000 rw-p 0000f000 08:07 1188902                    /usr/lib/x86_64-linux-gnu/libXi.so.6.1.0
7f2dc1e74000-7f2dc1e79000 r-xp 00000000 08:07 1188920                    /usr/lib/x86_64-linux-gnu/libXtst.so.6.1.0
7f2dc1e79000-7f2dc2078000 ---p 00005000 08:07 1188920                    /usr/lib/x86_64-linux-gnu/libXtst.so.6.1.0
7f2dc2078000-7f2dc2079000 r--p 00004000 08:07 1188920                    /usr/lib/x86_64-linux-gnu/libXtst.so.6.1.0
7f2dc2079000-7f2dc207a000 rw-p 00005000 08:07 1188920                    /usr/lib/x86_64-linux-gnu/libXtst.so.6.1.0
7f2dc207a000-7f2dc2083000 r-xp 00000000 08:07 1188914                    /usr/lib/x86_64-linux-gnu/libXrender.so.1.3.0
7f2dc2083000-7f2dc2282000 ---p 00009000 08:07 1188914                    /usr/lib/x86_64-linux-gnu/libXrender.so.1.3.0
7f2dc2282000-7f2dc2283000 r--p 00008000 08:07 1188914                    /usr/lib/x86_64-linux-gnu/libXrender.so.1.3.0
7f2dc2283000-7f2dc2284000 rw-p 00009000 08:07 1188914                    /usr/lib/x86_64-linux-gnu/libXrender.so.1.3.0
7f2dc2284000-7f2dc23b7000 r-xp 00000000 08:07 1180923                    /usr/lib/x86_64-linux-gnu/libX11.so.6.3.0
7f2dc23b7000-7f2dc25b7000 ---p 00133000 08:07 1180923                    /usr/lib/x86_64-linux-gnu/libX11.so.6.3.0
7f2dc25b7000-7f2dc25b8000 r--p 00133000 08:07 1180923                    /usr/lib/x86_64-linux-gnu/libX11.so.6.3.0
7f2dc25b8000-7f2dc25bc000 rw-p 00134000 08:07 1180923                    /usr/lib/x86_64-linux-gnu/libX11.so.6.3.0
7f2dc25bc000-7f2dc25cd000 r-xp 00000000 08:07 1188894                    /usr/lib/x86_64-linux-gnu/libXext.so.6.4.0
7f2dc25cd000-7f2dc27cc000 ---p 00011000 08:07 1188894                    /usr/lib/x86_64-linux-gnu/libXext.so.6.4.0
7f2dc27cc000-7f2dc27cd000 r--p 00010000 08:07 1188894                    /usr/lib/x86_64-linux-gnu/libXext.so.6.4.0
7f2dc27cd000-7f2dc27ce000 rw-p 00011000 08:07 1188894                    /usr/lib/x86_64-linux-gnu/libXext.so.6.4.0
7f2dc27ce000-7f2dc282c000 r-xp 00000000 08:07 283439                     /usr/lib/jvm/java-11-oracle/lib/libawt_xawt.so
7f2dc282c000-7f2dc2a2b000 ---p 0005e000 08:07 283439                     /usr/lib/jvm/java-11-oracle/lib/libawt_xawt.so
7f2dc2a2b000-7f2dc2a2c000 r--p 0005d000 08:07 283439                     /usr/lib/jvm/java-11-oracle/lib/libawt_xawt.so
7f2dc2a2c000-7f2dc2a2f000 rw-p 0005e000 08:07 283439                     /usr/lib/jvm/java-11-oracle/lib/libawt_xawt.so
7f2dc2a2f000-7f2dc2a31000 rw-p 00000000 00:00 0 
7f2dc2a31000-7f2dc2ad1000 r-xp 00000000 08:07 283437                     /usr/lib/jvm/java-11-oracle/lib/libawt.so
7f2dc2ad1000-7f2dc2cd1000 ---p 000a0000 08:07 283437                     /usr/lib/jvm/java-11-oracle/lib/libawt.so
7f2dc2cd1000-7f2dc2cd2000 r--p 000a0000 08:07 283437                     /usr/lib/jvm/java-11-oracle/lib/libawt.so
7f2dc2cd2000-7f2dc2cdd000 rw-p 000a1000 08:07 283437                     /usr/lib/jvm/java-11-oracle/lib/libawt.so
7f2dc2cdd000-7f2dc2d02000 rw-p 00000000 00:00 0 
7f2dc2d02000-7f2dc2d03000 ---p 00000000 00:00 0 
7f2dc2d03000-7f2dc2e04000 rw-p 00000000 00:00 0 
7f2dc2e04000-7f2dc2e08000 ---p 00000000 00:00 0 
7f2dc2e08000-7f2dc2f05000 rw-p 00000000 00:00 0 
7f2dc2f05000-7f2dc2f09000 ---p 00000000 00:00 0 
7f2dc2f09000-7f2dc3006000 rw-p 00000000 00:00 0 
7f2dc3006000-7f2dc300a000 ---p 00000000 00:00 0 
7f2dc300a000-7f2dc3107000 rw-p 00000000 00:00 0 
7f2dc3107000-7f2dc310b000 ---p 00000000 00:00 0 
7f2dc310b000-7f2dc3208000 rw-p 00000000 00:00 0 
7f2dc3208000-7f2dc321e000 r-xp 00000000 08:07 283460                     /usr/lib/jvm/java-11-oracle/lib/libnet.so
7f2dc321e000-7f2dc341e000 ---p 00016000 08:07 283460                     /usr/lib/jvm/java-11-oracle/lib/libnet.so
7f2dc341e000-7f2dc341f000 r--p 00016000 08:07 283460                     /usr/lib/jvm/java-11-oracle/lib/libnet.so
7f2dc341f000-7f2dc3420000 rw-p 00017000 08:07 283460                     /usr/lib/jvm/java-11-oracle/lib/libnet.so
7f2dc3420000-7f2dc3430000 r-xp 00000000 08:07 283461                     /usr/lib/jvm/java-11-oracle/lib/libnio.so
7f2dc3430000-7f2dc362f000 ---p 00010000 08:07 283461                     /usr/lib/jvm/java-11-oracle/lib/libnio.so
7f2dc362f000-7f2dc3630000 r--p 0000f000 08:07 283461                     /usr/lib/jvm/java-11-oracle/lib/libnio.so
7f2dc3630000-7f2dc3631000 rw-p 00010000 08:07 283461                     /usr/lib/jvm/java-11-oracle/lib/libnio.so
7f2dc3631000-7f2dc4000000 r--p 00000000 08:07 1187247                    /usr/lib/locale/locale-archive
7f2dc4000000-7f2dc4021000 rw-p 00000000 00:00 0 
7f2dc4021000-7f2dc8000000 ---p 00000000 00:00 0 
7f2dc8000000-7f2dc8021000 rw-p 00000000 00:00 0 
7f2dc8021000-7f2dcc000000 ---p 00000000 00:00 0 
7f2dcc000000-7f2dcc021000 rw-p 00000000 00:00 0 
7f2dcc021000-7f2dd0000000 ---p 00000000 00:00 0 
7f2dd0000000-7f2dd00cf000 rw-p 00000000 00:00 0 
7f2dd00cf000-7f2dd4000000 ---p 00000000 00:00 0 
7f2dd4000000-7f2dd4021000 rw-p 00000000 00:00 0 
7f2dd4021000-7f2dd8000000 ---p 00000000 00:00 0 
7f2dd8000000-7f2dd8021000 rw-p 00000000 00:00 0 
7f2dd8021000-7f2ddc000000 ---p 00000000 00:00 0 
7f2ddc000000-7f2ddc021000 rw-p 00000000 00:00 0 
7f2ddc021000-7f2de0000000 ---p 00000000 00:00 0 
7f2de0000000-7f2de0001000 r--s 00000000 08:07 140905                     /var/cache/fontconfig/3f589640d34b7dc9042c8d453f7c8b9c-le64.cache-7
7f2de0001000-7f2de0007000 r--s 00000000 08:07 140936                     /var/cache/fontconfig/b47c4e1ecd0709278f4910c18777a504-le64.cache-7
7f2de0007000-7f2de0027000 r--p 00000000 08:07 272201                     /usr/share/locale-langpack/it/LC_MESSAGES/glib20.mo
7f2de0027000-7f2de002b000 ---p 00000000 00:00 0 
7f2de002b000-7f2de0128000 rw-p 00000000 00:00 0 
7f2de0128000-7f2de012c000 ---p 00000000 00:00 0 
7f2de012c000-7f2de0229000 rw-p 00000000 00:00 0 
7f2de0229000-7f2de022d000 ---p 00000000 00:00 0 
7f2de022d000-7f2de032a000 rw-p 00000000 00:00 0 
7f2de032a000-7f2de032e000 ---p 00000000 00:00 0 
7f2de032e000-7f2de042b000 rw-p 00000000 00:00 0 
7f2de042b000-7f2de042f000 ---p 00000000 00:00 0 
7f2de042f000-7f2de052c000 rw-p 00000000 00:00 0 
7f2de052c000-7f2de0530000 ---p 00000000 00:00 0 
7f2de0530000-7f2de062d000 rw-p 00000000 00:00 0 
7f2de062d000-7f2de062e000 ---p 00000000 00:00 0 
7f2de062e000-7f2de0fb0000 rw-p 00000000 00:00 0 
7f2de0fb0000-7f2de0fb1000 ---p 00000000 00:00 0 
7f2de0fb1000-7f2de10b2000 rw-p 00000000 00:00 0 
7f2de10b2000-7f2de10b3000 ---p 00000000 00:00 0 
7f2de10b3000-7f2de39bc000 rw-p 00000000 00:00 0 
7f2de39bc000-7f2de39bd000 ---p 00000000 00:00 0 
7f2de39bd000-7f2de3cae000 rw-p 00000000 00:00 0 
7f2de3cae000-7f2de5986000 ---p 00000000 00:00 0 
7f2de5986000-7f2de5b76000 rw-p 00000000 00:00 0 
7f2de5b76000-7f2de784e000 ---p 00000000 00:00 0 
7f2de784e000-7f2de788c000 rw-p 00000000 00:00 0 
7f2de788c000-7f2de7c27000 ---p 00000000 00:00 0 
7f2de7c27000-7f2de7c65000 rw-p 00000000 00:00 0 
7f2de7c65000-7f2de8000000 ---p 00000000 00:00 0 
7f2de8000000-7f2de8021000 rw-p 00000000 00:00 0 
7f2de8021000-7f2dec000000 ---p 00000000 00:00 0 
7f2dec000000-7f2dec001000 r--s 00000000 08:07 140895                     /var/cache/fontconfig/16c2fda60d1b4b719f4b3d06fd951d25-le64.cache-7
7f2dec001000-7f2dec002000 r--s 00000000 08:07 140934                     /var/cache/fontconfig/a48eab177a16e4f3713381162db2f3e9-le64.cache-7
7f2dec002000-7f2dec003000 r--s 00000000 08:07 140915                     /var/cache/fontconfig/564b2e68ac9bc4e36a6f7f6d6125ec1c-le64.cache-7
7f2dec003000-7f2dec004000 r--s 00000000 08:07 140916                     /var/cache/fontconfig/56cf4f4769d0f4abc89a4895d7bd3ae1-le64.cache-7
7f2dec004000-7f2dec005000 r--s 00000000 08:07 140938                     /var/cache/fontconfig/b9d506c9ac06c20b433354fa67a72993-le64.cache-7
7f2dec005000-7f2dec006000 r--s 00000000 08:07 140903                     /var/cache/fontconfig/370e5b74bf5dafc30834de68e24a87a4-le64.cache-7
7f2dec006000-7f2dec007000 r--s 00000000 08:07 137176                     /var/cache/fontconfig/6b2c5944714ca7831b25bed9e85cb5c8-le64.cache-7
7f2dec007000-7f2dec008000 r--s 00000000 08:07 140944                     /var/cache/fontconfig/d5178ab6d91b49bf20a416737dcea9e8-le64.cache-7
7f2dec008000-7f2dec009000 r--s 00000000 08:07 137175                     /var/cache/fontconfig/551ecf3b0e8b0bca0f25c0944f561853-le64.cache-7
7f2dec009000-7f2dec00c000 r--s 00000000 08:07 137173                     /var/cache/fontconfig/f259c2cffa685e28062317905db73c4a-le64.cache-7
7f2dec00c000-7f2dec00e000 r--s 00000000 08:07 137172                     /var/cache/fontconfig/550f3886151c940c12a5ed35f6a00586-le64.cache-7
7f2dec00e000-7f2dec02f000 r--p 00000000 08:07 266533                     /usr/share/locale-langpack/it/LC_MESSAGES/libc.mo
7f2dec02f000-7f2dec060000 rw-p 00000000 00:00 0 
7f2dec060000-7f2dec061000 ---p 00000000 00:00 0 
7f2dec061000-7f2dec1a0000 rw-p 00000000 00:00 0 
7f2dec1a0000-7f2dec53b000 ---p 00000000 00:00 0 
7f2dec53b000-7f2decc42000 rw-p 00000000 00:00 0 
7f2decc42000-7f2deceb2000 rwxp 00000000 00:00 0 
7f2deceb2000-7f2ded1d3000 ---p 00000000 00:00 0 
7f2ded1d3000-7f2ded513000 rwxp 00000000 00:00 0 
7f2ded513000-7f2df470a000 ---p 00000000 00:00 0 
7f2df470a000-7f2df497a000 rwxp 00000000 00:00 0 
7f2df497a000-7f2dfbc42000 ---p 00000000 00:00 0 
7f2dfbc42000-7f2e04000000 r--s 00000000 08:07 283471                     /usr/lib/jvm/java-11-oracle/lib/modules
7f2e04000000-7f2e04464000 rw-p 00000000 00:00 0 
7f2e04464000-7f2e08000000 ---p 00000000 00:00 0 
7f2e08000000-7f2e08003000 r--s 00000000 08:07 137169                     /var/cache/fontconfig/674d1711f2d1d2a09646eb0bdcadee49-le64.cache-7
7f2e08003000-7f2e08004000 r--s 00000000 08:07 140906                     /var/cache/fontconfig/3f7329c5293ffd510edef78f73874cfd-le64.cache-7
7f2e08004000-7f2e08008000 r--s 00000000 08:07 137132                     /var/cache/fontconfig/d589a48862398ed80a3d6066f4f56f4c-le64.cache-7
7f2e08008000-7f2e08009000 r--s 00000000 08:07 140892                     /var/cache/fontconfig/0c9eb80ebd1c36541ebe2852d3bb0c49-le64.cache-7
7f2e08009000-7f2e0800a000 r--s 00000000 08:07 140899                     /var/cache/fontconfig/22368d551a680bfe5a62c02760edf4ea-le64.cache-7
7f2e0800a000-7f2e08018000 r--s 00000000 08:07 140931                     /var/cache/fontconfig/9b89f8e3dae116d678bbf48e5f21f69b-le64.cache-7
7f2e08018000-7f2e0819c000 rw-p 00000000 00:00 0 
7f2e0819c000-7f2e0819d000 ---p 00000000 00:00 0 
7f2e0819d000-7f2e082a3000 rw-p 00000000 00:00 0 
7f2e082a3000-7f2e08389000 ---p 00000000 00:00 0 
7f2e08389000-7f2e08390000 rw-p 00000000 00:00 0 
7f2e08390000-7f2e08474000 ---p 00000000 00:00 0 
7f2e08474000-7f2e0848f000 r-xp 00000000 08:07 283452                     /usr/lib/jvm/java-11-oracle/lib/libjimage.so
7f2e0848f000-7f2e0868e000 ---p 0001b000 08:07 283452                     /usr/lib/jvm/java-11-oracle/lib/libjimage.so
7f2e0868e000-7f2e08690000 r--p 0001a000 08:07 283452                     /usr/lib/jvm/java-11-oracle/lib/libjimage.so
7f2e08690000-7f2e08691000 rw-p 0001c000 08:07 283452                     /usr/lib/jvm/java-11-oracle/lib/libjimage.so
7f2e08691000-7f2e08698000 r-xp 00000000 08:07 283470                     /usr/lib/jvm/java-11-oracle/lib/libzip.so
7f2e08698000-7f2e08897000 ---p 00007000 08:07 283470                     /usr/lib/jvm/java-11-oracle/lib/libzip.so
7f2e08897000-7f2e08898000 r--p 00006000 08:07 283470                     /usr/lib/jvm/java-11-oracle/lib/libzip.so
7f2e08898000-7f2e08899000 rw-p 00007000 08:07 283470                     /usr/lib/jvm/java-11-oracle/lib/libzip.so
7f2e08899000-7f2e088a4000 r-xp 00000000 08:07 923293                     /lib/x86_64-linux-gnu/libnss_files-2.27.so
7f2e088a4000-7f2e08aa3000 ---p 0000b000 08:07 923293                     /lib/x86_64-linux-gnu/libnss_files-2.27.so
7f2e08aa3000-7f2e08aa4000 r--p 0000a000 08:07 923293                     /lib/x86_64-linux-gnu/libnss_files-2.27.so
7f2e08aa4000-7f2e08aa5000 rw-p 0000b000 08:07 923293                     /lib/x86_64-linux-gnu/libnss_files-2.27.so
7f2e08aa5000-7f2e08aab000 rw-p 00000000 00:00 0 
7f2e08aab000-7f2e08ac2000 r-xp 00000000 08:07 923287                     /lib/x86_64-linux-gnu/libnsl-2.27.so
7f2e08ac2000-7f2e08cc1000 ---p 00017000 08:07 923287                     /lib/x86_64-linux-gnu/libnsl-2.27.so
7f2e08cc1000-7f2e08cc2000 r--p 00016000 08:07 923287                     /lib/x86_64-linux-gnu/libnsl-2.27.so
7f2e08cc2000-7f2e08cc3000 rw-p 00017000 08:07 923287                     /lib/x86_64-linux-gnu/libnsl-2.27.so
7f2e08cc3000-7f2e08cc5000 rw-p 00000000 00:00 0 
7f2e08cc5000-7f2e08cd0000 r-xp 00000000 08:07 923304                     /lib/x86_64-linux-gnu/libnss_nis-2.27.so
7f2e08cd0000-7f2e08ecf000 ---p 0000b000 08:07 923304                     /lib/x86_64-linux-gnu/libnss_nis-2.27.so
7f2e08ecf000-7f2e08ed0000 r--p 0000a000 08:07 923304                     /lib/x86_64-linux-gnu/libnss_nis-2.27.so
7f2e08ed0000-7f2e08ed1000 rw-p 0000b000 08:07 923304                     /lib/x86_64-linux-gnu/libnss_nis-2.27.so
7f2e08ed1000-7f2e08ed9000 r-xp 00000000 08:07 923289                     /lib/x86_64-linux-gnu/libnss_compat-2.27.so
7f2e08ed9000-7f2e090d9000 ---p 00008000 08:07 923289                     /lib/x86_64-linux-gnu/libnss_compat-2.27.so
7f2e090d9000-7f2e090da000 r--p 00008000 08:07 923289                     /lib/x86_64-linux-gnu/libnss_compat-2.27.so
7f2e090da000-7f2e090db000 rw-p 00009000 08:07 923289                     /lib/x86_64-linux-gnu/libnss_compat-2.27.so
7f2e090db000-7f2e09104000 r-xp 00000000 08:07 283448                     /usr/lib/jvm/java-11-oracle/lib/libjava.so
7f2e09104000-7f2e09304000 ---p 00029000 08:07 283448                     /usr/lib/jvm/java-11-oracle/lib/libjava.so
7f2e09304000-7f2e09305000 r--p 00029000 08:07 283448                     /usr/lib/jvm/java-11-oracle/lib/libjava.so
7f2e09305000-7f2e09307000 rw-p 0002a000 08:07 283448                     /usr/lib/jvm/java-11-oracle/lib/libjava.so
7f2e09307000-7f2e09314000 r-xp 00000000 08:07 283469                     /usr/lib/jvm/java-11-oracle/lib/libverify.so
7f2e09314000-7f2e09513000 ---p 0000d000 08:07 283469                     /usr/lib/jvm/java-11-oracle/lib/libverify.so
7f2e09513000-7f2e09515000 r--p 0000c000 08:07 283469                     /usr/lib/jvm/java-11-oracle/lib/libverify.so
7f2e09515000-7f2e09516000 rw-p 0000e000 08:07 283469                     /usr/lib/jvm/java-11-oracle/lib/libverify.so
7f2e09516000-7f2e0951d000 r-xp 00000000 08:07 923344                     /lib/x86_64-linux-gnu/librt-2.27.so
7f2e0951d000-7f2e0971c000 ---p 00007000 08:07 923344                     /lib/x86_64-linux-gnu/librt-2.27.so
7f2e0971c000-7f2e0971d000 r--p 00006000 08:07 923344                     /lib/x86_64-linux-gnu/librt-2.27.so
7f2e0971d000-7f2e0971e000 rw-p 00007000 08:07 923344                     /lib/x86_64-linux-gnu/librt-2.27.so
7f2e0971e000-7f2e098bb000 r-xp 00000000 08:07 923266                     /lib/x86_64-linux-gnu/libm-2.27.so
7f2e098bb000-7f2e09aba000 ---p 0019d000 08:07 923266                     /lib/x86_64-linux-gnu/libm-2.27.so
7f2e09aba000-7f2e09abb000 r--p 0019c000 08:07 923266                     /lib/x86_64-linux-gnu/libm-2.27.so
7f2e09abb000-7f2e09abc000 rw-p 0019d000 08:07 923266                     /lib/x86_64-linux-gnu/libm-2.27.so
7f2e09abc000-7f2e0abfb000 r-xp 00000000 08:07 283482                     /usr/lib/jvm/java-11-oracle/lib/server/libjvm.so
7f2e0abfb000-7f2e0adfb000 ---p 0113f000 08:07 283482                     /usr/lib/jvm/java-11-oracle/lib/server/libjvm.so
7f2e0adfb000-7f2e0aeba000 r--p 0113f000 08:07 283482                     /usr/lib/jvm/java-11-oracle/lib/server/libjvm.so
7f2e0aeba000-7f2e0aef3000 rw-p 011fe000 08:07 283482                     /usr/lib/jvm/java-11-oracle/lib/server/libjvm.so
7f2e0aef3000-7f2e0af49000 rw-p 00000000 00:00 0 
7f2e0af49000-7f2e0b130000 r-xp 00000000 08:07 923203                     /lib/x86_64-linux-gnu/libc-2.27.so
7f2e0b130000-7f2e0b330000 ---p 001e7000 08:07 923203                     /lib/x86_64-linux-gnu/libc-2.27.so
7f2e0b330000-7f2e0b334000 r--p 001e7000 08:07 923203                     /lib/x86_64-linux-gnu/libc-2.27.so
7f2e0b334000-7f2e0b336000 rw-p 001eb000 08:07 923203                     /lib/x86_64-linux-gnu/libc-2.27.so
7f2e0b336000-7f2e0b33a000 rw-p 00000000 00:00 0 
7f2e0b33a000-7f2e0b33d000 r-xp 00000000 08:07 923226                     /lib/x86_64-linux-gnu/libdl-2.27.so
7f2e0b33d000-7f2e0b53c000 ---p 00003000 08:07 923226                     /lib/x86_64-linux-gnu/libdl-2.27.so
7f2e0b53c000-7f2e0b53d000 r--p 00002000 08:07 923226                     /lib/x86_64-linux-gnu/libdl-2.27.so
7f2e0b53d000-7f2e0b53e000 rw-p 00003000 08:07 923226                     /lib/x86_64-linux-gnu/libdl-2.27.so
7f2e0b53e000-7f2e0b54e000 r-xp 00000000 08:07 283433                     /usr/lib/jvm/java-11-oracle/lib/jli/libjli.so
7f2e0b54e000-7f2e0b74d000 ---p 00010000 08:07 283433                     /usr/lib/jvm/java-11-oracle/lib/jli/libjli.so
7f2e0b74d000-7f2e0b74e000 r--p 0000f000 08:07 283433                     /usr/lib/jvm/java-11-oracle/lib/jli/libjli.so
7f2e0b74e000-7f2e0b74f000 rw-p 00010000 08:07 283433                     /usr/lib/jvm/java-11-oracle/lib/jli/libjli.so
7f2e0b74f000-7f2e0b769000 r-xp 00000000 08:07 923336                     /lib/x86_64-linux-gnu/libpthread-2.27.so
7f2e0b769000-7f2e0b968000 ---p 0001a000 08:07 923336                     /lib/x86_64-linux-gnu/libpthread-2.27.so
7f2e0b968000-7f2e0b969000 r--p 00019000 08:07 923336                     /lib/x86_64-linux-gnu/libpthread-2.27.so
7f2e0b969000-7f2e0b96a000 rw-p 0001a000 08:07 923336                     /lib/x86_64-linux-gnu/libpthread-2.27.so
7f2e0b96a000-7f2e0b96e000 rw-p 00000000 00:00 0 
7f2e0b96e000-7f2e0b98a000 r-xp 00000000 08:07 923375                     /lib/x86_64-linux-gnu/libz.so.1.2.11
7f2e0b98a000-7f2e0bb89000 ---p 0001c000 08:07 923375                     /lib/x86_64-linux-gnu/libz.so.1.2.11
7f2e0bb89000-7f2e0bb8a000 r--p 0001b000 08:07 923375                     /lib/x86_64-linux-gnu/libz.so.1.2.11
7f2e0bb8a000-7f2e0bb8b000 rw-p 0001c000 08:07 923375                     /lib/x86_64-linux-gnu/libz.so.1.2.11
7f2e0bb8b000-7f2e0bbb2000 r-xp 00000000 08:07 923175                     /lib/x86_64-linux-gnu/ld-2.27.so
7f2e0bbb2000-7f2e0bbb3000 r--s 00000000 08:07 140911                     /var/cache/fontconfig/4d9c95eba1cb85bbcf2878543262124a-le64.cache-7
7f2e0bbb3000-7f2e0bbb4000 r--s 00000000 08:07 140928                     /var/cache/fontconfig/85e0a52ce643a7ba2ae53e5d6949cead-le64.cache-7
7f2e0bbb4000-7f2e0bbc2000 r--s 00000000 08:07 150041                     /var/cache/fontconfig/e13b20fdb08344e0e664864cc2ede53d-le64.cache-7
7f2e0bbc2000-7f2e0bbc8000 r--p 00000000 08:07 662421                     /home/ale/.config/dconf/user (deleted)
7f2e0bbc8000-7f2e0bbcf000 r--s 00000000 08:07 1317562                    /usr/lib/x86_64-linux-gnu/gconv/gconv-modules.cache
7f2e0bbcf000-7f2e0bc91000 rw-p 00000000 00:00 0 
7f2e0bc91000-7f2e0bc95000 ---p 00000000 00:00 0 
7f2e0bc95000-7f2e0bd96000 rw-p 00000000 00:00 0 
7f2e0bd96000-7f2e0bd97000 r--s 00000000 08:07 140908                     /var/cache/fontconfig/49f0de54bdd920fe4f0dfd4cbac43e6b-le64.cache-7
7f2e0bd97000-7f2e0bd98000 r--s 00000000 08:07 140955                     /var/cache/fontconfig/f6e6e0a5c3d2f6ae0c0c2e0ecd42a997-le64.cache-7
7f2e0bd98000-7f2e0bd99000 r--s 00000000 08:07 140909                     /var/cache/fontconfig/4b2eda6bb976bda485cb2176619421d5-le64.cache-7
7f2e0bd99000-7f2e0bd9b000 r--s 00000000 08:07 140923                     /var/cache/fontconfig/6afa1bb216ce958c1589e297e8008489-le64.cache-7
7f2e0bd9b000-7f2e0bd9c000 r--s 00000000 00:36 33                         /run/user/1000/dconf/user (deleted)
7f2e0bd9c000-7f2e0bda1000 rw-p 00000000 00:00 0 
7f2e0bda1000-7f2e0bda8000 ---p 00000000 00:00 0 
7f2e0bda8000-7f2e0bdb0000 rw-s 00000000 08:07 1048939                    /tmp/hsperfdata_ale/4898
7f2e0bdb0000-7f2e0bdb1000 ---p 00000000 00:00 0 
7f2e0bdb1000-7f2e0bdb2000 r--p 00000000 00:00 0 
7f2e0bdb2000-7f2e0bdb3000 r--p 00027000 08:07 923175                     /lib/x86_64-linux-gnu/ld-2.27.so
7f2e0bdb3000-7f2e0bdb4000 rw-p 00028000 08:07 923175                     /lib/x86_64-linux-gnu/ld-2.27.so
7f2e0bdb4000-7f2e0bdb5000 rw-p 00000000 00:00 0 
7ffe1041b000-7ffe1043c000 rw-p 00000000 00:00 0                          [stack]
7ffe10486000-7ffe10489000 r--p 00000000 00:00 0                          [vvar]
7ffe10489000-7ffe1048b000 r-xp 00000000 00:00 0                          [vdso]
ffffffffff600000-ffffffffff601000 r-xp 00000000 00:00 0                  [vsyscall]


VM Arguments:
jvm_args: --module-path=/usr/lib/jvm/java-11-oracle/lib/jdk-8u212-linux-x64/javafx-sdk-12.0.1/lib --add-modules=javafx.controls,javafx.fxml -Dfile.encoding=UTF-8 
java_command: server.ServerGUI
java_class_path (initial): /home/ale/eclipse-workspace/PCAD.PROJECT.SERVER/bin:/home/ale/eclipse-workspace/PCAD.PROJECT.SHARED/bin:/usr/lib/jvm/java-11-oracle/lib/jdk-8u212-linux-x64/jdk1.8.0_212/jre/lib/ext/jfxrt.jar
Launcher Type: SUN_STANDARD

[Global flags]
     intx CICompilerCount                          = 4                                         {product} {ergonomic}
     uint ConcGCThreads                            = 2                                         {product} {ergonomic}
     uint G1ConcRefinementThreads                  = 8                                         {product} {ergonomic}
   size_t G1HeapRegionSize                         = 1048576                                   {product} {ergonomic}
    uintx GCDrainStackTargetSize                   = 64                                        {product} {ergonomic}
   size_t InitialHeapSize                          = 130023424                                 {product} {ergonomic}
   size_t MarkStackSize                            = 4194304                                   {product} {ergonomic}
   size_t MaxHeapSize                              = 2065694720                                {product} {ergonomic}
   size_t MaxNewSize                               = 1239416832                                {product} {ergonomic}
   size_t MinHeapDeltaBytes                        = 1048576                                   {product} {ergonomic}
    uintx NonNMethodCodeHeapSize                   = 5835340                                {pd product} {ergonomic}
    uintx NonProfiledCodeHeapSize                  = 122911450                              {pd product} {ergonomic}
    uintx ProfiledCodeHeapSize                     = 122911450                              {pd product} {ergonomic}
    uintx ReservedCodeCacheSize                    = 251658240                              {pd product} {ergonomic}
     bool SegmentedCodeCache                       = true                                      {product} {ergonomic}
     bool UseCompressedClassPointers               = true                                 {lp64_product} {ergonomic}
     bool UseCompressedOops                        = true                                 {lp64_product} {ergonomic}
     bool UseG1GC                                  = true                                      {product} {ergonomic}

Logging:
Log output configuration:
 #0: stdout all=warning uptime,level,tags
 #1: stderr all=off uptime,level,tags

Environment Variables:
JAVA_HOME=/usr/lib/jvm/java-11-oracle
PATH=/usr/local/sbin:/usr/local/bin:/usr/sbin:/usr/bin:/sbin:/bin:/usr/games:/usr/local/games:/snap/bin:/usr/lib/jvm/java-11-oracle/bin:/usr/lib/jvm/java-11-oracle/db/bin
USERNAME=ale
SHELL=/bin/bash
DISPLAY=:0

Signal Handlers:
SIGSEGV: [libjvm.so+0xe2adf0], sa_mask[0]=11111111011111111101111111111110, sa_flags=SA_RESTART|SA_SIGINFO
SIGBUS: [libjvm.so+0xe2adf0], sa_mask[0]=11111111011111111101111111111110, sa_flags=SA_RESTART|SA_SIGINFO
SIGFPE: [libjvm.so+0xe2adf0], sa_mask[0]=11111111011111111101111111111110, sa_flags=SA_RESTART|SA_SIGINFO
SIGPIPE: SIG_IGN, sa_mask[0]=00000000000010000000000000000000, sa_flags=SA_RESTART
SIGXFSZ: [libjvm.so+0xbff5b0], sa_mask[0]=11111111011111111101111111111110, sa_flags=SA_RESTART|SA_SIGINFO
SIGILL: [libjvm.so+0xe2adf0], sa_mask[0]=11111111011111111101111111111110, sa_flags=SA_RESTART|SA_SIGINFO
SIGUSR2: [libjvm.so+0xbff450], sa_mask[0]=00100000000000000000000000000000, sa_flags=SA_RESTART|SA_SIGINFO
SIGHUP: [libjvm.so+0xbff7b0], sa_mask[0]=11111111011111111101111111111110, sa_flags=SA_RESTART|SA_SIGINFO
SIGINT: [libjvm.so+0xbff7b0], sa_mask[0]=11111111011111111101111111111110, sa_flags=SA_RESTART|SA_SIGINFO
SIGTERM: [libjvm.so+0xbff7b0], sa_mask[0]=11111111011111111101111111111110, sa_flags=SA_RESTART|SA_SIGINFO
SIGQUIT: [libjvm.so+0xbff7b0], sa_mask[0]=11111111011111111101111111111110, sa_flags=SA_RESTART|SA_SIGINFO


---------------  S Y S T E M  ---------------

OS:DISTRIB_ID=Ubuntu
DISTRIB_RELEASE=18.04
DISTRIB_CODENAME=bionic
DISTRIB_DESCRIPTION="Ubuntu 18.04.1 LTS"
uname:Linux 4.15.0-54-generic #58-Ubuntu SMP Mon Jun 24 10:55:24 UTC 2019 x86_64
libc:glibc 2.27 NPTL 2.27 
rlimit: STACK 8192k, CORE 0k, NPROC 31090, NOFILE 4096, AS infinity, DATA infinity, FSIZE infinity
load average:0,90 0,94 0,89

/proc/meminfo:
MemTotal:        8062632 kB
MemFree:         4894388 kB
MemAvailable:    5804972 kB
Buffers:           98784 kB
Cached:          1321208 kB
SwapCached:            0 kB
Active:          2124564 kB
Inactive:         789276 kB
Active(anon):    1495196 kB
Inactive(anon):   318728 kB
Active(file):     629368 kB
Inactive(file):   470548 kB
Unevictable:          64 kB
Mlocked:              64 kB
SwapTotal:       1214980 kB
SwapFree:        1214980 kB
Dirty:              1952 kB
Writeback:             0 kB
AnonPages:       1493676 kB
Mapped:           165888 kB
Shmem:            320092 kB
Slab:             132012 kB
SReclaimable:      72196 kB
SUnreclaim:        59816 kB
KernelStack:        8468 kB
PageTables:        12456 kB
NFS_Unstable:          0 kB
Bounce:                0 kB
WritebackTmp:          0 kB
CommitLimit:     5246296 kB
Committed_AS:    2233088 kB
VmallocTotal:   34359738367 kB
VmallocUsed:           0 kB
VmallocChunk:          0 kB
HardwareCorrupted:     0 kB
AnonHugePages:         0 kB
ShmemHugePages:        0 kB
ShmemPmdMapped:        0 kB
CmaTotal:              0 kB
CmaFree:               0 kB
HugePages_Total:       0
HugePages_Free:        0
HugePages_Rsvd:        0
HugePages_Surp:        0
Hugepagesize:       2048 kB
DirectMap4k:      237708 kB
DirectMap2M:     8046592 kB
DirectMap1G:           0 kB


/proc/sys/kernel/threads-max (system-wide limit on the number of threads):
62181


/proc/sys/vm/max_map_count (maximum number of memory map areas a process may have):
65530


/proc/sys/kernel/pid_max (system-wide limit on number of process identifiers):
32768



container (cgroup) information:
container_type: cgroupv1
cpu_cpuset_cpus: 0-7
cpu_memory_nodes: 0
active_processor_count: 8
cpu_quota: -1
cpu_period: 100000
cpu_shares: -1
memory_limit_in_bytes: -1
memory_and_swap_limit_in_bytes: -2
memory_soft_limit_in_bytes: -1
memory_usage_in_bytes: 2984415232
memory_max_usage_in_bytes: 0


CPU:total 8 (initial active 8) (4 cores per cpu, 2 threads per core) family 6 model 142 stepping 10, cmov, cx8, fxsr, mmx, sse, sse2, sse3, ssse3, sse4.1, sse4.2, popcnt, avx, avx2, aes, clmul, erms, 3dnowpref, lzcnt, ht, tsc, tscinvbit, bmi1, bmi2, adx, fma
CPU Model and flags from /proc/cpuinfo:
model name	: Intel(R) Core(TM) i5-8250U CPU @ 1.60GHz
flags		: fpu vme de pse tsc msr pae mce cx8 apic sep mtrr pge mca cmov pat pse36 clflush dts acpi mmx fxsr sse sse2 ss ht tm pbe syscall nx pdpe1gb rdtscp lm constant_tsc art arch_perfmon pebs bts rep_good nopl xtopology nonstop_tsc cpuid aperfmperf tsc_known_freq pni pclmulqdq dtes64 monitor ds_cpl vmx est tm2 ssse3 sdbg fma cx16 xtpr pdcm pcid sse4_1 sse4_2 x2apic movbe popcnt tsc_deadline_timer aes xsave avx f16c rdrand lahf_lm abm 3dnowprefetch cpuid_fault epb invpcid_single pti ssbd ibrs ibpb stibp tpr_shadow vnmi flexpriority ept vpid fsgsbase tsc_adjust bmi1 avx2 smep bmi2 erms invpcid mpx rdseed adx smap clflushopt intel_pt xsaveopt xsavec xgetbv1 xsaves dtherm ida arat pln pts hwp hwp_notify hwp_act_window hwp_epp md_clear flush_l1d

Memory: 4k page, physical 8062632k(4894388k free), swap 1214980k(1214980k free)

vm_info: Java HotSpot(TM) 64-Bit Server VM (11.0.2+9-LTS) for linux-amd64 JRE (11.0.2+9-LTS), built on Jan 17 2019 21:22:50 by "mach5one" with gcc 7.3.0

END.
