#
# A fatal error has been detected by the Java Runtime Environment:
#
#  SIGSEGV (0xb) at pc=0x00007f64e79f3425, pid=5526, tid=5553
#
# JRE version: Java(TM) SE Runtime Environment (11.0.2+9) (build 11.0.2+9-LTS)
# Java VM: Java HotSpot(TM) 64-Bit Server VM (11.0.2+9-LTS, mixed mode, tiered, compressed oops, g1 gc, linux-amd64)
# Problematic frame:
# v  ~BufferBlob::jni_fast_GetLongField
#
# Core dump will be written. Default location: Core dumps may be processed with "/usr/share/apport/apport %p %s %c %d %P" (or dumping to /home/ale/eclipse-workspace/PCAD.PROJECT.SERVER/core.5526)
#
# If you would like to submit a bug report, please visit:
#   http://bugreport.java.com/bugreport/crash.jsp
# The crash happened outside the Java Virtual Machine in native code.
# See problematic frame for where to report the bug.
#

---------------  S U M M A R Y ------------

Command Line: --module-path=/usr/lib/jvm/java-11-oracle/lib/jdk-8u212-linux-x64/javafx-sdk-12.0.1/lib --add-modules=javafx.controls,javafx.fxml -Dfile.encoding=UTF-8 server.ServerGUI

Host: Intel(R) Core(TM) i5-8250U CPU @ 1.60GHz, 8 cores, 7G, Ubuntu 18.04.1 LTS
Time: Wed Jul 10 13:58:34 2019 CEST elapsed time: 1976 seconds (0d 0h 32m 56s)

---------------  T H R E A D  ---------------

Current thread (0x00007f6500458800):  JavaThread "AWT-XAWT" daemon [_thread_in_native, id=5553, stack(0x00007f64d5919000,0x00007f64d5a1a000)]

Stack: [0x00007f64d5919000,0x00007f64d5a1a000],  sp=0x00007f64d5a18798,  free space=1021k
Native frames: (J=compiled Java code, A=aot compiled Java code, j=interpreted, Vv=VM code, C=native code)
v  ~BufferBlob::jni_fast_GetLongField

Java frames: (J=compiled Java code, j=interpreted, Vv=VM code)
J 1616  sun.awt.X11.XlibWrapper.XFilterEvent(JJ)Z java.desktop@11.0.2 (0 bytes) @ 0x00007f64ef4f3904 [0x00007f64ef4f38c0+0x0000000000000044]
j  sun.awt.X11.XToolkit.run(Z)V+287 java.desktop@11.0.2
j  sun.awt.X11.XToolkit.run()V+5 java.desktop@11.0.2
j  java.lang.Thread.run()V+11 java.base@11.0.2
v  ~StubRoutines::call_stub

siginfo: si_signo: 11 (SIGSEGV), si_code: 1 (SEGV_MAPERR), si_addr: 0x0000000000000000

Register to memory mapping:

RAX=0x00007f65058e7000: <offset 0x0000000001405000> in /usr/lib/jvm/java-11-oracle/lib/server/libjvm.so at 0x00007f65044e2000
RBX=0x00007f6500458b40 points into unknown readable memory: 00 70 8e 05 65 7f 00 00
RCX=0x0000000000000001 is an unknown value
RDX=0x0000000000000042 is an unknown value
RSP=0x00007f64d5a18798 is pointing into the stack for thread: 0x00007f6500458800
RBP=0x00007f64d5a187c0 is pointing into the stack for thread: 0x00007f6500458800
RSI=0x0 is NULL
RDI=0x00007f6500458b40 points into unknown readable memory: 00 70 8e 05 65 7f 00 00
R8 =0x00007f64d4cf49b0: <offset 0x000000000005c9b0> in /usr/lib/x86_64-linux-gnu/libX11.so.6 at 0x00007f64d4c98000
R9 =0x0 is NULL
R10=0x0000000000000192 is an unknown value
R11=0x0000000000000010 is an unknown value
R12=0x0 is NULL
R13=0x0 is NULL
R14=0x00007f64d5a18840 is pointing into the stack for thread: 0x00007f6500458800
R15=0x00007f6500458800 is a thread


Registers:
RAX=0x00007f65058e7000, RBX=0x00007f6500458b40, RCX=0x0000000000000001, RDX=0x0000000000000042
RSP=0x00007f64d5a18798, RBP=0x00007f64d5a187c0, RSI=0x0000000000000000, RDI=0x00007f6500458b40
R8 =0x00007f64d4cf49b0, R9 =0x0000000000000000, R10=0x0000000000000192, R11=0x0000000000000010
R12=0x0000000000000000, R13=0x0000000000000000, R14=0x00007f64d5a18840, R15=0x00007f6500458800
RIP=0x00007f64e79f3425, EFLAGS=0x0000000000010246, CSGSFS=0x002b000000000033, ERR=0x0000000000000004
  TRAPNO=0x000000000000000e

Top of Stack: (sp=0x00007f64d5a18798)
0x00007f64d5a18798:   00007f64d52184a3 00007f64d5a188d0
0x00007f64d5a187a8:   00007f649bbf0cc0 0000000000000000
0x00007f64d5a187b8:   00007f64d5a18868 00007f648019eb30
0x00007f64d5a187c8:   00007f64d4cfcb1d 00007f649bbf0cc0 

Instructions: (pc=0x00007f64e79f3425)
0x00007f64e79f3405:   f5 1d 4c 8b ce 41 f6 c2 01 0f 85 32 00 00 00 4d
0x00007f64e79f3415:   33 ca 4d 33 ca 4c 8b da 49 c1 eb 02 49 83 e1 fe
0x00007f64e79f3425:   4d 8b 09 4b 8b 04 19 49 bb 8c 87 94 05 65 7f 00
0x00007f64e79f3435:   00 4c 33 d8 4c 33 d8 45 3b 13 0f 85 01 00 00 00 

Stack slot to memory mapping:
stack at sp + 0 slots: 0x00007f64d52184a3: <offset 0x00000000000364a3> in /usr/lib/jvm/java-11-oracle/lib/libawt_xawt.so at 0x00007f64d51e2000
stack at sp + 1 slots: 0x00007f64d5a188d0 is pointing into the stack for thread: 0x00007f6500458800
stack at sp + 2 slots: {method} {0x00007f649bbf0cc0} 'XFilterEvent' '(JJ)Z' in 'sun/awt/X11/XlibWrapper'
stack at sp + 3 slots: 0x0 is NULL
stack at sp + 4 slots: 0x00007f64d5a18868 is pointing into the stack for thread: 0x00007f6500458800
stack at sp + 5 slots: 0x00007f648019eb30 points into unknown readable memory: 80 d5 fc d4 64 7f 00 00
stack at sp + 6 slots: 0x00007f64d4cfcb1d: _XimServerDestroy+0x000000000000003d in /usr/lib/x86_64-linux-gnu/libX11.so.6 at 0x00007f64d4c98000
stack at sp + 7 slots: {method} {0x00007f649bbf0cc0} 'XFilterEvent' '(JJ)Z' in 'sun/awt/X11/XlibWrapper'



---------------  P R O C E S S  ---------------

Threads class SMR info:
_java_thread_list=0x00007f64b4004e10, length=23, elements={
0x00007f6500160000, 0x00007f6500164000, 0x00007f6500176800, 0x00007f6500179000,
0x00007f650017b000, 0x00007f650017d000, 0x00007f6500237800, 0x00007f65002dc800,
0x00007f6500454800, 0x00007f6500458800, 0x00007f650045b800, 0x00007f650045d000,
0x00007f6500012000, 0x00007f64800d4800, 0x00007f64800dc800, 0x00007f64800dd800,
0x00007f64800f2800, 0x00007f648023b800, 0x00007f64b4001000, 0x00007f64b4002800,
0x00007f6468011800, 0x00007f6468012800, 0x00007f64b4003800
}

Java Threads: ( => current thread )
  0x00007f6500160000 JavaThread "Reference Handler" daemon [_thread_blocked, id=5538, stack(0x00007f64d6f19000,0x00007f64d701a000)]
  0x00007f6500164000 JavaThread "Finalizer" daemon [_thread_blocked, id=5539, stack(0x00007f64d6e18000,0x00007f64d6f19000)]
  0x00007f6500176800 JavaThread "Signal Dispatcher" daemon [_thread_blocked, id=5540, stack(0x00007f64d6348000,0x00007f64d6449000)]
  0x00007f6500179000 JavaThread "C2 CompilerThread0" daemon [_thread_blocked, id=5541, stack(0x00007f64d6247000,0x00007f64d6348000)]
  0x00007f650017b000 JavaThread "C1 CompilerThread0" daemon [_thread_in_native, id=5542, stack(0x00007f64d6146000,0x00007f64d6247000)]
  0x00007f650017d000 JavaThread "Sweeper thread" daemon [_thread_blocked, id=5543, stack(0x00007f64d6045000,0x00007f64d6146000)]
  0x00007f6500237800 JavaThread "Common-Cleaner" daemon [_thread_blocked, id=5544, stack(0x00007f64d5b1b000,0x00007f64d5c1c000)]
  0x00007f65002dc800 JavaThread "Service Thread" daemon [_thread_blocked, id=5547, stack(0x00007f64d5818000,0x00007f64d5919000)]
  0x00007f6500454800 JavaThread "Java2D Disposer" daemon [_thread_blocked, id=5552, stack(0x00007f64d5a1a000,0x00007f64d5b1b000)]
=>0x00007f6500458800 JavaThread "AWT-XAWT" daemon [_thread_in_native, id=5553, stack(0x00007f64d5919000,0x00007f64d5a1a000)]
  0x00007f650045b800 JavaThread "AWT-Shutdown" [_thread_blocked, id=5554, stack(0x00007f64980a8000,0x00007f64981a9000)]
  0x00007f650045d000 JavaThread "AWT-EventQueue-0" [_thread_blocked, id=5555, stack(0x00007f648f6fe000,0x00007f648f7ff000)]
  0x00007f6500012000 JavaThread "DestroyJavaVM" [_thread_blocked, id=5531, stack(0x00007f65066b7000,0x00007f65067b8000)]
  0x00007f64800d4800 JavaThread "RMI TCP Accept-0" daemon [_thread_in_native, id=5557, stack(0x00007f648ecf9000,0x00007f648edfa000)]
  0x00007f64800dc800 JavaThread "RMI Reaper" [_thread_blocked, id=5558, stack(0x00007f648ebf8000,0x00007f648ecf9000)]
  0x00007f64800dd800 JavaThread "RMI GC Daemon" daemon [_thread_blocked, id=5559, stack(0x00007f648e8f5000,0x00007f648e9f6000)]
  0x00007f64800f2800 JavaThread "RMI Scheduler(0)" daemon [_thread_blocked, id=5561, stack(0x00007f648e7f4000,0x00007f648e8f5000)]
  0x00007f648023b800 JavaThread "TimerQueue" daemon [_thread_blocked, id=5564, stack(0x00007f648e5f2000,0x00007f648e6f3000)]
  0x00007f64b4001000 JavaThread "SIGTERM handler" daemon [_thread_blocked, id=7052, stack(0x00007f648e6f3000,0x00007f648e7f4000)]
  0x00007f64b4002800 JavaThread "SIGTERM handler" daemon [_thread_blocked, id=7087, stack(0x00007f648f1fd000,0x00007f648f2fe000)]
  0x00007f6468011800 JavaThread "XToolkt-Shutdown-Thread" [_thread_blocked, id=7091, stack(0x00007f648e2f1000,0x00007f648e3f2000)]
  0x00007f6468012800 JavaThread "Logging-Cleaner" [_thread_in_vm, id=7110, stack(0x00007f648e1f0000,0x00007f648e2f1000)]
  0x00007f64b4003800 JavaThread "SIGTERM handler" daemon [_thread_blocked, id=7112, stack(0x00007f648e0ef000,0x00007f648e1f0000)]

Other Threads:
  0x00007f6500158000 VMThread "VM Thread" [stack: 0x00007f64d701c000,0x00007f64d711c000] [id=5537]
  0x00007f65002e2000 WatcherThread [stack: 0x00007f64d5718000,0x00007f64d5818000] [id=5548]
  0x00007f650003a800 GCTaskThread "GC Thread#0" [stack: 0x00007f64e77ad000,0x00007f64e78ad000] [id=5532]
  0x00007f64c8021000 GCTaskThread "GC Thread#1" [stack: 0x00007f648dfc8000,0x00007f648e0c8000] [id=5565]
  0x00007f64c8023000 GCTaskThread "GC Thread#2" [stack: 0x00007f648de50000,0x00007f648df50000] [id=5566]
  0x00007f64c8024800 GCTaskThread "GC Thread#3" [stack: 0x00007f648dd4e000,0x00007f648de4e000] [id=5567]
  0x00007f64c8026800 GCTaskThread "GC Thread#4" [stack: 0x00007f648dc4c000,0x00007f648dd4c000] [id=5568]
  0x00007f64c8028000 GCTaskThread "GC Thread#5" [stack: 0x00007f648db4a000,0x00007f648dc4a000] [id=5569]
  0x00007f64c802a000 GCTaskThread "GC Thread#6" [stack: 0x00007f648da48000,0x00007f648db48000] [id=5570]
  0x00007f64c802c000 GCTaskThread "GC Thread#7" [stack: 0x00007f648d946000,0x00007f648da46000] [id=5571]
  0x00007f650006b800 ConcurrentGCThread "G1 Main Marker" [stack: 0x00007f64e4450000,0x00007f64e4550000] [id=5533]
  0x00007f650006d800 ConcurrentGCThread "G1 Conc#0" [stack: 0x00007f64e434e000,0x00007f64e444e000] [id=5534]
  0x00007f65000f6000 ConcurrentGCThread "G1 Refine#0" [stack: 0x00007f64d7afc000,0x00007f64d7bfc000] [id=5535]
  0x00007f65000f7800 ConcurrentGCThread "G1 Young RemSet Sampling" [stack: 0x00007f64d79fa000,0x00007f64d7afa000] [id=5536]

Threads with active compile tasks:
C1 CompilerThread01653       3       java.util.logging.Logger::updateEffectiveLevel (126 bytes)

VM state:not at safepoint (normal execution)

VM Mutex/Monitor currently owned by a thread: None

Heap address: 0x0000000084e00000, size: 1970 MB, Compressed Oops mode: 32-bit
Narrow klass base: 0x0000000000000000, Narrow klass shift: 3
Compressed class space size: 1073741824 Address: 0x0000000100000000

Heap:
 garbage-first heap   total 126976K, used 11401K [0x0000000084e00000, 0x0000000100000000)
  region size 1024K, 10 young (10240K), 3 survivors (3072K)
 Metaspace       used 20134K, capacity 20740K, committed 20864K, reserved 1067008K
  class space    used 2154K, capacity 2422K, committed 2432K, reserved 1048576K
Heap Regions: E=young(eden), S=young(survivor), O=old, HS=humongous(starts), HC=humongous(continues), CS=collection set, F=free, A=archive, TAMS=top-at-mark-start (previous, next)
|   0|0x0000000084e00000, 0x0000000084f00000, 0x0000000084f00000|100%|HS|  |TAMS 0x0000000084e00000, 0x0000000084e00000| Complete 
|   1|0x0000000084f00000, 0x0000000085000000, 0x0000000085000000|100%| O|  |TAMS 0x0000000084f00000, 0x0000000084f00000| Untracked 
|   2|0x0000000085000000, 0x0000000085022600, 0x0000000085100000| 13%| O|  |TAMS 0x0000000085000000, 0x0000000085000000| Untracked 
|   3|0x0000000085100000, 0x0000000085100000, 0x0000000085200000|  0%| F|  |TAMS 0x0000000085100000, 0x0000000085100000| Untracked 
|   4|0x0000000085200000, 0x0000000085200000, 0x0000000085300000|  0%| F|  |TAMS 0x0000000085200000, 0x0000000085200000| Untracked 
|   5|0x0000000085300000, 0x0000000085300000, 0x0000000085400000|  0%| F|  |TAMS 0x0000000085300000, 0x0000000085300000| Untracked 
|   6|0x0000000085400000, 0x0000000085400000, 0x0000000085500000|  0%| F|  |TAMS 0x0000000085400000, 0x0000000085400000| Untracked 
|   7|0x0000000085500000, 0x0000000085500000, 0x0000000085600000|  0%| F|  |TAMS 0x0000000085500000, 0x0000000085500000| Untracked 
|   8|0x0000000085600000, 0x0000000085600000, 0x0000000085700000|  0%| F|  |TAMS 0x0000000085600000, 0x0000000085600000| Untracked 
|   9|0x0000000085700000, 0x0000000085700000, 0x0000000085800000|  0%| F|  |TAMS 0x0000000085700000, 0x0000000085700000| Untracked 
|  10|0x0000000085800000, 0x0000000085800000, 0x0000000085900000|  0%| F|  |TAMS 0x0000000085800000, 0x0000000085800000| Untracked 
|  11|0x0000000085900000, 0x0000000085900000, 0x0000000085a00000|  0%| F|  |TAMS 0x0000000085900000, 0x0000000085900000| Untracked 
|  12|0x0000000085a00000, 0x0000000085a00000, 0x0000000085b00000|  0%| F|  |TAMS 0x0000000085a00000, 0x0000000085a00000| Untracked 
|  13|0x0000000085b00000, 0x0000000085b00000, 0x0000000085c00000|  0%| F|  |TAMS 0x0000000085b00000, 0x0000000085b00000| Untracked 
|  14|0x0000000085c00000, 0x0000000085c00000, 0x0000000085d00000|  0%| F|  |TAMS 0x0000000085c00000, 0x0000000085c00000| Untracked 
|  15|0x0000000085d00000, 0x0000000085d00000, 0x0000000085e00000|  0%| F|  |TAMS 0x0000000085d00000, 0x0000000085d00000| Untracked 
|  16|0x0000000085e00000, 0x0000000085e00000, 0x0000000085f00000|  0%| F|  |TAMS 0x0000000085e00000, 0x0000000085e00000| Untracked 
|  17|0x0000000085f00000, 0x0000000085f00000, 0x0000000086000000|  0%| F|  |TAMS 0x0000000085f00000, 0x0000000085f00000| Untracked 
|  18|0x0000000086000000, 0x0000000086000000, 0x0000000086100000|  0%| F|  |TAMS 0x0000000086000000, 0x0000000086000000| Untracked 
|  19|0x0000000086100000, 0x0000000086100000, 0x0000000086200000|  0%| F|  |TAMS 0x0000000086100000, 0x0000000086100000| Untracked 
|  20|0x0000000086200000, 0x0000000086200000, 0x0000000086300000|  0%| F|  |TAMS 0x0000000086200000, 0x0000000086200000| Untracked 
|  21|0x0000000086300000, 0x0000000086300000, 0x0000000086400000|  0%| F|  |TAMS 0x0000000086300000, 0x0000000086300000| Untracked 
|  22|0x0000000086400000, 0x0000000086400000, 0x0000000086500000|  0%| F|  |TAMS 0x0000000086400000, 0x0000000086400000| Untracked 
|  23|0x0000000086500000, 0x0000000086500000, 0x0000000086600000|  0%| F|  |TAMS 0x0000000086500000, 0x0000000086500000| Untracked 
|  24|0x0000000086600000, 0x0000000086600000, 0x0000000086700000|  0%| F|  |TAMS 0x0000000086600000, 0x0000000086600000| Untracked 
|  25|0x0000000086700000, 0x0000000086700000, 0x0000000086800000|  0%| F|  |TAMS 0x0000000086700000, 0x0000000086700000| Untracked 
|  26|0x0000000086800000, 0x0000000086800000, 0x0000000086900000|  0%| F|  |TAMS 0x0000000086800000, 0x0000000086800000| Untracked 
|  27|0x0000000086900000, 0x0000000086900000, 0x0000000086a00000|  0%| F|  |TAMS 0x0000000086900000, 0x0000000086900000| Untracked 
|  28|0x0000000086a00000, 0x0000000086a00000, 0x0000000086b00000|  0%| F|  |TAMS 0x0000000086a00000, 0x0000000086a00000| Untracked 
|  29|0x0000000086b00000, 0x0000000086b00000, 0x0000000086c00000|  0%| F|  |TAMS 0x0000000086b00000, 0x0000000086b00000| Untracked 
|  30|0x0000000086c00000, 0x0000000086c00000, 0x0000000086d00000|  0%| F|  |TAMS 0x0000000086c00000, 0x0000000086c00000| Untracked 
|  31|0x0000000086d00000, 0x0000000086d00000, 0x0000000086e00000|  0%| F|  |TAMS 0x0000000086d00000, 0x0000000086d00000| Untracked 
|  32|0x0000000086e00000, 0x0000000086e00000, 0x0000000086f00000|  0%| F|  |TAMS 0x0000000086e00000, 0x0000000086e00000| Untracked 
|  33|0x0000000086f00000, 0x0000000086f00000, 0x0000000087000000|  0%| F|  |TAMS 0x0000000086f00000, 0x0000000086f00000| Untracked 
|  34|0x0000000087000000, 0x0000000087000000, 0x0000000087100000|  0%| F|  |TAMS 0x0000000087000000, 0x0000000087000000| Untracked 
|  35|0x0000000087100000, 0x0000000087100000, 0x0000000087200000|  0%| F|  |TAMS 0x0000000087100000, 0x0000000087100000| Untracked 
|  36|0x0000000087200000, 0x0000000087200000, 0x0000000087300000|  0%| F|  |TAMS 0x0000000087200000, 0x0000000087200000| Untracked 
|  37|0x0000000087300000, 0x0000000087300000, 0x0000000087400000|  0%| F|  |TAMS 0x0000000087300000, 0x0000000087300000| Untracked 
|  38|0x0000000087400000, 0x0000000087400000, 0x0000000087500000|  0%| F|  |TAMS 0x0000000087400000, 0x0000000087400000| Untracked 
|  39|0x0000000087500000, 0x0000000087500000, 0x0000000087600000|  0%| F|  |TAMS 0x0000000087500000, 0x0000000087500000| Untracked 
|  40|0x0000000087600000, 0x0000000087600000, 0x0000000087700000|  0%| F|  |TAMS 0x0000000087600000, 0x0000000087600000| Untracked 
|  41|0x0000000087700000, 0x0000000087700000, 0x0000000087800000|  0%| F|  |TAMS 0x0000000087700000, 0x0000000087700000| Untracked 
|  42|0x0000000087800000, 0x0000000087800000, 0x0000000087900000|  0%| F|  |TAMS 0x0000000087800000, 0x0000000087800000| Untracked 
|  43|0x0000000087900000, 0x0000000087900000, 0x0000000087a00000|  0%| F|  |TAMS 0x0000000087900000, 0x0000000087900000| Untracked 
|  44|0x0000000087a00000, 0x0000000087a00000, 0x0000000087b00000|  0%| F|  |TAMS 0x0000000087a00000, 0x0000000087a00000| Untracked 
|  45|0x0000000087b00000, 0x0000000087b00000, 0x0000000087c00000|  0%| F|  |TAMS 0x0000000087b00000, 0x0000000087b00000| Untracked 
|  46|0x0000000087c00000, 0x0000000087c00000, 0x0000000087d00000|  0%| F|  |TAMS 0x0000000087c00000, 0x0000000087c00000| Untracked 
|  47|0x0000000087d00000, 0x0000000087d00000, 0x0000000087e00000|  0%| F|  |TAMS 0x0000000087d00000, 0x0000000087d00000| Untracked 
|  48|0x0000000087e00000, 0x0000000087e00000, 0x0000000087f00000|  0%| F|  |TAMS 0x0000000087e00000, 0x0000000087e00000| Untracked 
|  49|0x0000000087f00000, 0x0000000087f00000, 0x0000000088000000|  0%| F|  |TAMS 0x0000000087f00000, 0x0000000087f00000| Untracked 
|  50|0x0000000088000000, 0x0000000088000000, 0x0000000088100000|  0%| F|  |TAMS 0x0000000088000000, 0x0000000088000000| Untracked 
|  51|0x0000000088100000, 0x0000000088100000, 0x0000000088200000|  0%| F|  |TAMS 0x0000000088100000, 0x0000000088100000| Untracked 
|  52|0x0000000088200000, 0x0000000088200000, 0x0000000088300000|  0%| F|  |TAMS 0x0000000088200000, 0x0000000088200000| Untracked 
|  53|0x0000000088300000, 0x0000000088300000, 0x0000000088400000|  0%| F|  |TAMS 0x0000000088300000, 0x0000000088300000| Untracked 
|  54|0x0000000088400000, 0x0000000088400000, 0x0000000088500000|  0%| F|  |TAMS 0x0000000088400000, 0x0000000088400000| Untracked 
|  55|0x0000000088500000, 0x0000000088500000, 0x0000000088600000|  0%| F|  |TAMS 0x0000000088500000, 0x0000000088500000| Untracked 
|  56|0x0000000088600000, 0x0000000088600000, 0x0000000088700000|  0%| F|  |TAMS 0x0000000088600000, 0x0000000088600000| Untracked 
|  57|0x0000000088700000, 0x0000000088700000, 0x0000000088800000|  0%| F|  |TAMS 0x0000000088700000, 0x0000000088700000| Untracked 
|  58|0x0000000088800000, 0x0000000088800000, 0x0000000088900000|  0%| F|  |TAMS 0x0000000088800000, 0x0000000088800000| Untracked 
|  59|0x0000000088900000, 0x0000000088900000, 0x0000000088a00000|  0%| F|  |TAMS 0x0000000088900000, 0x0000000088900000| Untracked 
|  60|0x0000000088a00000, 0x0000000088a00000, 0x0000000088b00000|  0%| F|  |TAMS 0x0000000088a00000, 0x0000000088a00000| Untracked 
|  61|0x0000000088b00000, 0x0000000088b00000, 0x0000000088c00000|  0%| F|  |TAMS 0x0000000088b00000, 0x0000000088b00000| Untracked 
|  62|0x0000000088c00000, 0x0000000088c00000, 0x0000000088d00000|  0%| F|  |TAMS 0x0000000088c00000, 0x0000000088c00000| Untracked 
|  63|0x0000000088d00000, 0x0000000088d00000, 0x0000000088e00000|  0%| F|  |TAMS 0x0000000088d00000, 0x0000000088d00000| Untracked 
|  64|0x0000000088e00000, 0x0000000088e00000, 0x0000000088f00000|  0%| F|  |TAMS 0x0000000088e00000, 0x0000000088e00000| Untracked 
|  65|0x0000000088f00000, 0x0000000088f00000, 0x0000000089000000|  0%| F|  |TAMS 0x0000000088f00000, 0x0000000088f00000| Untracked 
|  66|0x0000000089000000, 0x0000000089000000, 0x0000000089100000|  0%| F|  |TAMS 0x0000000089000000, 0x0000000089000000| Untracked 
|  67|0x0000000089100000, 0x0000000089100000, 0x0000000089200000|  0%| F|  |TAMS 0x0000000089100000, 0x0000000089100000| Untracked 
|  68|0x0000000089200000, 0x0000000089200000, 0x0000000089300000|  0%| F|  |TAMS 0x0000000089200000, 0x0000000089200000| Untracked 
|  69|0x0000000089300000, 0x0000000089300000, 0x0000000089400000|  0%| F|  |TAMS 0x0000000089300000, 0x0000000089300000| Untracked 
|  70|0x0000000089400000, 0x0000000089400000, 0x0000000089500000|  0%| F|  |TAMS 0x0000000089400000, 0x0000000089400000| Untracked 
|  71|0x0000000089500000, 0x0000000089500000, 0x0000000089600000|  0%| F|  |TAMS 0x0000000089500000, 0x0000000089500000| Untracked 
|  72|0x0000000089600000, 0x0000000089600000, 0x0000000089700000|  0%| F|  |TAMS 0x0000000089600000, 0x0000000089600000| Untracked 
|  73|0x0000000089700000, 0x0000000089700000, 0x0000000089800000|  0%| F|  |TAMS 0x0000000089700000, 0x0000000089700000| Untracked 
|  74|0x0000000089800000, 0x0000000089800000, 0x0000000089900000|  0%| F|  |TAMS 0x0000000089800000, 0x0000000089800000| Untracked 
|  75|0x0000000089900000, 0x0000000089900000, 0x0000000089a00000|  0%| F|  |TAMS 0x0000000089900000, 0x0000000089900000| Untracked 
|  76|0x0000000089a00000, 0x0000000089a00000, 0x0000000089b00000|  0%| F|  |TAMS 0x0000000089a00000, 0x0000000089a00000| Untracked 
|  77|0x0000000089b00000, 0x0000000089b00000, 0x0000000089c00000|  0%| F|  |TAMS 0x0000000089b00000, 0x0000000089b00000| Untracked 
|  78|0x0000000089c00000, 0x0000000089c00000, 0x0000000089d00000|  0%| F|  |TAMS 0x0000000089c00000, 0x0000000089c00000| Untracked 
|  79|0x0000000089d00000, 0x0000000089d00000, 0x0000000089e00000|  0%| F|  |TAMS 0x0000000089d00000, 0x0000000089d00000| Untracked 
|  80|0x0000000089e00000, 0x0000000089e00000, 0x0000000089f00000|  0%| F|  |TAMS 0x0000000089e00000, 0x0000000089e00000| Untracked 
|  81|0x0000000089f00000, 0x0000000089f00000, 0x000000008a000000|  0%| F|  |TAMS 0x0000000089f00000, 0x0000000089f00000| Untracked 
|  82|0x000000008a000000, 0x000000008a000000, 0x000000008a100000|  0%| F|  |TAMS 0x000000008a000000, 0x000000008a000000| Untracked 
|  83|0x000000008a100000, 0x000000008a100000, 0x000000008a200000|  0%| F|  |TAMS 0x000000008a100000, 0x000000008a100000| Untracked 
|  84|0x000000008a200000, 0x000000008a200000, 0x000000008a300000|  0%| F|  |TAMS 0x000000008a200000, 0x000000008a200000| Untracked 
|  85|0x000000008a300000, 0x000000008a300000, 0x000000008a400000|  0%| F|  |TAMS 0x000000008a300000, 0x000000008a300000| Untracked 
|  86|0x000000008a400000, 0x000000008a400000, 0x000000008a500000|  0%| F|  |TAMS 0x000000008a400000, 0x000000008a400000| Untracked 
|  87|0x000000008a500000, 0x000000008a500000, 0x000000008a600000|  0%| F|  |TAMS 0x000000008a500000, 0x000000008a500000| Untracked 
|  88|0x000000008a600000, 0x000000008a600000, 0x000000008a700000|  0%| F|  |TAMS 0x000000008a600000, 0x000000008a600000| Untracked 
|  89|0x000000008a700000, 0x000000008a700000, 0x000000008a800000|  0%| F|  |TAMS 0x000000008a700000, 0x000000008a700000| Untracked 
|  90|0x000000008a800000, 0x000000008a800000, 0x000000008a900000|  0%| F|  |TAMS 0x000000008a800000, 0x000000008a800000| Untracked 
|  91|0x000000008a900000, 0x000000008a900000, 0x000000008aa00000|  0%| F|  |TAMS 0x000000008a900000, 0x000000008a900000| Untracked 
|  92|0x000000008aa00000, 0x000000008aa00000, 0x000000008ab00000|  0%| F|  |TAMS 0x000000008aa00000, 0x000000008aa00000| Untracked 
|  93|0x000000008ab00000, 0x000000008ab00000, 0x000000008ac00000|  0%| F|  |TAMS 0x000000008ab00000, 0x000000008ab00000| Untracked 
|  94|0x000000008ac00000, 0x000000008ac00000, 0x000000008ad00000|  0%| F|  |TAMS 0x000000008ac00000, 0x000000008ac00000| Untracked 
|  95|0x000000008ad00000, 0x000000008ad00000, 0x000000008ae00000|  0%| F|  |TAMS 0x000000008ad00000, 0x000000008ad00000| Untracked 
|  96|0x000000008ae00000, 0x000000008ae00000, 0x000000008af00000|  0%| F|  |TAMS 0x000000008ae00000, 0x000000008ae00000| Untracked 
|  97|0x000000008af00000, 0x000000008b000000, 0x000000008b000000|100%| S|CS|TAMS 0x000000008af00000, 0x000000008af00000| Complete 
|  98|0x000000008b000000, 0x000000008b100000, 0x000000008b100000|100%| S|CS|TAMS 0x000000008b000000, 0x000000008b000000| Complete 
|  99|0x000000008b100000, 0x000000008b200000, 0x000000008b200000|100%| S|CS|TAMS 0x000000008b100000, 0x000000008b100000| Complete 
| 100|0x000000008b200000, 0x000000008b200000, 0x000000008b300000|  0%| F|  |TAMS 0x000000008b200000, 0x000000008b200000| Untracked 
| 101|0x000000008b300000, 0x000000008b300000, 0x000000008b400000|  0%| F|  |TAMS 0x000000008b300000, 0x000000008b300000| Untracked 
| 102|0x000000008b400000, 0x000000008b400000, 0x000000008b500000|  0%| F|  |TAMS 0x000000008b400000, 0x000000008b400000| Untracked 
| 103|0x000000008b500000, 0x000000008b500000, 0x000000008b600000|  0%| F|  |TAMS 0x000000008b500000, 0x000000008b500000| Untracked 
| 104|0x000000008b600000, 0x000000008b600000, 0x000000008b700000|  0%| F|  |TAMS 0x000000008b600000, 0x000000008b600000| Untracked 
| 105|0x000000008b700000, 0x000000008b700000, 0x000000008b800000|  0%| F|  |TAMS 0x000000008b700000, 0x000000008b700000| Untracked 
| 106|0x000000008b800000, 0x000000008b800000, 0x000000008b900000|  0%| F|  |TAMS 0x000000008b800000, 0x000000008b800000| Untracked 
| 107|0x000000008b900000, 0x000000008b900000, 0x000000008ba00000|  0%| F|  |TAMS 0x000000008b900000, 0x000000008b900000| Untracked 
| 108|0x000000008ba00000, 0x000000008ba00000, 0x000000008bb00000|  0%| F|  |TAMS 0x000000008ba00000, 0x000000008ba00000| Untracked 
| 109|0x000000008bb00000, 0x000000008bb00000, 0x000000008bc00000|  0%| F|  |TAMS 0x000000008bb00000, 0x000000008bb00000| Untracked 
| 110|0x000000008bc00000, 0x000000008bc00000, 0x000000008bd00000|  0%| F|  |TAMS 0x000000008bc00000, 0x000000008bc00000| Untracked 
| 111|0x000000008bd00000, 0x000000008bd00000, 0x000000008be00000|  0%| F|  |TAMS 0x000000008bd00000, 0x000000008bd00000| Untracked 
| 112|0x000000008be00000, 0x000000008be00000, 0x000000008bf00000|  0%| F|  |TAMS 0x000000008be00000, 0x000000008be00000| Untracked 
| 113|0x000000008bf00000, 0x000000008bf00000, 0x000000008c000000|  0%| F|  |TAMS 0x000000008bf00000, 0x000000008bf00000| Untracked 
| 114|0x000000008c000000, 0x000000008c000000, 0x000000008c100000|  0%| F|  |TAMS 0x000000008c000000, 0x000000008c000000| Untracked 
| 115|0x000000008c100000, 0x000000008c100000, 0x000000008c200000|  0%| F|  |TAMS 0x000000008c100000, 0x000000008c100000| Untracked 
| 116|0x000000008c200000, 0x000000008c200000, 0x000000008c300000|  0%| F|  |TAMS 0x000000008c200000, 0x000000008c200000| Untracked 
| 117|0x000000008c300000, 0x000000008c313480, 0x000000008c400000|  7%| E|  |TAMS 0x000000008c300000, 0x000000008c300000| Complete 
| 118|0x000000008c400000, 0x000000008c500000, 0x000000008c500000|100%| E|CS|TAMS 0x000000008c400000, 0x000000008c400000| Complete 
| 119|0x000000008c500000, 0x000000008c600000, 0x000000008c600000|100%| E|CS|TAMS 0x000000008c500000, 0x000000008c500000| Complete 
| 120|0x000000008c600000, 0x000000008c700000, 0x000000008c700000|100%| E|CS|TAMS 0x000000008c600000, 0x000000008c600000| Complete 
| 121|0x000000008c700000, 0x000000008c800000, 0x000000008c800000|100%| E|CS|TAMS 0x000000008c700000, 0x000000008c700000| Complete 
| 122|0x000000008c800000, 0x000000008c900000, 0x000000008c900000|100%| E|CS|TAMS 0x000000008c800000, 0x000000008c800000| Complete 
| 123|0x000000008c900000, 0x000000008ca00000, 0x000000008ca00000|100%| E|CS|TAMS 0x000000008c900000, 0x000000008c900000| Complete 

Card table byte_map: [0x00007f64e67f1000,0x00007f64e6bca000] _byte_map_base: 0x00007f64e63ca000

Marking Bits (Prev, Next): (CMBitMap*) 0x00007f6500062e58, (CMBitMap*) 0x00007f6500062e90
 Prev Bits: [0x00007f64e4550000, 0x00007f64e6418000)
 Next Bits: [0x00007f64de138000, 0x00007f64e0000000)

Polling page: 0x00007f65067d6000

Metaspace:

Usage:
  Non-class:     17,89 MB capacity,    17,56 MB ( 98%) used,   267,65 KB (  1%) free+waste,    66,38 KB ( <1%) overhead. 
      Class:      2,37 MB capacity,     2,10 MB ( 89%) used,   233,72 KB ( 10%) free+waste,    34,12 KB (  1%) overhead. 
       Both:     20,25 MB capacity,    19,67 MB ( 97%) used,   501,37 KB (  2%) free+waste,   100,50 KB ( <1%) overhead. 

Virtual space:
  Non-class space:       18,00 MB reserved,      18,00 MB (100%) committed 
      Class space:        1,00 GB reserved,       2,38 MB ( <1%) committed 
             Both:        1,02 GB reserved,      20,38 MB (  2%) committed 

Chunk freelists:
   Non-Class:  13,25 KB
       Class:  1,25 KB
        Both:  14,50 KB

CodeHeap 'non-profiled nmethods': size=120032Kb used=607Kb max_used=607Kb free=119424Kb
 bounds [0x00007f64ef460000, 0x00007f64ef6d0000, 0x00007f64f6998000]
CodeHeap 'profiled nmethods': size=120028Kb used=3008Kb max_used=3008Kb free=117020Kb
 bounds [0x00007f64e7f29000, 0x00007f64e8229000, 0x00007f64ef460000]
CodeHeap 'non-nmethods': size=5700Kb used=1236Kb max_used=1263Kb free=4463Kb
 bounds [0x00007f64e7998000, 0x00007f64e7c08000, 0x00007f64e7f29000]
 total_blobs=2657 nmethods=1616 adapters=560
 compilation: enabled
              stopped_count=0, restarted_count=0
 full_count=0

Compilation events (10 events):
Event: 1849,253 Thread 0x00007f6500179000 1646   !   4       sun.awt.X11.XToolkit::callTimeoutTasks (220 bytes)
Event: 1849,258 Thread 0x00007f6500179000 nmethod 1646 0x00007f64ef4f6f90 code [0x00007f64ef4f7160, 0x00007f64ef4f73c8]
Event: 1956,989 Thread 0x00007f650017b000 1647       1       sun.awt.X11.XPropertyCache::isCachingSupported (2 bytes)
Event: 1956,989 Thread 0x00007f650017b000 nmethod 1647 0x00007f64ef4f7710 code [0x00007f64ef4f78c0, 0x00007f64ef4f79b0]
Event: 1956,991 Thread 0x00007f650017b000 1648       3       sun.awt.XSettings$Update::needBytes (36 bytes)
Event: 1956,991 Thread 0x00007f650017b000 nmethod 1648 0x00007f64e7f55390 code [0x00007f64e7f55560, 0x00007f64e7f557f8]
Event: 1957,567 Thread 0x00007f6500179000 1649       4       sun.awt.X11.Native::getByte (8 bytes)
Event: 1957,568 Thread 0x00007f6500179000 nmethod 1649 0x00007f64ef4f7a10 code [0x00007f64ef4f7ba0, 0x00007f64ef4f7c18]
Event: 1957,568 Thread 0x00007f650017b000 1650       3       sun.awt.XSettings$Update::getINT32 (175 bytes)
Event: 1957,568 Thread 0x00007f650017b000 nmethod 1650 0x00007f64e821a490 code [0x00007f64e821a660, 0x00007f64e821a9e8]

GC Heap History (2 events):
Event: 0,924 GC heap before
{Heap before GC invocations=0 (full 0):
 garbage-first heap   total 126976K, used 25600K [0x0000000084e00000, 0x0000000100000000)
  region size 1024K, 24 young (24576K), 0 survivors (0K)
 Metaspace       used 19806K, capacity 20388K, committed 20608K, reserved 1067008K
  class space    used 2128K, capacity 2390K, committed 2432K, reserved 1048576K
}
Event: 0,938 GC heap after
{Heap after GC invocations=1 (full 0):
 garbage-first heap   total 126976K, used 5257K [0x0000000084e00000, 0x0000000100000000)
  region size 1024K, 3 young (3072K), 3 survivors (3072K)
 Metaspace       used 19806K, capacity 20388K, committed 20608K, reserved 1067008K
  class space    used 2128K, capacity 2390K, committed 2432K, reserved 1048576K
}

Deoptimization events (10 events):
Event: 0,757 Thread 0x00007f650045d000 Uncommon trap: reason=unstable_if action=reinterpret pc=0x00007f64ef4bda7c method=java.lang.AbstractStringBuilder.putStringAt(ILjava/lang/String;)V @ 8 c2
Event: 0,758 Thread 0x00007f650045d000 Uncommon trap: reason=unstable_if action=reinterpret pc=0x00007f64ef4bcf94 method=java.lang.AbstractStringBuilder.putStringAt(ILjava/lang/String;)V @ 8 c2
Event: 0,758 Thread 0x00007f650045d000 Uncommon trap: reason=unstable_if action=reinterpret pc=0x00007f64ef4b5770 method=java.lang.String.getBytes([BIB)V @ 5 c2
Event: 0,868 Thread 0x00007f650045d000 Uncommon trap: reason=speculate_null_check action=make_not_entrant pc=0x00007f64ef4d8788 method=jdk.internal.misc.Unsafe.getShortUnaligned(Ljava/lang/Object;JZ)S @ 5 c2
Event: 0,914 Thread 0x00007f650045d000 Uncommon trap: reason=unstable_if action=reinterpret pc=0x00007f64ef46a374 method=java.lang.String.isLatin1()Z @ 10 c2
Event: 0,914 Thread 0x00007f650045d000 Uncommon trap: reason=unstable_if action=reinterpret pc=0x00007f64ef4692f8 method=java.lang.String.isLatin1()Z @ 10 c2
Event: 0,918 Thread 0x00007f650045d000 Uncommon trap: reason=unstable_if action=reinterpret pc=0x00007f64ef46bb64 method=java.lang.CharacterData.of(I)Ljava/lang/CharacterData; @ 4 c2
Event: 15,693 Thread 0x00007f64800f2800 Uncommon trap: reason=unstable_if action=reinterpret pc=0x00007f64ef4b9eb8 method=java.lang.ref.ReferenceQueue.poll()Ljava/lang/ref/Reference; @ 4 c2
Event: 300,677 Thread 0x00007f6478001800 Uncommon trap: reason=bimorphic_or_optimized_type_check action=maybe_recompile pc=0x00007f64ef4ad68c method=java.util.concurrent.ConcurrentHashMap.get(Ljava/lang/Object;)Ljava/lang/Object; @ 149 c2
Event: 300,678 Thread 0x00007f6478001800 Uncommon trap: reason=bimorphic_or_optimized_type_check action=maybe_recompile pc=0x00007f64ef4ad68c method=java.util.concurrent.ConcurrentHashMap.get(Ljava/lang/Object;)Ljava/lang/Object; @ 149 c2

Classes redefined (0 events):
No events

Internal exceptions (10 events):
Event: 0,836 Thread 0x00007f650045d000 Exception <a 'java/io/FileNotFoundException'{0x000000008b5274e0}> (0x000000008b5274e0) thrown at [/scratch/opt/mach5/mesos/work_dir/slaves/2dd962d0-8988-479b-a804-57ab764ada59-S1222/frameworks/1735e8a2-a1db-478c-8104-60c8b0af87dd-0196/executors/1fd16cd3-b
Event: 0,837 Thread 0x00007f650045d000 Exception <a 'java/io/FileNotFoundException'{0x000000008b528f40}> (0x000000008b528f40) thrown at [/scratch/opt/mach5/mesos/work_dir/slaves/2dd962d0-8988-479b-a804-57ab764ada59-S1222/frameworks/1735e8a2-a1db-478c-8104-60c8b0af87dd-0196/executors/1fd16cd3-b
Event: 0,837 Thread 0x00007f650045d000 Exception <a 'java/io/FileNotFoundException'{0x000000008b52a9d8}> (0x000000008b52a9d8) thrown at [/scratch/opt/mach5/mesos/work_dir/slaves/2dd962d0-8988-479b-a804-57ab764ada59-S1222/frameworks/1735e8a2-a1db-478c-8104-60c8b0af87dd-0196/executors/1fd16cd3-b
Event: 0,837 Thread 0x00007f650045d000 Exception <a 'java/io/FileNotFoundException'{0x000000008b52cb90}> (0x000000008b52cb90) thrown at [/scratch/opt/mach5/mesos/work_dir/slaves/2dd962d0-8988-479b-a804-57ab764ada59-S1222/frameworks/1735e8a2-a1db-478c-8104-60c8b0af87dd-0196/executors/1fd16cd3-b
Event: 0,837 Thread 0x00007f650045d000 Exception <a 'java/io/FileNotFoundException'{0x000000008b52e5f0}> (0x000000008b52e5f0) thrown at [/scratch/opt/mach5/mesos/work_dir/slaves/2dd962d0-8988-479b-a804-57ab764ada59-S1222/frameworks/1735e8a2-a1db-478c-8104-60c8b0af87dd-0196/executors/1fd16cd3-b
Event: 0,837 Thread 0x00007f650045d000 Exception <a 'java/io/FileNotFoundException'{0x000000008b530048}> (0x000000008b530048) thrown at [/scratch/opt/mach5/mesos/work_dir/slaves/2dd962d0-8988-479b-a804-57ab764ada59-S1222/frameworks/1735e8a2-a1db-478c-8104-60c8b0af87dd-0196/executors/1fd16cd3-b
Event: 0,837 Thread 0x00007f650045d000 Exception <a 'java/io/FileNotFoundException'{0x000000008b531a80}> (0x000000008b531a80) thrown at [/scratch/opt/mach5/mesos/work_dir/slaves/2dd962d0-8988-479b-a804-57ab764ada59-S1222/frameworks/1735e8a2-a1db-478c-8104-60c8b0af87dd-0196/executors/1fd16cd3-b
Event: 0,837 Thread 0x00007f650045d000 Exception <a 'java/io/FileNotFoundException'{0x000000008b5336c8}> (0x000000008b5336c8) thrown at [/scratch/opt/mach5/mesos/work_dir/slaves/2dd962d0-8988-479b-a804-57ab764ada59-S1222/frameworks/1735e8a2-a1db-478c-8104-60c8b0af87dd-0196/executors/1fd16cd3-b
Event: 0,837 Thread 0x00007f650045d000 Exception <a 'java/io/FileNotFoundException'{0x000000008b535140}> (0x000000008b535140) thrown at [/scratch/opt/mach5/mesos/work_dir/slaves/2dd962d0-8988-479b-a804-57ab764ada59-S1222/frameworks/1735e8a2-a1db-478c-8104-60c8b0af87dd-0196/executors/1fd16cd3-b
Event: 0,838 Thread 0x00007f650045d000 Exception <a 'java/io/FileNotFoundException'{0x000000008b53c0d0}> (0x000000008b53c0d0) thrown at [/scratch/opt/mach5/mesos/work_dir/slaves/2dd962d0-8988-479b-a804-57ab764ada59-S1222/frameworks/1735e8a2-a1db-478c-8104-60c8b0af87dd-0196/executors/1fd16cd3-b

Events (10 events):
Event: 1957,281 loading class sun/awt/X11/XkbEvent
Event: 1957,281 loading class sun/awt/X11/XkbEvent done
Event: 1957,282 loading class sun/awt/X11/XkbAnyEvent
Event: 1957,283 loading class sun/awt/X11/XkbAnyEvent done
Event: 1976,631 loading class jdk/internal/misc/Signal$1
Event: 1976,632 loading class jdk/internal/misc/Signal$1 done
Event: 1976,688 Thread 0x00007f64b4001000 Thread added: 0x00007f64b4001000
Event: 1976,689 Executing VM operation: RevokeBias
Event: 1976,690 Thread 0x00007f64b4002800 Thread added: 0x00007f64b4002800
Event: 1976,691 Executing VM operation: RevokeBias done


Dynamic libraries:
00400000-00401000 r-xp 00000000 08:07 157890                             /usr/lib/jvm/java-11-oracle/bin/java
00600000-00601000 r--p 00000000 08:07 157890                             /usr/lib/jvm/java-11-oracle/bin/java
00601000-00602000 rw-p 00001000 08:07 157890                             /usr/lib/jvm/java-11-oracle/bin/java
01a0c000-01a2d000 rw-p 00000000 00:00 0                                  [heap]
84e00000-8ca00000 rw-p 00000000 00:00 0 
8ca00000-100000000 ---p 00000000 00:00 0 
100000000-100260000 rw-p 00000000 00:00 0 
100260000-140000000 ---p 00000000 00:00 0 
7f6434000000-7f6434021000 rw-p 00000000 00:00 0 
7f6434021000-7f6438000000 ---p 00000000 00:00 0 
7f643c000000-7f643c021000 rw-p 00000000 00:00 0 
7f643c021000-7f6440000000 ---p 00000000 00:00 0 
7f6440000000-7f6440021000 rw-p 00000000 00:00 0 
7f6440021000-7f6444000000 ---p 00000000 00:00 0 
7f6444000000-7f6444021000 rw-p 00000000 00:00 0 
7f6444021000-7f6448000000 ---p 00000000 00:00 0 
7f6448000000-7f6448021000 rw-p 00000000 00:00 0 
7f6448021000-7f644c000000 ---p 00000000 00:00 0 
7f644c000000-7f644c021000 rw-p 00000000 00:00 0 
7f644c021000-7f6450000000 ---p 00000000 00:00 0 
7f6450000000-7f6450021000 rw-p 00000000 00:00 0 
7f6450021000-7f6454000000 ---p 00000000 00:00 0 
7f6454000000-7f6454021000 rw-p 00000000 00:00 0 
7f6454021000-7f6458000000 ---p 00000000 00:00 0 
7f6458000000-7f6458021000 rw-p 00000000 00:00 0 
7f6458021000-7f645c000000 ---p 00000000 00:00 0 
7f645c000000-7f645c021000 rw-p 00000000 00:00 0 
7f645c021000-7f6460000000 ---p 00000000 00:00 0 
7f6460000000-7f6460021000 rw-p 00000000 00:00 0 
7f6460021000-7f6464000000 ---p 00000000 00:00 0 
7f6464000000-7f6464021000 rw-p 00000000 00:00 0 
7f6464021000-7f6468000000 ---p 00000000 00:00 0 
7f6468000000-7f6468021000 rw-p 00000000 00:00 0 
7f6468021000-7f646c000000 ---p 00000000 00:00 0 
7f646c000000-7f646c021000 rw-p 00000000 00:00 0 
7f646c021000-7f6470000000 ---p 00000000 00:00 0 
7f6470000000-7f6470021000 rw-p 00000000 00:00 0 
7f6470021000-7f6474000000 ---p 00000000 00:00 0 
7f6474000000-7f647423a000 rw-p 00000000 00:00 0 
7f647423a000-7f6478000000 ---p 00000000 00:00 0 
7f6478000000-7f6478021000 rw-p 00000000 00:00 0 
7f6478021000-7f647c000000 ---p 00000000 00:00 0 
7f647c000000-7f647c021000 rw-p 00000000 00:00 0 
7f647c021000-7f6480000000 ---p 00000000 00:00 0 
7f6480000000-7f6480280000 rw-p 00000000 00:00 0 
7f6480280000-7f6484000000 ---p 00000000 00:00 0 
7f6484000000-7f6484021000 rw-p 00000000 00:00 0 
7f6484021000-7f6488000000 ---p 00000000 00:00 0 
7f6488000000-7f6488021000 rw-p 00000000 00:00 0 
7f6488021000-7f648c000000 ---p 00000000 00:00 0 
7f648d944000-7f648d945000 ---p 00000000 00:00 0 
7f648d945000-7f648da46000 rw-p 00000000 00:00 0 
7f648da46000-7f648da47000 ---p 00000000 00:00 0 
7f648da47000-7f648db48000 rw-p 00000000 00:00 0 
7f648db48000-7f648db49000 ---p 00000000 00:00 0 
7f648db49000-7f648dc4a000 rw-p 00000000 00:00 0 
7f648dc4a000-7f648dc4b000 ---p 00000000 00:00 0 
7f648dc4b000-7f648dd4c000 rw-p 00000000 00:00 0 
7f648dd4c000-7f648dd4d000 ---p 00000000 00:00 0 
7f648dd4d000-7f648de4e000 rw-p 00000000 00:00 0 
7f648de4e000-7f648de4f000 ---p 00000000 00:00 0 
7f648de4f000-7f648df50000 rw-p 00000000 00:00 0 
7f648df50000-7f648df5b000 r--s 00000000 08:07 140929                     /var/cache/fontconfig/945677eb7aeaf62f1d50efc3fb3ec7d8-le64.cache-7
7f648df5b000-7f648df60000 r--s 00000000 08:07 140900                     /var/cache/fontconfig/2300eef321c393bfd76478a5c0e95b23-le64.cache-7
7f648df60000-7f648df61000 r--s 00000000 08:07 140893                     /var/cache/fontconfig/0d8c3b2ac0904cb8a57a757ad11a4a08-le64.cache-7
7f648df61000-7f648df76000 r--s 00000000 08:07 140889                     /var/cache/fontconfig/04aabc0a78ac019cf9454389977116d2-le64.cache-7
7f648df76000-7f648df77000 r--s 00000000 08:07 140897                     /var/cache/fontconfig/1ac9eb803944fde146138c791f5cc56a-le64.cache-7
7f648df77000-7f648df78000 r--s 00000000 08:07 140948                     /var/cache/fontconfig/dc05db6664285cc2f12bf69c139ae4c3-le64.cache-7
7f648df78000-7f648df7a000 r--s 00000000 08:07 140894                     /var/cache/fontconfig/14a5e22175779b556eaa434240950366-le64.cache-7
7f648df7a000-7f648df7b000 r--s 00000000 08:07 140921                     /var/cache/fontconfig/660208299946a285a940457d1287da33-le64.cache-7
7f648dfc6000-7f648dfc7000 ---p 00000000 00:00 0 
7f648dfc7000-7f648e0c8000 rw-p 00000000 00:00 0 
7f648e0ef000-7f648e0f3000 ---p 00000000 00:00 0 
7f648e0f3000-7f648e1f0000 rw-p 00000000 00:00 0 
7f648e1f0000-7f648e1f4000 ---p 00000000 00:00 0 
7f648e1f4000-7f648e2f1000 rw-p 00000000 00:00 0 
7f648e2f1000-7f648e2f5000 ---p 00000000 00:00 0 
7f648e2f5000-7f648e5f2000 rw-p 00000000 00:00 0 
7f648e5f2000-7f648e5f6000 ---p 00000000 00:00 0 
7f648e5f6000-7f648e6f3000 rw-p 00000000 00:00 0 
7f648e6f3000-7f648e6f7000 ---p 00000000 00:00 0 
7f648e6f7000-7f648e7f4000 rw-p 00000000 00:00 0 
7f648e7f4000-7f648e7f8000 ---p 00000000 00:00 0 
7f648e7f8000-7f648e8f5000 rw-p 00000000 00:00 0 
7f648e8f5000-7f648e8f9000 ---p 00000000 00:00 0 
7f648e8f9000-7f648e9f6000 rw-p 00000000 00:00 0 
7f648e9f6000-7f648e9f7000 r-xp 00000000 08:07 283463                     /usr/lib/jvm/java-11-oracle/lib/librmi.so
7f648e9f7000-7f648ebf6000 ---p 00001000 08:07 283463                     /usr/lib/jvm/java-11-oracle/lib/librmi.so
7f648ebf6000-7f648ebf7000 r--p 00000000 08:07 283463                     /usr/lib/jvm/java-11-oracle/lib/librmi.so
7f648ebf7000-7f648ebf8000 rw-p 00001000 08:07 283463                     /usr/lib/jvm/java-11-oracle/lib/librmi.so
7f648ebf8000-7f648ebfc000 ---p 00000000 00:00 0 
7f648ebfc000-7f648ecf9000 rw-p 00000000 00:00 0 
7f648ecf9000-7f648ecfd000 ---p 00000000 00:00 0 
7f648ecfd000-7f648effa000 rw-p 00000000 00:00 0 
7f648effa000-7f648effc000 r-xp 00000000 08:07 283441                     /usr/lib/jvm/java-11-oracle/lib/libextnet.so
7f648effc000-7f648f1fb000 ---p 00002000 08:07 283441                     /usr/lib/jvm/java-11-oracle/lib/libextnet.so
7f648f1fb000-7f648f1fc000 r--p 00001000 08:07 283441                     /usr/lib/jvm/java-11-oracle/lib/libextnet.so
7f648f1fc000-7f648f1fd000 rw-p 00002000 08:07 283441                     /usr/lib/jvm/java-11-oracle/lib/libextnet.so
7f648f1fd000-7f648f201000 ---p 00000000 00:00 0 
7f648f201000-7f648f4fe000 rw-p 00000000 00:00 0 
7f648f4fe000-7f648f6fe000 rw-p 00000000 00:00 0 
7f648f6fe000-7f648f702000 ---p 00000000 00:00 0 
7f648f702000-7f648f7ff000 rw-p 00000000 00:00 0 
7f648f7ff000-7f648f800000 ---p 00000000 00:00 0 
7f648f800000-7f6490000000 rw-p 00000000 00:00 0 
7f6490000000-7f6490021000 rw-p 00000000 00:00 0 
7f6490021000-7f6494000000 ---p 00000000 00:00 0 
7f6494000000-7f6494021000 rw-p 00000000 00:00 0 
7f6494021000-7f6498000000 ---p 00000000 00:00 0 
7f6498000000-7f6498002000 r--s 00000000 08:07 140912                     /var/cache/fontconfig/4f3e3037c9980c83b53a9351efadef62-le64.cache-7
7f6498002000-7f6498004000 r--s 00000000 08:07 140926                     /var/cache/fontconfig/767a8244fc0220cfb567a839d0392e0b-le64.cache-7
7f6498004000-7f6498005000 r--s 00000000 08:07 134468                     /var/cache/fontconfig/4794a0821666d79190d59a36cb4f44b5-le64.cache-7
7f6498005000-7f6498007000 r--s 00000000 08:07 140891                     /var/cache/fontconfig/0bd3dc0958fa2205aaaa8ebb13e2872b-le64.cache-7
7f6498007000-7f649800c000 r--s 00000000 08:07 140949                     /var/cache/fontconfig/def309198bfa603429122923fa2bb2d4-le64.cache-7
7f649800c000-7f649800d000 r--s 00000000 08:07 140937                     /var/cache/fontconfig/b872e6e592da6075ffa4ab0a1fcc0c75-le64.cache-7
7f649800d000-7f649800e000 r--s 00000000 08:07 140954                     /var/cache/fontconfig/f6d4eedfaab2589bde49f7a3ff831d22-le64.cache-7
7f649800e000-7f649800f000 r--s 00000000 08:07 140919                     /var/cache/fontconfig/589f83ef4c36d296ce6e1c846f468f08-le64.cache-7
7f649800f000-7f6498010000 r--s 00000000 08:07 140939                     /var/cache/fontconfig/bab58bb527bb656aaa9f116d68a48d89-le64.cache-7
7f6498010000-7f6498011000 r--s 00000000 08:07 140898                     /var/cache/fontconfig/2171a34dccabdb6bcbbc728186263178-le64.cache-7
7f6498011000-7f6498012000 r--s 00000000 08:07 140940                     /var/cache/fontconfig/c5c45a61289222e0d30b1a26ef4effbe-le64.cache-7
7f6498012000-7f6498013000 r--s 00000000 08:07 140935                     /var/cache/fontconfig/aec30016f93e1b46d1a973dce0d74068-le64.cache-7
7f6498013000-7f6498014000 r--s 00000000 08:07 140905                     /var/cache/fontconfig/3f589640d34b7dc9042c8d453f7c8b9c-le64.cache-7
7f6498014000-7f6498015000 r--s 00000000 08:07 140895                     /var/cache/fontconfig/16c2fda60d1b4b719f4b3d06fd951d25-le64.cache-7
7f6498015000-7f6498016000 r--s 00000000 08:07 140934                     /var/cache/fontconfig/a48eab177a16e4f3713381162db2f3e9-le64.cache-7
7f6498016000-7f6498017000 r--s 00000000 08:07 140915                     /var/cache/fontconfig/564b2e68ac9bc4e36a6f7f6d6125ec1c-le64.cache-7
7f6498017000-7f649801c000 r--s 00000000 08:07 134391                     /var/cache/fontconfig/9d2451b1fd30e5bffe8383fd27c35478-le64.cache-7
7f649801c000-7f6498022000 r--s 00000000 08:07 140901                     /var/cache/fontconfig/3047814df9a2f067bd2d96a2b9c36e5a-le64.cache-7
7f6498022000-7f6498023000 r--s 00000000 08:07 140916                     /var/cache/fontconfig/56cf4f4769d0f4abc89a4895d7bd3ae1-le64.cache-7
7f6498023000-7f6498024000 r--s 00000000 08:07 140938                     /var/cache/fontconfig/b9d506c9ac06c20b433354fa67a72993-le64.cache-7
7f6498024000-7f649802a000 r--s 00000000 08:07 140936                     /var/cache/fontconfig/b47c4e1ecd0709278f4910c18777a504-le64.cache-7
7f649802a000-7f649803d000 r--s 00000000 08:07 140945                     /var/cache/fontconfig/d52a8644073d54c13679302ca1180695-le64.cache-7
7f649803d000-7f649803e000 r--s 00000000 08:07 140903                     /var/cache/fontconfig/370e5b74bf5dafc30834de68e24a87a4-le64.cache-7
7f649803e000-7f649803f000 r--s 00000000 08:07 137176                     /var/cache/fontconfig/6b2c5944714ca7831b25bed9e85cb5c8-le64.cache-7
7f649803f000-7f6498040000 r--s 00000000 08:07 140944                     /var/cache/fontconfig/d5178ab6d91b49bf20a416737dcea9e8-le64.cache-7
7f6498040000-7f6498041000 r--s 00000000 08:07 137175                     /var/cache/fontconfig/551ecf3b0e8b0bca0f25c0944f561853-le64.cache-7
7f6498041000-7f6498044000 r--s 00000000 08:07 137173                     /var/cache/fontconfig/f259c2cffa685e28062317905db73c4a-le64.cache-7
7f6498044000-7f6498046000 r--s 00000000 08:07 137172                     /var/cache/fontconfig/550f3886151c940c12a5ed35f6a00586-le64.cache-7
7f6498046000-7f6498049000 r--s 00000000 08:07 137169                     /var/cache/fontconfig/674d1711f2d1d2a09646eb0bdcadee49-le64.cache-7
7f6498049000-7f649804a000 r--s 00000000 08:07 140906                     /var/cache/fontconfig/3f7329c5293ffd510edef78f73874cfd-le64.cache-7
7f649804a000-7f649804e000 r--s 00000000 08:07 137132                     /var/cache/fontconfig/d589a48862398ed80a3d6066f4f56f4c-le64.cache-7
7f649804e000-7f649804f000 r--s 00000000 08:07 140892                     /var/cache/fontconfig/0c9eb80ebd1c36541ebe2852d3bb0c49-le64.cache-7
7f649804f000-7f6498050000 r--s 00000000 08:07 140899                     /var/cache/fontconfig/22368d551a680bfe5a62c02760edf4ea-le64.cache-7
7f6498050000-7f6498051000 r--s 00000000 08:07 140911                     /var/cache/fontconfig/4d9c95eba1cb85bbcf2878543262124a-le64.cache-7
7f6498051000-7f6498052000 r--s 00000000 08:07 140928                     /var/cache/fontconfig/85e0a52ce643a7ba2ae53e5d6949cead-le64.cache-7
7f6498052000-7f6498053000 r--s 00000000 08:07 140908                     /var/cache/fontconfig/49f0de54bdd920fe4f0dfd4cbac43e6b-le64.cache-7
7f6498053000-7f6498054000 r--s 00000000 08:07 140955                     /var/cache/fontconfig/f6e6e0a5c3d2f6ae0c0c2e0ecd42a997-le64.cache-7
7f6498054000-7f6498055000 r--s 00000000 08:07 140909                     /var/cache/fontconfig/4b2eda6bb976bda485cb2176619421d5-le64.cache-7
7f6498055000-7f6498063000 r--s 00000000 08:07 140931                     /var/cache/fontconfig/9b89f8e3dae116d678bbf48e5f21f69b-le64.cache-7
7f6498063000-7f6498065000 r--s 00000000 08:07 140923                     /var/cache/fontconfig/6afa1bb216ce958c1589e297e8008489-le64.cache-7
7f6498065000-7f6498073000 r--s 00000000 08:07 150041                     /var/cache/fontconfig/e13b20fdb08344e0e664864cc2ede53d-le64.cache-7
7f6498073000-7f649807e000 r--s 00000000 08:07 140929                     /var/cache/fontconfig/945677eb7aeaf62f1d50efc3fb3ec7d8-le64.cache-7
7f649807e000-7f6498083000 r--s 00000000 08:07 140900                     /var/cache/fontconfig/2300eef321c393bfd76478a5c0e95b23-le64.cache-7
7f6498083000-7f6498084000 r--s 00000000 08:07 140893                     /var/cache/fontconfig/0d8c3b2ac0904cb8a57a757ad11a4a08-le64.cache-7
7f6498084000-7f6498099000 r--s 00000000 08:07 140889                     /var/cache/fontconfig/04aabc0a78ac019cf9454389977116d2-le64.cache-7
7f6498099000-7f649809a000 r--s 00000000 08:07 140897                     /var/cache/fontconfig/1ac9eb803944fde146138c791f5cc56a-le64.cache-7
7f649809a000-7f649809b000 r--s 00000000 08:07 140948                     /var/cache/fontconfig/dc05db6664285cc2f12bf69c139ae4c3-le64.cache-7
7f649809b000-7f649809d000 r--s 00000000 08:07 140894                     /var/cache/fontconfig/14a5e22175779b556eaa434240950366-le64.cache-7
7f649809d000-7f649809e000 r--s 00000000 08:07 140921                     /var/cache/fontconfig/660208299946a285a940457d1287da33-le64.cache-7
7f649809e000-7f64980a0000 r--s 00000000 08:07 140912                     /var/cache/fontconfig/4f3e3037c9980c83b53a9351efadef62-le64.cache-7
7f64980a0000-7f64980a2000 r--s 00000000 08:07 140926                     /var/cache/fontconfig/767a8244fc0220cfb567a839d0392e0b-le64.cache-7
7f64980a2000-7f64980a3000 r--s 00000000 08:07 134468                     /var/cache/fontconfig/4794a0821666d79190d59a36cb4f44b5-le64.cache-7
7f64980a3000-7f64980a8000 r--s 00000000 08:07 140949                     /var/cache/fontconfig/def309198bfa603429122923fa2bb2d4-le64.cache-7
7f64980a8000-7f64980ac000 ---p 00000000 00:00 0 
7f64980ac000-7f64981a9000 rw-p 00000000 00:00 0 
7f64981a9000-7f64981ae000 r-xp 00000000 08:07 1188896                    /usr/lib/x86_64-linux-gnu/libXfixes.so.3.1.0
7f64981ae000-7f64983ad000 ---p 00005000 08:07 1188896                    /usr/lib/x86_64-linux-gnu/libXfixes.so.3.1.0
7f64983ad000-7f64983ae000 r--p 00004000 08:07 1188896                    /usr/lib/x86_64-linux-gnu/libXfixes.so.3.1.0
7f64983ae000-7f64983af000 rw-p 00005000 08:07 1188896                    /usr/lib/x86_64-linux-gnu/libXfixes.so.3.1.0
7f64983af000-7f64983b8000 r-xp 00000000 08:07 1188888                    /usr/lib/x86_64-linux-gnu/libXcursor.so.1.0.2
7f64983b8000-7f64985b7000 ---p 00009000 08:07 1188888                    /usr/lib/x86_64-linux-gnu/libXcursor.so.1.0.2
7f64985b7000-7f64985b8000 r--p 00008000 08:07 1188888                    /usr/lib/x86_64-linux-gnu/libXcursor.so.1.0.2
7f64985b8000-7f64985b9000 rw-p 00009000 08:07 1188888                    /usr/lib/x86_64-linux-gnu/libXcursor.so.1.0.2
7f64985b9000-7f64985ba000 ---p 00000000 00:00 0 
7f64985ba000-7f6498dba000 rw-p 00000000 00:00 0 
7f6498dba000-7f6498dbb000 ---p 00000000 00:00 0 
7f6498dbb000-7f64995bb000 rw-p 00000000 00:00 0 
7f64995bb000-7f64995c7000 r-xp 00000000 08:07 1445153                    /usr/lib/x86_64-linux-gnu/gio/modules/libdconfsettings.so
7f64995c7000-7f64997c6000 ---p 0000c000 08:07 1445153                    /usr/lib/x86_64-linux-gnu/gio/modules/libdconfsettings.so
7f64997c6000-7f64997c7000 r--p 0000b000 08:07 1445153                    /usr/lib/x86_64-linux-gnu/gio/modules/libdconfsettings.so
7f64997c7000-7f64997c8000 rw-p 0000c000 08:07 1445153                    /usr/lib/x86_64-linux-gnu/gio/modules/libdconfsettings.so
7f64997c8000-7f64997ce000 r-xp 00000000 08:07 928839                     /lib/x86_64-linux-gnu/libuuid.so.1.3.0
7f64997ce000-7f64999cd000 ---p 00006000 08:07 928839                     /lib/x86_64-linux-gnu/libuuid.so.1.3.0
7f64999cd000-7f64999ce000 r--p 00005000 08:07 928839                     /lib/x86_64-linux-gnu/libuuid.so.1.3.0
7f64999ce000-7f64999cf000 rw-p 00006000 08:07 928839                     /lib/x86_64-linux-gnu/libuuid.so.1.3.0
7f64999cf000-7f6499a16000 r-xp 00000000 08:07 923370                     /lib/x86_64-linux-gnu/libblkid.so.1.1.0
7f6499a16000-7f6499c16000 ---p 00047000 08:07 923370                     /lib/x86_64-linux-gnu/libblkid.so.1.1.0
7f6499c16000-7f6499c1a000 r--p 00047000 08:07 923370                     /lib/x86_64-linux-gnu/libblkid.so.1.1.0
7f6499c1a000-7f6499c1b000 rw-p 0004b000 08:07 923370                     /lib/x86_64-linux-gnu/libblkid.so.1.1.0
7f6499c1b000-7f6499c1c000 rw-p 00000000 00:00 0 
7f6499c1c000-7f6499c8c000 r-xp 00000000 08:07 923325                     /lib/x86_64-linux-gnu/libpcre.so.3.13.3
7f6499c8c000-7f6499e8c000 ---p 00070000 08:07 923325                     /lib/x86_64-linux-gnu/libpcre.so.3.13.3
7f6499e8c000-7f6499e8d000 r--p 00070000 08:07 923325                     /lib/x86_64-linux-gnu/libpcre.so.3.13.3
7f6499e8d000-7f6499e8e000 rw-p 00071000 08:07 923325                     /lib/x86_64-linux-gnu/libpcre.so.3.13.3
7f6499e8e000-7f6499e95000 r-xp 00000000 08:07 1189223                    /usr/lib/x86_64-linux-gnu/libffi.so.6.0.4
7f6499e95000-7f649a094000 ---p 00007000 08:07 1189223                    /usr/lib/x86_64-linux-gnu/libffi.so.6.0.4
7f649a094000-7f649a095000 r--p 00006000 08:07 1189223                    /usr/lib/x86_64-linux-gnu/libffi.so.6.0.4
7f649a095000-7f649a096000 rw-p 00007000 08:07 1189223                    /usr/lib/x86_64-linux-gnu/libffi.so.6.0.4
7f649a096000-7f649a0e7000 r-xp 00000000 08:07 923236                     /lib/x86_64-linux-gnu/libmount.so.1.1.0
7f649a0e7000-7f649a2e6000 ---p 00051000 08:07 923236                     /lib/x86_64-linux-gnu/libmount.so.1.1.0
7f649a2e6000-7f649a2e8000 r--p 00050000 08:07 923236                     /lib/x86_64-linux-gnu/libmount.so.1.1.0
7f649a2e8000-7f649a2e9000 rw-p 00052000 08:07 923236                     /lib/x86_64-linux-gnu/libmount.so.1.1.0
7f649a2e9000-7f649a2ea000 rw-p 00000000 00:00 0 
7f649a2ea000-7f649a301000 r-xp 00000000 08:07 923342                     /lib/x86_64-linux-gnu/libresolv-2.27.so
7f649a301000-7f649a501000 ---p 00017000 08:07 923342                     /lib/x86_64-linux-gnu/libresolv-2.27.so
7f649a501000-7f649a502000 r--p 00017000 08:07 923342                     /lib/x86_64-linux-gnu/libresolv-2.27.so
7f649a502000-7f649a503000 rw-p 00018000 08:07 923342                     /lib/x86_64-linux-gnu/libresolv-2.27.so
7f649a503000-7f649a505000 rw-p 00000000 00:00 0 
7f649a505000-7f649a52a000 r-xp 00000000 08:07 923348                     /lib/x86_64-linux-gnu/libselinux.so.1
7f649a52a000-7f649a729000 ---p 00025000 08:07 923348                     /lib/x86_64-linux-gnu/libselinux.so.1
7f649a729000-7f649a72a000 r--p 00024000 08:07 923348                     /lib/x86_64-linux-gnu/libselinux.so.1
7f649a72a000-7f649a72b000 rw-p 00025000 08:07 923348                     /lib/x86_64-linux-gnu/libselinux.so.1
7f649a72b000-7f649a72d000 rw-p 00000000 00:00 0 
7f649a72d000-7f649a841000 r-xp 00000000 08:07 1179681                    /usr/lib/x86_64-linux-gnu/libglib-2.0.so.0.5600.4
7f649a841000-7f649aa40000 ---p 00114000 08:07 1179681                    /usr/lib/x86_64-linux-gnu/libglib-2.0.so.0.5600.4
7f649aa40000-7f649aa41000 r--p 00113000 08:07 1179681                    /usr/lib/x86_64-linux-gnu/libglib-2.0.so.0.5600.4
7f649aa41000-7f649aa42000 rw-p 00114000 08:07 1179681                    /usr/lib/x86_64-linux-gnu/libglib-2.0.so.0.5600.4
7f649aa42000-7f649aa43000 rw-p 00000000 00:00 0 
7f649aa43000-7f649aa46000 r-xp 00000000 08:07 1179682                    /usr/lib/x86_64-linux-gnu/libgmodule-2.0.so.0.5600.4
7f649aa46000-7f649ac45000 ---p 00003000 08:07 1179682                    /usr/lib/x86_64-linux-gnu/libgmodule-2.0.so.0.5600.4
7f649ac45000-7f649ac46000 r--p 00002000 08:07 1179682                    /usr/lib/x86_64-linux-gnu/libgmodule-2.0.so.0.5600.4
7f649ac46000-7f649ac47000 rw-p 00003000 08:07 1179682                    /usr/lib/x86_64-linux-gnu/libgmodule-2.0.so.0.5600.4
7f649ac47000-7f649ac99000 r-xp 00000000 08:07 1179683                    /usr/lib/x86_64-linux-gnu/libgobject-2.0.so.0.5600.4
7f649ac99000-7f649ae99000 ---p 00052000 08:07 1179683                    /usr/lib/x86_64-linux-gnu/libgobject-2.0.so.0.5600.4
7f649ae99000-7f649ae9a000 r--p 00052000 08:07 1179683                    /usr/lib/x86_64-linux-gnu/libgobject-2.0.so.0.5600.4
7f649ae9a000-7f649ae9b000 rw-p 00053000 08:07 1179683                    /usr/lib/x86_64-linux-gnu/libgobject-2.0.so.0.5600.4
7f649ae9b000-7f649b030000 r-xp 00000000 08:07 1179680                    /usr/lib/x86_64-linux-gnu/libgio-2.0.so.0.5600.4
7f649b030000-7f649b230000 ---p 00195000 08:07 1179680                    /usr/lib/x86_64-linux-gnu/libgio-2.0.so.0.5600.4
7f649b230000-7f649b237000 r--p 00195000 08:07 1179680                    /usr/lib/x86_64-linux-gnu/libgio-2.0.so.0.5600.4
7f649b237000-7f649b238000 rw-p 0019c000 08:07 1179680                    /usr/lib/x86_64-linux-gnu/libgio-2.0.so.0.5600.4
7f649b238000-7f649b23a000 rw-p 00000000 00:00 0 
7f649b23a000-7f649b244000 r-xp 00000000 08:07 1188912                    /usr/lib/x86_64-linux-gnu/libXrandr.so.2.2.0
7f649b244000-7f649b443000 ---p 0000a000 08:07 1188912                    /usr/lib/x86_64-linux-gnu/libXrandr.so.2.2.0
7f649b443000-7f649b444000 r--p 00009000 08:07 1188912                    /usr/lib/x86_64-linux-gnu/libXrandr.so.2.2.0
7f649b444000-7f649b445000 rw-p 0000a000 08:07 1188912                    /usr/lib/x86_64-linux-gnu/libXrandr.so.2.2.0
7f649b445000-7f649b476000 r-xp 00000000 08:07 1183685                    /usr/lib/x86_64-linux-gnu/libpng16.so.16.34.0
7f649b476000-7f649b675000 ---p 00031000 08:07 1183685                    /usr/lib/x86_64-linux-gnu/libpng16.so.16.34.0
7f649b675000-7f649b676000 r--p 00030000 08:07 1183685                    /usr/lib/x86_64-linux-gnu/libpng16.so.16.34.0
7f649b676000-7f649b677000 rw-p 00031000 08:07 1183685                    /usr/lib/x86_64-linux-gnu/libpng16.so.16.34.0
7f649b677000-7f649b724000 r-xp 00000000 08:07 1189255                    /usr/lib/x86_64-linux-gnu/libfreetype.so.6.15.0
7f649b724000-7f649b923000 ---p 000ad000 08:07 1189255                    /usr/lib/x86_64-linux-gnu/libfreetype.so.6.15.0
7f649b923000-7f649b92a000 r--p 000ac000 08:07 1189255                    /usr/lib/x86_64-linux-gnu/libfreetype.so.6.15.0
7f649b92a000-7f649b92b000 rw-p 000b3000 08:07 1189255                    /usr/lib/x86_64-linux-gnu/libfreetype.so.6.15.0
7f649b92b000-7f649b9e8000 r-xp 00000000 08:07 283442                     /usr/lib/jvm/java-11-oracle/lib/libfontmanager.so
7f649b9e8000-7f649bbe7000 ---p 000bd000 08:07 283442                     /usr/lib/jvm/java-11-oracle/lib/libfontmanager.so
7f649bbe7000-7f649bbe9000 r--p 000bc000 08:07 283442                     /usr/lib/jvm/java-11-oracle/lib/libfontmanager.so
7f649bbe9000-7f649bbea000 rw-p 000be000 08:07 283442                     /usr/lib/jvm/java-11-oracle/lib/libfontmanager.so
7f649bbea000-7f649bdeb000 rw-p 00000000 00:00 0 
7f649bdeb000-7f649bdfe000 r-xp 00000000 08:07 923199                     /lib/x86_64-linux-gnu/libbsd.so.0.8.7
7f649bdfe000-7f649bffd000 ---p 00013000 08:07 923199                     /lib/x86_64-linux-gnu/libbsd.so.0.8.7
7f649bffd000-7f649bffe000 r--p 00012000 08:07 923199                     /lib/x86_64-linux-gnu/libbsd.so.0.8.7
7f649bffe000-7f649bfff000 rw-p 00013000 08:07 923199                     /lib/x86_64-linux-gnu/libbsd.so.0.8.7
7f649bfff000-7f649c000000 rw-p 00000000 00:00 0 
7f649c000000-7f649c14f000 rw-p 00000000 00:00 0 
7f649c14f000-7f64a0000000 ---p 00000000 00:00 0 
7f64a0000000-7f64a0021000 rw-p 00000000 00:00 0 
7f64a0021000-7f64a4000000 ---p 00000000 00:00 0 
7f64a4000000-7f64a4021000 rw-p 00000000 00:00 0 
7f64a4021000-7f64a8000000 ---p 00000000 00:00 0 
7f64a8000000-7f64a8555000 rw-p 00000000 00:00 0 
7f64a8555000-7f64ac000000 ---p 00000000 00:00 0 
7f64ac000000-7f64ac53d000 rw-p 00000000 00:00 0 
7f64ac53d000-7f64b0000000 ---p 00000000 00:00 0 
7f64b0000000-7f64b0021000 rw-p 00000000 00:00 0 
7f64b0021000-7f64b4000000 ---p 00000000 00:00 0 
7f64b4000000-7f64b4021000 rw-p 00000000 00:00 0 
7f64b4021000-7f64b8000000 ---p 00000000 00:00 0 
7f64b8000000-7f64b8b0f000 rw-p 00000000 00:00 0 
7f64b8b0f000-7f64bc000000 ---p 00000000 00:00 0 
7f64bc000000-7f64bc021000 rw-p 00000000 00:00 0 
7f64bc021000-7f64c0000000 ---p 00000000 00:00 0 
7f64c0000000-7f64c0021000 rw-p 00000000 00:00 0 
7f64c0021000-7f64c4000000 ---p 00000000 00:00 0 
7f64c4000000-7f64c4021000 rw-p 00000000 00:00 0 
7f64c4021000-7f64c8000000 ---p 00000000 00:00 0 
7f64c8000000-7f64c8030000 rw-p 00000000 00:00 0 
7f64c8030000-7f64cc000000 ---p 00000000 00:00 0 
7f64cc000000-7f64cc021000 rw-p 00000000 00:00 0 
7f64cc021000-7f64d0000000 ---p 00000000 00:00 0 
7f64d0000000-7f64d0021000 rw-p 00000000 00:00 0 
7f64d0021000-7f64d4000000 ---p 00000000 00:00 0 
7f64d4000000-7f64d4002000 r--s 00000000 08:07 140891                     /var/cache/fontconfig/0bd3dc0958fa2205aaaa8ebb13e2872b-le64.cache-7
7f64d4002000-7f64d4003000 r--s 00000000 08:07 140937                     /var/cache/fontconfig/b872e6e592da6075ffa4ab0a1fcc0c75-le64.cache-7
7f64d4003000-7f64d4004000 r--s 00000000 08:07 140954                     /var/cache/fontconfig/f6d4eedfaab2589bde49f7a3ff831d22-le64.cache-7
7f64d4004000-7f64d4005000 r--s 00000000 08:07 140919                     /var/cache/fontconfig/589f83ef4c36d296ce6e1c846f468f08-le64.cache-7
7f64d4005000-7f64d4006000 r--s 00000000 08:07 140939                     /var/cache/fontconfig/bab58bb527bb656aaa9f116d68a48d89-le64.cache-7
7f64d4006000-7f64d4007000 r--s 00000000 08:07 140898                     /var/cache/fontconfig/2171a34dccabdb6bcbbc728186263178-le64.cache-7
7f64d4007000-7f64d4008000 r--s 00000000 08:07 140940                     /var/cache/fontconfig/c5c45a61289222e0d30b1a26ef4effbe-le64.cache-7
7f64d4008000-7f64d4009000 r--s 00000000 08:07 140935                     /var/cache/fontconfig/aec30016f93e1b46d1a973dce0d74068-le64.cache-7
7f64d4009000-7f64d400a000 r--s 00000000 08:07 140905                     /var/cache/fontconfig/3f589640d34b7dc9042c8d453f7c8b9c-le64.cache-7
7f64d400a000-7f64d400b000 r--s 00000000 08:07 140895                     /var/cache/fontconfig/16c2fda60d1b4b719f4b3d06fd951d25-le64.cache-7
7f64d400b000-7f64d400c000 r--s 00000000 08:07 140934                     /var/cache/fontconfig/a48eab177a16e4f3713381162db2f3e9-le64.cache-7
7f64d400c000-7f64d400d000 r--s 00000000 08:07 140915                     /var/cache/fontconfig/564b2e68ac9bc4e36a6f7f6d6125ec1c-le64.cache-7
7f64d400d000-7f64d4012000 r--s 00000000 08:07 134391                     /var/cache/fontconfig/9d2451b1fd30e5bffe8383fd27c35478-le64.cache-7
7f64d4012000-7f64d4018000 r--s 00000000 08:07 140901                     /var/cache/fontconfig/3047814df9a2f067bd2d96a2b9c36e5a-le64.cache-7
7f64d4018000-7f64d4019000 r--s 00000000 08:07 140916                     /var/cache/fontconfig/56cf4f4769d0f4abc89a4895d7bd3ae1-le64.cache-7
7f64d4019000-7f64d401a000 r--s 00000000 08:07 140938                     /var/cache/fontconfig/b9d506c9ac06c20b433354fa67a72993-le64.cache-7
7f64d401a000-7f64d4020000 r--s 00000000 08:07 140936                     /var/cache/fontconfig/b47c4e1ecd0709278f4910c18777a504-le64.cache-7
7f64d4020000-7f64d4033000 r--s 00000000 08:07 140945                     /var/cache/fontconfig/d52a8644073d54c13679302ca1180695-le64.cache-7
7f64d4033000-7f64d4034000 r--s 00000000 08:07 140903                     /var/cache/fontconfig/370e5b74bf5dafc30834de68e24a87a4-le64.cache-7
7f64d4034000-7f64d4035000 r--s 00000000 08:07 137176                     /var/cache/fontconfig/6b2c5944714ca7831b25bed9e85cb5c8-le64.cache-7
7f64d4035000-7f64d4038000 r--s 00000000 08:07 137173                     /var/cache/fontconfig/f259c2cffa685e28062317905db73c4a-le64.cache-7
7f64d4038000-7f64d4046000 r--s 00000000 08:07 140931                     /var/cache/fontconfig/9b89f8e3dae116d678bbf48e5f21f69b-le64.cache-7
7f64d4046000-7f64d404b000 r-xp 00000000 08:07 1188892                    /usr/lib/x86_64-linux-gnu/libXdmcp.so.6.0.0
7f64d404b000-7f64d424a000 ---p 00005000 08:07 1188892                    /usr/lib/x86_64-linux-gnu/libXdmcp.so.6.0.0
7f64d424a000-7f64d424b000 r--p 00004000 08:07 1188892                    /usr/lib/x86_64-linux-gnu/libXdmcp.so.6.0.0
7f64d424b000-7f64d424c000 rw-p 00005000 08:07 1188892                    /usr/lib/x86_64-linux-gnu/libXdmcp.so.6.0.0
7f64d424c000-7f64d424e000 r-xp 00000000 08:07 1188881                    /usr/lib/x86_64-linux-gnu/libXau.so.6.0.0
7f64d424e000-7f64d444e000 ---p 00002000 08:07 1188881                    /usr/lib/x86_64-linux-gnu/libXau.so.6.0.0
7f64d444e000-7f64d444f000 r--p 00002000 08:07 1188881                    /usr/lib/x86_64-linux-gnu/libXau.so.6.0.0
7f64d444f000-7f64d4450000 rw-p 00003000 08:07 1188881                    /usr/lib/x86_64-linux-gnu/libXau.so.6.0.0
7f64d4450000-7f64d4476000 r-xp 00000000 08:07 1190085                    /usr/lib/x86_64-linux-gnu/libxcb.so.1.1.0
7f64d4476000-7f64d4676000 ---p 00026000 08:07 1190085                    /usr/lib/x86_64-linux-gnu/libxcb.so.1.1.0
7f64d4676000-7f64d4677000 r--p 00026000 08:07 1190085                    /usr/lib/x86_64-linux-gnu/libxcb.so.1.1.0
7f64d4677000-7f64d4678000 rw-p 00027000 08:07 1190085                    /usr/lib/x86_64-linux-gnu/libxcb.so.1.1.0
7f64d4678000-7f64d4687000 r-xp 00000000 08:07 1188902                    /usr/lib/x86_64-linux-gnu/libXi.so.6.1.0
7f64d4687000-7f64d4886000 ---p 0000f000 08:07 1188902                    /usr/lib/x86_64-linux-gnu/libXi.so.6.1.0
7f64d4886000-7f64d4887000 r--p 0000e000 08:07 1188902                    /usr/lib/x86_64-linux-gnu/libXi.so.6.1.0
7f64d4887000-7f64d4888000 rw-p 0000f000 08:07 1188902                    /usr/lib/x86_64-linux-gnu/libXi.so.6.1.0
7f64d4888000-7f64d488d000 r-xp 00000000 08:07 1188920                    /usr/lib/x86_64-linux-gnu/libXtst.so.6.1.0
7f64d488d000-7f64d4a8c000 ---p 00005000 08:07 1188920                    /usr/lib/x86_64-linux-gnu/libXtst.so.6.1.0
7f64d4a8c000-7f64d4a8d000 r--p 00004000 08:07 1188920                    /usr/lib/x86_64-linux-gnu/libXtst.so.6.1.0
7f64d4a8d000-7f64d4a8e000 rw-p 00005000 08:07 1188920                    /usr/lib/x86_64-linux-gnu/libXtst.so.6.1.0
7f64d4a8e000-7f64d4a97000 r-xp 00000000 08:07 1188914                    /usr/lib/x86_64-linux-gnu/libXrender.so.1.3.0
7f64d4a97000-7f64d4c96000 ---p 00009000 08:07 1188914                    /usr/lib/x86_64-linux-gnu/libXrender.so.1.3.0
7f64d4c96000-7f64d4c97000 r--p 00008000 08:07 1188914                    /usr/lib/x86_64-linux-gnu/libXrender.so.1.3.0
7f64d4c97000-7f64d4c98000 rw-p 00009000 08:07 1188914                    /usr/lib/x86_64-linux-gnu/libXrender.so.1.3.0
7f64d4c98000-7f64d4dcb000 r-xp 00000000 08:07 1180923                    /usr/lib/x86_64-linux-gnu/libX11.so.6.3.0
7f64d4dcb000-7f64d4fcb000 ---p 00133000 08:07 1180923                    /usr/lib/x86_64-linux-gnu/libX11.so.6.3.0
7f64d4fcb000-7f64d4fcc000 r--p 00133000 08:07 1180923                    /usr/lib/x86_64-linux-gnu/libX11.so.6.3.0
7f64d4fcc000-7f64d4fd0000 rw-p 00134000 08:07 1180923                    /usr/lib/x86_64-linux-gnu/libX11.so.6.3.0
7f64d4fd0000-7f64d4fe1000 r-xp 00000000 08:07 1188894                    /usr/lib/x86_64-linux-gnu/libXext.so.6.4.0
7f64d4fe1000-7f64d51e0000 ---p 00011000 08:07 1188894                    /usr/lib/x86_64-linux-gnu/libXext.so.6.4.0
7f64d51e0000-7f64d51e1000 r--p 00010000 08:07 1188894                    /usr/lib/x86_64-linux-gnu/libXext.so.6.4.0
7f64d51e1000-7f64d51e2000 rw-p 00011000 08:07 1188894                    /usr/lib/x86_64-linux-gnu/libXext.so.6.4.0
7f64d51e2000-7f64d5240000 r-xp 00000000 08:07 283439                     /usr/lib/jvm/java-11-oracle/lib/libawt_xawt.so
7f64d5240000-7f64d543f000 ---p 0005e000 08:07 283439                     /usr/lib/jvm/java-11-oracle/lib/libawt_xawt.so
7f64d543f000-7f64d5440000 r--p 0005d000 08:07 283439                     /usr/lib/jvm/java-11-oracle/lib/libawt_xawt.so
7f64d5440000-7f64d5443000 rw-p 0005e000 08:07 283439                     /usr/lib/jvm/java-11-oracle/lib/libawt_xawt.so
7f64d5443000-7f64d5445000 rw-p 00000000 00:00 0 
7f64d5445000-7f64d54e5000 r-xp 00000000 08:07 283437                     /usr/lib/jvm/java-11-oracle/lib/libawt.so
7f64d54e5000-7f64d56e5000 ---p 000a0000 08:07 283437                     /usr/lib/jvm/java-11-oracle/lib/libawt.so
7f64d56e5000-7f64d56e6000 r--p 000a0000 08:07 283437                     /usr/lib/jvm/java-11-oracle/lib/libawt.so
7f64d56e6000-7f64d56f1000 rw-p 000a1000 08:07 283437                     /usr/lib/jvm/java-11-oracle/lib/libawt.so
7f64d56f1000-7f64d5716000 rw-p 00000000 00:00 0 
7f64d5716000-7f64d5717000 ---p 00000000 00:00 0 
7f64d5717000-7f64d5818000 rw-p 00000000 00:00 0 
7f64d5818000-7f64d581c000 ---p 00000000 00:00 0 
7f64d581c000-7f64d5919000 rw-p 00000000 00:00 0 
7f64d5919000-7f64d591d000 ---p 00000000 00:00 0 
7f64d591d000-7f64d5a1a000 rw-p 00000000 00:00 0 
7f64d5a1a000-7f64d5a1e000 ---p 00000000 00:00 0 
7f64d5a1e000-7f64d5b1b000 rw-p 00000000 00:00 0 
7f64d5b1b000-7f64d5b1f000 ---p 00000000 00:00 0 
7f64d5b1f000-7f64d5c1c000 rw-p 00000000 00:00 0 
7f64d5c1c000-7f64d5c32000 r-xp 00000000 08:07 283460                     /usr/lib/jvm/java-11-oracle/lib/libnet.so
7f64d5c32000-7f64d5e32000 ---p 00016000 08:07 283460                     /usr/lib/jvm/java-11-oracle/lib/libnet.so
7f64d5e32000-7f64d5e33000 r--p 00016000 08:07 283460                     /usr/lib/jvm/java-11-oracle/lib/libnet.so
7f64d5e33000-7f64d5e34000 rw-p 00017000 08:07 283460                     /usr/lib/jvm/java-11-oracle/lib/libnet.so
7f64d5e34000-7f64d5e44000 r-xp 00000000 08:07 283461                     /usr/lib/jvm/java-11-oracle/lib/libnio.so
7f64d5e44000-7f64d6043000 ---p 00010000 08:07 283461                     /usr/lib/jvm/java-11-oracle/lib/libnio.so
7f64d6043000-7f64d6044000 r--p 0000f000 08:07 283461                     /usr/lib/jvm/java-11-oracle/lib/libnio.so
7f64d6044000-7f64d6045000 rw-p 00010000 08:07 283461                     /usr/lib/jvm/java-11-oracle/lib/libnio.so
7f64d6045000-7f64d6049000 ---p 00000000 00:00 0 
7f64d6049000-7f64d6146000 rw-p 00000000 00:00 0 
7f64d6146000-7f64d614a000 ---p 00000000 00:00 0 
7f64d614a000-7f64d6247000 rw-p 00000000 00:00 0 
7f64d6247000-7f64d624b000 ---p 00000000 00:00 0 
7f64d624b000-7f64d6348000 rw-p 00000000 00:00 0 
7f64d6348000-7f64d634c000 ---p 00000000 00:00 0 
7f64d634c000-7f64d6449000 rw-p 00000000 00:00 0 
7f64d6449000-7f64d6e18000 r--p 00000000 08:07 1187247                    /usr/lib/locale/locale-archive
7f64d6e18000-7f64d6e1c000 ---p 00000000 00:00 0 
7f64d6e1c000-7f64d6f19000 rw-p 00000000 00:00 0 
7f64d6f19000-7f64d6f1d000 ---p 00000000 00:00 0 
7f64d6f1d000-7f64d701a000 rw-p 00000000 00:00 0 
7f64d701a000-7f64d701b000 ---p 00000000 00:00 0 
7f64d701b000-7f64d79f8000 rw-p 00000000 00:00 0 
7f64d79f8000-7f64d79f9000 ---p 00000000 00:00 0 
7f64d79f9000-7f64d7afa000 rw-p 00000000 00:00 0 
7f64d7afa000-7f64d7afb000 ---p 00000000 00:00 0 
7f64d7afb000-7f64d8000000 rw-p 00000000 00:00 0 
7f64d8000000-7f64d8021000 rw-p 00000000 00:00 0 
7f64d8021000-7f64dc000000 ---p 00000000 00:00 0 
7f64dc000000-7f64dc001000 r--s 00000000 08:07 140944                     /var/cache/fontconfig/d5178ab6d91b49bf20a416737dcea9e8-le64.cache-7
7f64dc001000-7f64dc003000 r--s 00000000 08:07 137172                     /var/cache/fontconfig/550f3886151c940c12a5ed35f6a00586-le64.cache-7
7f64dc003000-7f64dc006000 r--s 00000000 08:07 137169                     /var/cache/fontconfig/674d1711f2d1d2a09646eb0bdcadee49-le64.cache-7
7f64dc006000-7f64dc037000 r--p 00000000 08:07 395461                     /usr/share/glib-2.0/schemas/gschemas.compiled
7f64dc037000-7f64de328000 rw-p 00000000 00:00 0 
7f64de328000-7f64e0000000 ---p 00000000 00:00 0 
7f64e0000000-7f64e0021000 rw-p 00000000 00:00 0 
7f64e0021000-7f64e4000000 ---p 00000000 00:00 0 
7f64e4000000-7f64e4001000 r--s 00000000 08:07 137175                     /var/cache/fontconfig/551ecf3b0e8b0bca0f25c0944f561853-le64.cache-7
7f64e4001000-7f64e4002000 r--s 00000000 08:07 140906                     /var/cache/fontconfig/3f7329c5293ffd510edef78f73874cfd-le64.cache-7
7f64e4002000-7f64e4006000 r--s 00000000 08:07 137132                     /var/cache/fontconfig/d589a48862398ed80a3d6066f4f56f4c-le64.cache-7
7f64e4006000-7f64e4007000 r--s 00000000 08:07 140892                     /var/cache/fontconfig/0c9eb80ebd1c36541ebe2852d3bb0c49-le64.cache-7
7f64e4007000-7f64e4008000 r--s 00000000 08:07 140899                     /var/cache/fontconfig/22368d551a680bfe5a62c02760edf4ea-le64.cache-7
7f64e4008000-7f64e4028000 r--p 00000000 08:07 272201                     /usr/share/locale-langpack/it/LC_MESSAGES/glib20.mo
7f64e4028000-7f64e4049000 r--p 00000000 08:07 266533                     /usr/share/locale-langpack/it/LC_MESSAGES/libc.mo
7f64e4049000-7f64e434c000 rw-p 00000000 00:00 0 
7f64e434c000-7f64e434d000 ---p 00000000 00:00 0 
7f64e434d000-7f64e444e000 rw-p 00000000 00:00 0 
7f64e444e000-7f64e444f000 ---p 00000000 00:00 0 
7f64e444f000-7f64e4740000 rw-p 00000000 00:00 0 
7f64e4740000-7f64e6418000 ---p 00000000 00:00 0 
7f64e6418000-7f64e6456000 rw-p 00000000 00:00 0 
7f64e6456000-7f64e67f1000 ---p 00000000 00:00 0 
7f64e67f1000-7f64e682f000 rw-p 00000000 00:00 0 
7f64e682f000-7f64e6bca000 ---p 00000000 00:00 0 
7f64e6bca000-7f64e6c08000 rw-p 00000000 00:00 0 
7f64e6c08000-7f64e6fa3000 ---p 00000000 00:00 0 
7f64e6fa3000-7f64e77ab000 rw-p 00000000 00:00 0 
7f64e77ab000-7f64e77ac000 ---p 00000000 00:00 0 
7f64e77ac000-7f64e78b2000 rw-p 00000000 00:00 0 
7f64e78b2000-7f64e7998000 ---p 00000000 00:00 0 
7f64e7998000-7f64e7c08000 rwxp 00000000 00:00 0 
7f64e7c08000-7f64e7f29000 ---p 00000000 00:00 0 
7f64e7f29000-7f64e8229000 rwxp 00000000 00:00 0 
7f64e8229000-7f64ef460000 ---p 00000000 00:00 0 
7f64ef460000-7f64ef6d0000 rwxp 00000000 00:00 0 
7f64ef6d0000-7f64f6998000 ---p 00000000 00:00 0 
7f64f6998000-7f64fed56000 r--s 00000000 08:07 283471                     /usr/lib/jvm/java-11-oracle/lib/modules
7f64fed56000-7f64fed71000 r-xp 00000000 08:07 283452                     /usr/lib/jvm/java-11-oracle/lib/libjimage.so
7f64fed71000-7f64fef70000 ---p 0001b000 08:07 283452                     /usr/lib/jvm/java-11-oracle/lib/libjimage.so
7f64fef70000-7f64fef72000 r--p 0001a000 08:07 283452                     /usr/lib/jvm/java-11-oracle/lib/libjimage.so
7f64fef72000-7f64fef73000 rw-p 0001c000 08:07 283452                     /usr/lib/jvm/java-11-oracle/lib/libjimage.so
7f64fef73000-7f64fef7a000 r-xp 00000000 08:07 283470                     /usr/lib/jvm/java-11-oracle/lib/libzip.so
7f64fef7a000-7f64ff179000 ---p 00007000 08:07 283470                     /usr/lib/jvm/java-11-oracle/lib/libzip.so
7f64ff179000-7f64ff17a000 r--p 00006000 08:07 283470                     /usr/lib/jvm/java-11-oracle/lib/libzip.so
7f64ff17a000-7f64ff17b000 rw-p 00007000 08:07 283470                     /usr/lib/jvm/java-11-oracle/lib/libzip.so
7f64ff17b000-7f64ff186000 r-xp 00000000 08:07 923293                     /lib/x86_64-linux-gnu/libnss_files-2.27.so
7f64ff186000-7f64ff385000 ---p 0000b000 08:07 923293                     /lib/x86_64-linux-gnu/libnss_files-2.27.so
7f64ff385000-7f64ff386000 r--p 0000a000 08:07 923293                     /lib/x86_64-linux-gnu/libnss_files-2.27.so
7f64ff386000-7f64ff387000 rw-p 0000b000 08:07 923293                     /lib/x86_64-linux-gnu/libnss_files-2.27.so
7f64ff387000-7f64ff38d000 rw-p 00000000 00:00 0 
7f64ff38d000-7f64ff3a4000 r-xp 00000000 08:07 923287                     /lib/x86_64-linux-gnu/libnsl-2.27.so
7f64ff3a4000-7f64ff5a3000 ---p 00017000 08:07 923287                     /lib/x86_64-linux-gnu/libnsl-2.27.so
7f64ff5a3000-7f64ff5a4000 r--p 00016000 08:07 923287                     /lib/x86_64-linux-gnu/libnsl-2.27.so
7f64ff5a4000-7f64ff5a5000 rw-p 00017000 08:07 923287                     /lib/x86_64-linux-gnu/libnsl-2.27.so
7f64ff5a5000-7f64ff5a7000 rw-p 00000000 00:00 0 
7f64ff5a7000-7f64ff5b2000 r-xp 00000000 08:07 923304                     /lib/x86_64-linux-gnu/libnss_nis-2.27.so
7f64ff5b2000-7f64ff7b1000 ---p 0000b000 08:07 923304                     /lib/x86_64-linux-gnu/libnss_nis-2.27.so
7f64ff7b1000-7f64ff7b2000 r--p 0000a000 08:07 923304                     /lib/x86_64-linux-gnu/libnss_nis-2.27.so
7f64ff7b2000-7f64ff7b3000 rw-p 0000b000 08:07 923304                     /lib/x86_64-linux-gnu/libnss_nis-2.27.so
7f64ff7b3000-7f64ff7bb000 r-xp 00000000 08:07 923289                     /lib/x86_64-linux-gnu/libnss_compat-2.27.so
7f64ff7bb000-7f64ff9bb000 ---p 00008000 08:07 923289                     /lib/x86_64-linux-gnu/libnss_compat-2.27.so
7f64ff9bb000-7f64ff9bc000 r--p 00008000 08:07 923289                     /lib/x86_64-linux-gnu/libnss_compat-2.27.so
7f64ff9bc000-7f64ff9bd000 rw-p 00009000 08:07 923289                     /lib/x86_64-linux-gnu/libnss_compat-2.27.so
7f64ff9bd000-7f64ff9e6000 r-xp 00000000 08:07 283448                     /usr/lib/jvm/java-11-oracle/lib/libjava.so
7f64ff9e6000-7f64ffbe6000 ---p 00029000 08:07 283448                     /usr/lib/jvm/java-11-oracle/lib/libjava.so
7f64ffbe6000-7f64ffbe7000 r--p 00029000 08:07 283448                     /usr/lib/jvm/java-11-oracle/lib/libjava.so
7f64ffbe7000-7f64ffbe9000 rw-p 0002a000 08:07 283448                     /usr/lib/jvm/java-11-oracle/lib/libjava.so
7f64ffbe9000-7f64ffbf6000 r-xp 00000000 08:07 283469                     /usr/lib/jvm/java-11-oracle/lib/libverify.so
7f64ffbf6000-7f64ffdf5000 ---p 0000d000 08:07 283469                     /usr/lib/jvm/java-11-oracle/lib/libverify.so
7f64ffdf5000-7f64ffdf7000 r--p 0000c000 08:07 283469                     /usr/lib/jvm/java-11-oracle/lib/libverify.so
7f64ffdf7000-7f64ffdf8000 rw-p 0000e000 08:07 283469                     /usr/lib/jvm/java-11-oracle/lib/libverify.so
7f64ffdf8000-7f64ffdff000 r-xp 00000000 08:07 923344                     /lib/x86_64-linux-gnu/librt-2.27.so
7f64ffdff000-7f64ffffe000 ---p 00007000 08:07 923344                     /lib/x86_64-linux-gnu/librt-2.27.so
7f64ffffe000-7f64fffff000 r--p 00006000 08:07 923344                     /lib/x86_64-linux-gnu/librt-2.27.so
7f64fffff000-7f6500000000 rw-p 00007000 08:07 923344                     /lib/x86_64-linux-gnu/librt-2.27.so
7f6500000000-7f6500463000 rw-p 00000000 00:00 0 
7f6500463000-7f6504000000 ---p 00000000 00:00 0 
7f6504000000-7f650405f000 rw-p 00000000 00:00 0 
7f650405f000-7f6504144000 ---p 00000000 00:00 0 
7f6504144000-7f65042e1000 r-xp 00000000 08:07 923266                     /lib/x86_64-linux-gnu/libm-2.27.so
7f65042e1000-7f65044e0000 ---p 0019d000 08:07 923266                     /lib/x86_64-linux-gnu/libm-2.27.so
7f65044e0000-7f65044e1000 r--p 0019c000 08:07 923266                     /lib/x86_64-linux-gnu/libm-2.27.so
7f65044e1000-7f65044e2000 rw-p 0019d000 08:07 923266                     /lib/x86_64-linux-gnu/libm-2.27.so
7f65044e2000-7f6505621000 r-xp 00000000 08:07 283482                     /usr/lib/jvm/java-11-oracle/lib/server/libjvm.so
7f6505621000-7f6505821000 ---p 0113f000 08:07 283482                     /usr/lib/jvm/java-11-oracle/lib/server/libjvm.so
7f6505821000-7f65058e0000 r--p 0113f000 08:07 283482                     /usr/lib/jvm/java-11-oracle/lib/server/libjvm.so
7f65058e0000-7f6505919000 rw-p 011fe000 08:07 283482                     /usr/lib/jvm/java-11-oracle/lib/server/libjvm.so
7f6505919000-7f650596f000 rw-p 00000000 00:00 0 
7f650596f000-7f6505b56000 r-xp 00000000 08:07 923203                     /lib/x86_64-linux-gnu/libc-2.27.so
7f6505b56000-7f6505d56000 ---p 001e7000 08:07 923203                     /lib/x86_64-linux-gnu/libc-2.27.so
7f6505d56000-7f6505d5a000 r--p 001e7000 08:07 923203                     /lib/x86_64-linux-gnu/libc-2.27.so
7f6505d5a000-7f6505d5c000 rw-p 001eb000 08:07 923203                     /lib/x86_64-linux-gnu/libc-2.27.so
7f6505d5c000-7f6505d60000 rw-p 00000000 00:00 0 
7f6505d60000-7f6505d63000 r-xp 00000000 08:07 923226                     /lib/x86_64-linux-gnu/libdl-2.27.so
7f6505d63000-7f6505f62000 ---p 00003000 08:07 923226                     /lib/x86_64-linux-gnu/libdl-2.27.so
7f6505f62000-7f6505f63000 r--p 00002000 08:07 923226                     /lib/x86_64-linux-gnu/libdl-2.27.so
7f6505f63000-7f6505f64000 rw-p 00003000 08:07 923226                     /lib/x86_64-linux-gnu/libdl-2.27.so
7f6505f64000-7f6505f74000 r-xp 00000000 08:07 283433                     /usr/lib/jvm/java-11-oracle/lib/jli/libjli.so
7f6505f74000-7f6506173000 ---p 00010000 08:07 283433                     /usr/lib/jvm/java-11-oracle/lib/jli/libjli.so
7f6506173000-7f6506174000 r--p 0000f000 08:07 283433                     /usr/lib/jvm/java-11-oracle/lib/jli/libjli.so
7f6506174000-7f6506175000 rw-p 00010000 08:07 283433                     /usr/lib/jvm/java-11-oracle/lib/jli/libjli.so
7f6506175000-7f650618f000 r-xp 00000000 08:07 923336                     /lib/x86_64-linux-gnu/libpthread-2.27.so
7f650618f000-7f650638e000 ---p 0001a000 08:07 923336                     /lib/x86_64-linux-gnu/libpthread-2.27.so
7f650638e000-7f650638f000 r--p 00019000 08:07 923336                     /lib/x86_64-linux-gnu/libpthread-2.27.so
7f650638f000-7f6506390000 rw-p 0001a000 08:07 923336                     /lib/x86_64-linux-gnu/libpthread-2.27.so
7f6506390000-7f6506394000 rw-p 00000000 00:00 0 
7f6506394000-7f65063b0000 r-xp 00000000 08:07 923375                     /lib/x86_64-linux-gnu/libz.so.1.2.11
7f65063b0000-7f65065af000 ---p 0001c000 08:07 923375                     /lib/x86_64-linux-gnu/libz.so.1.2.11
7f65065af000-7f65065b0000 r--p 0001b000 08:07 923375                     /lib/x86_64-linux-gnu/libz.so.1.2.11
7f65065b0000-7f65065b1000 rw-p 0001c000 08:07 923375                     /lib/x86_64-linux-gnu/libz.so.1.2.11
7f65065b1000-7f65065d8000 r-xp 00000000 08:07 923175                     /lib/x86_64-linux-gnu/ld-2.27.so
7f65065d8000-7f65065d9000 r--s 00000000 08:07 140911                     /var/cache/fontconfig/4d9c95eba1cb85bbcf2878543262124a-le64.cache-7
7f65065d9000-7f65065da000 r--s 00000000 08:07 140928                     /var/cache/fontconfig/85e0a52ce643a7ba2ae53e5d6949cead-le64.cache-7
7f65065da000-7f65065e8000 r--s 00000000 08:07 150041                     /var/cache/fontconfig/e13b20fdb08344e0e664864cc2ede53d-le64.cache-7
7f65065e8000-7f65065ee000 r--p 00000000 08:07 662421                     /home/ale/.config/dconf/user (deleted)
7f65065ee000-7f65065f5000 r--s 00000000 08:07 1317562                    /usr/lib/x86_64-linux-gnu/gconv/gconv-modules.cache
7f65065f5000-7f65066b7000 rw-p 00000000 00:00 0 
7f65066b7000-7f65066bb000 ---p 00000000 00:00 0 
7f65066bb000-7f65067bc000 rw-p 00000000 00:00 0 
7f65067bc000-7f65067bd000 r--s 00000000 08:07 140908                     /var/cache/fontconfig/49f0de54bdd920fe4f0dfd4cbac43e6b-le64.cache-7
7f65067bd000-7f65067be000 r--s 00000000 08:07 140955                     /var/cache/fontconfig/f6e6e0a5c3d2f6ae0c0c2e0ecd42a997-le64.cache-7
7f65067be000-7f65067bf000 r--s 00000000 08:07 140909                     /var/cache/fontconfig/4b2eda6bb976bda485cb2176619421d5-le64.cache-7
7f65067bf000-7f65067c1000 r--s 00000000 08:07 140923                     /var/cache/fontconfig/6afa1bb216ce958c1589e297e8008489-le64.cache-7
7f65067c1000-7f65067c2000 r--s 00000000 00:36 33                         /run/user/1000/dconf/user (deleted)
7f65067c2000-7f65067c7000 rw-p 00000000 00:00 0 
7f65067c7000-7f65067ce000 ---p 00000000 00:00 0 
7f65067ce000-7f65067d6000 rw-s 00000000 08:07 1048940                    /tmp/hsperfdata_ale/5526
7f65067d6000-7f65067d7000 ---p 00000000 00:00 0 
7f65067d7000-7f65067d8000 r--p 00000000 00:00 0 
7f65067d8000-7f65067d9000 r--p 00027000 08:07 923175                     /lib/x86_64-linux-gnu/ld-2.27.so
7f65067d9000-7f65067da000 rw-p 00028000 08:07 923175                     /lib/x86_64-linux-gnu/ld-2.27.so
7f65067da000-7f65067db000 rw-p 00000000 00:00 0 
7fff7eef2000-7fff7ef13000 rw-p 00000000 00:00 0                          [stack]
7fff7ef2b000-7fff7ef2e000 r--p 00000000 00:00 0                          [vvar]
7fff7ef2e000-7fff7ef30000 r-xp 00000000 00:00 0                          [vdso]
ffffffffff600000-ffffffffff601000 r-xp 00000000 00:00 0                  [vsyscall]


VM Arguments:
jvm_args: --module-path=/usr/lib/jvm/java-11-oracle/lib/jdk-8u212-linux-x64/javafx-sdk-12.0.1/lib --add-modules=javafx.controls,javafx.fxml -Dfile.encoding=UTF-8 
java_command: server.ServerGUI
java_class_path (initial): /home/ale/eclipse-workspace/PCAD.PROJECT.SERVER/bin:/home/ale/eclipse-workspace/PCAD.PROJECT.SHARED/bin:/usr/lib/jvm/java-11-oracle/lib/jdk-8u212-linux-x64/jdk1.8.0_212/jre/lib/ext/jfxrt.jar
Launcher Type: SUN_STANDARD

[Global flags]
     intx CICompilerCount                          = 4                                         {product} {ergonomic}
     uint ConcGCThreads                            = 2                                         {product} {ergonomic}
     uint G1ConcRefinementThreads                  = 8                                         {product} {ergonomic}
   size_t G1HeapRegionSize                         = 1048576                                   {product} {ergonomic}
    uintx GCDrainStackTargetSize                   = 64                                        {product} {ergonomic}
   size_t InitialHeapSize                          = 130023424                                 {product} {ergonomic}
   size_t MarkStackSize                            = 4194304                                   {product} {ergonomic}
   size_t MaxHeapSize                              = 2065694720                                {product} {ergonomic}
   size_t MaxNewSize                               = 1239416832                                {product} {ergonomic}
   size_t MinHeapDeltaBytes                        = 1048576                                   {product} {ergonomic}
    uintx NonNMethodCodeHeapSize                   = 5835340                                {pd product} {ergonomic}
    uintx NonProfiledCodeHeapSize                  = 122911450                              {pd product} {ergonomic}
    uintx ProfiledCodeHeapSize                     = 122911450                              {pd product} {ergonomic}
    uintx ReservedCodeCacheSize                    = 251658240                              {pd product} {ergonomic}
     bool SegmentedCodeCache                       = true                                      {product} {ergonomic}
     bool UseCompressedClassPointers               = true                                 {lp64_product} {ergonomic}
     bool UseCompressedOops                        = true                                 {lp64_product} {ergonomic}
     bool UseG1GC                                  = true                                      {product} {ergonomic}

Logging:
Log output configuration:
 #0: stdout all=warning uptime,level,tags
 #1: stderr all=off uptime,level,tags

Environment Variables:
JAVA_HOME=/usr/lib/jvm/java-11-oracle
PATH=/usr/local/sbin:/usr/local/bin:/usr/sbin:/usr/bin:/sbin:/bin:/usr/games:/usr/local/games:/snap/bin:/usr/lib/jvm/java-11-oracle/bin:/usr/lib/jvm/java-11-oracle/db/bin
USERNAME=ale
SHELL=/bin/bash
DISPLAY=:0

Signal Handlers:
SIGSEGV: [libjvm.so+0xe2adf0], sa_mask[0]=11111111011111111101111111111110, sa_flags=SA_RESTART|SA_SIGINFO
SIGBUS: [libjvm.so+0xe2adf0], sa_mask[0]=11111111011111111101111111111110, sa_flags=SA_RESTART|SA_SIGINFO
SIGFPE: [libjvm.so+0xe2adf0], sa_mask[0]=11111111011111111101111111111110, sa_flags=SA_RESTART|SA_SIGINFO
SIGPIPE: SIG_IGN, sa_mask[0]=00000000000010000000000000000000, sa_flags=SA_RESTART
SIGXFSZ: [libjvm.so+0xbff5b0], sa_mask[0]=11111111011111111101111111111110, sa_flags=SA_RESTART|SA_SIGINFO
SIGILL: [libjvm.so+0xe2adf0], sa_mask[0]=11111111011111111101111111111110, sa_flags=SA_RESTART|SA_SIGINFO
SIGUSR2: [libjvm.so+0xbff450], sa_mask[0]=00100000000000000000000000000000, sa_flags=SA_RESTART|SA_SIGINFO
SIGHUP: [libjvm.so+0xbff7b0], sa_mask[0]=11111111011111111101111111111110, sa_flags=SA_RESTART|SA_SIGINFO
SIGINT: [libjvm.so+0xbff7b0], sa_mask[0]=11111111011111111101111111111110, sa_flags=SA_RESTART|SA_SIGINFO
SIGTERM: [libjvm.so+0xbff7b0], sa_mask[0]=11111111011111111101111111111110, sa_flags=SA_RESTART|SA_SIGINFO
SIGQUIT: [libjvm.so+0xbff7b0], sa_mask[0]=11111111011111111101111111111110, sa_flags=SA_RESTART|SA_SIGINFO


---------------  S Y S T E M  ---------------

OS:DISTRIB_ID=Ubuntu
DISTRIB_RELEASE=18.04
DISTRIB_CODENAME=bionic
DISTRIB_DESCRIPTION="Ubuntu 18.04.1 LTS"
uname:Linux 4.15.0-54-generic #58-Ubuntu SMP Mon Jun 24 10:55:24 UTC 2019 x86_64
libc:glibc 2.27 NPTL 2.27 
rlimit: STACK 8192k, CORE 0k, NPROC 31090, NOFILE 4096, AS infinity, DATA infinity, FSIZE infinity
load average:0,90 0,94 0,89

/proc/meminfo:
MemTotal:        8062632 kB
MemFree:         4451148 kB
MemAvailable:    5362888 kB
Buffers:           98764 kB
Cached:          1322028 kB
SwapCached:            0 kB
Active:          2562096 kB
Inactive:         790416 kB
Active(anon):    1932728 kB
Inactive(anon):   319868 kB
Active(file):     629368 kB
Inactive(file):   470548 kB
Unevictable:          64 kB
Mlocked:              64 kB
SwapTotal:       1214980 kB
SwapFree:        1214980 kB
Dirty:              1724 kB
Writeback:             0 kB
AnonPages:       1823304 kB
Mapped:           165432 kB
Shmem:            321232 kB
Slab:             137400 kB
SReclaimable:      74056 kB
SUnreclaim:        63344 kB
KernelStack:        8528 kB
PageTables:        16536 kB
NFS_Unstable:          0 kB
Bounce:                0 kB
WritebackTmp:          0 kB
CommitLimit:     5246296 kB
Committed_AS:    3885520 kB
VmallocTotal:   34359738367 kB
VmallocUsed:           0 kB
VmallocChunk:          0 kB
HardwareCorrupted:     0 kB
AnonHugePages:         0 kB
ShmemHugePages:        0 kB
ShmemPmdMapped:        0 kB
CmaTotal:              0 kB
CmaFree:               0 kB
HugePages_Total:       0
HugePages_Free:        0
HugePages_Rsvd:        0
HugePages_Surp:        0
Hugepagesize:       2048 kB
DirectMap4k:      237708 kB
DirectMap2M:     8046592 kB
DirectMap1G:           0 kB


/proc/sys/kernel/threads-max (system-wide limit on the number of threads):
62181


/proc/sys/vm/max_map_count (maximum number of memory map areas a process may have):
65530


/proc/sys/kernel/pid_max (system-wide limit on number of process identifiers):
32768



container (cgroup) information:
container_type: cgroupv1
cpu_cpuset_cpus: 0-7
cpu_memory_nodes: 0
active_processor_count: 8
cpu_quota: -1
cpu_period: 100000
cpu_shares: -1
memory_limit_in_bytes: -1
memory_and_swap_limit_in_bytes: -2
memory_soft_limit_in_bytes: -1
memory_usage_in_bytes: 3413704704
memory_max_usage_in_bytes: 0


CPU:total 8 (initial active 8) (4 cores per cpu, 2 threads per core) family 6 model 142 stepping 10, cmov, cx8, fxsr, mmx, sse, sse2, sse3, ssse3, sse4.1, sse4.2, popcnt, avx, avx2, aes, clmul, erms, 3dnowpref, lzcnt, ht, tsc, tscinvbit, bmi1, bmi2, adx, fma
CPU Model and flags from /proc/cpuinfo:
model name	: Intel(R) Core(TM) i5-8250U CPU @ 1.60GHz
flags		: fpu vme de pse tsc msr pae mce cx8 apic sep mtrr pge mca cmov pat pse36 clflush dts acpi mmx fxsr sse sse2 ss ht tm pbe syscall nx pdpe1gb rdtscp lm constant_tsc art arch_perfmon pebs bts rep_good nopl xtopology nonstop_tsc cpuid aperfmperf tsc_known_freq pni pclmulqdq dtes64 monitor ds_cpl vmx est tm2 ssse3 sdbg fma cx16 xtpr pdcm pcid sse4_1 sse4_2 x2apic movbe popcnt tsc_deadline_timer aes xsave avx f16c rdrand lahf_lm abm 3dnowprefetch cpuid_fault epb invpcid_single pti ssbd ibrs ibpb stibp tpr_shadow vnmi flexpriority ept vpid fsgsbase tsc_adjust bmi1 avx2 smep bmi2 erms invpcid mpx rdseed adx smap clflushopt intel_pt xsaveopt xsavec xgetbv1 xsaves dtherm ida arat pln pts hwp hwp_notify hwp_act_window hwp_epp md_clear flush_l1d

Memory: 4k page, physical 8062632k(4480968k free), swap 1214980k(1214980k free)

vm_info: Java HotSpot(TM) 64-Bit Server VM (11.0.2+9-LTS) for linux-amd64 JRE (11.0.2+9-LTS), built on Jan 17 2019 21:22:50 by "mach5one" with gcc 7.3.0

END.
